2026-06-22 11:08:36,996 [INFO] Activator:176 - 


2026-06-22 11:08:37,011 [INFO] Activator:177 - !SESSION log4j initialized
2026-06-22 11:08:53,330 [INFO] LogOutputStream:77 - [STDOUT_REDIRECT] 
2026-06-22 11:08:55,695 [ERROR] ConfigurationRetriever:142 - IOException on connection: sw-center.st.com
2026-06-22 11:08:55,703 [ERROR] ConfigurationRetriever:142 - IOException on connection: sw-center.st.com
2026-06-22 11:08:55,704 [ERROR] ConfigurationRetriever:142 - IOException on connection: sw-center.st.com
2026-06-22 11:08:57,914 [INFO] ApplicationProperties:184 - Using Application install path: /home/ilyes/Downloads/makeself_dir_o70WRx/y/plugins/com.st.stm32cube.common.mx_6.15.0.202507011659
2026-06-22 11:08:57,987 [INFO] DbMcusXml:78 - Set database path to: /home/ilyes/Downloads/makeself_dir_o70WRx/y/plugins/com.st.stm32cube.common.mx_6.15.0.202507011659//db//mcu/
2026-06-22 11:08:57,989 [INFO] ApiDb:274 - Set plugin database path to: /home/ilyes/Downloads/makeself_dir_o70WRx/y/plugins/com.st.stm32cube.common.mx_6.15.0.202507011659//db//plugins/boardmanager/
2026-06-22 11:08:57,993 [WARN] ApiDb:259 - Overriding images path with different value:  => /home/ilyes/Downloads/makeself_dir_o70WRx/y/plugins/com.st.stm32cube.common.mx_6.15.0.202507011659//db//plugins/mcufinder/images/
2026-06-22 11:08:58,028 [INFO] ApiDb:250 - Set database path to: /home/ilyes/.stmcufinder/plugins/mcufinder//mcu/
2026-06-22 11:08:58,033 [INFO] DbMcusAds:125 - Set database path to: /home/ilyes/.stmcufinder/plugins/mcufinder//mcu/
2026-06-22 11:08:58,047 [INFO] CrossReferenceDbSqlite:203 - Set database path to: /home/ilyes/.stmcufinder/plugins/mcufinder//mcu/cs/
2026-06-22 11:08:58,593 [INFO] RulesReader:64 - Compatibility file has been processed (317 Rules)
2026-06-22 11:08:58,911 [INFO] DbMcusXml:78 - Set database path to: /home/ilyes/Downloads/makeself_dir_o70WRx/y/plugins/com.st.stm32cube.common.mx_6.15.0.202507011659//db//mcu/
2026-06-22 11:08:58,912 [INFO] ApiDb:274 - Set plugin database path to: /home/ilyes/Downloads/makeself_dir_o70WRx/y/plugins/com.st.stm32cube.common.mx_6.15.0.202507011659//db//plugins/boardmanager/
2026-06-22 11:08:58,912 [INFO] ApiDb:261 - Set plugin images path to: /home/ilyes/Downloads/makeself_dir_o70WRx/y/plugins/com.st.stm32cube.common.mx_6.15.0.202507011659//db//plugins/mcufinder/images/
2026-06-22 11:08:58,913 [WARN] DbFile:41 - Overriding database path with different value: /home/ilyes/.stmcufinder/plugins/mcufinder/ => /home/ilyes/.stmcufinder/plugins/mcufinder
2026-06-22 11:08:58,914 [INFO] ApiDb:250 - Set database path to: /home/ilyes/.stmcufinder/plugins/mcufinder//mcu/
2026-06-22 11:08:58,914 [WARN] DbFile:41 - Overriding database path with different value: /home/ilyes/.stmcufinder/plugins/mcufinder/ => /home/ilyes/.stmcufinder/plugins/mcufinder
2026-06-22 11:08:58,915 [INFO] DbMcusAds:125 - Set database path to: /home/ilyes/.stmcufinder/plugins/mcufinder//mcu/
2026-06-22 11:08:58,915 [WARN] DbFile:41 - Overriding database path with different value: /home/ilyes/.stmcufinder/plugins/mcufinder/ => /home/ilyes/.stmcufinder/plugins/mcufinder
2026-06-22 11:08:58,916 [WARN] DbFile:41 - Overriding database path with different value: /home/ilyes/.stmcufinder/plugins/mcufinder/ => /home/ilyes/.stmcufinder/plugins/mcufinder
2026-06-22 11:08:58,917 [INFO] CrossReferenceDbSqlite:203 - Set database path to: /home/ilyes/.stmcufinder/plugins/mcufinder//mcu/cs/
2026-06-22 11:08:59,215 [INFO] MainPanel:274 - HeapMemory: 268435456
2026-06-22 11:08:59,672 [INFO] DbMcusXml:78 - Set database path to: /home/ilyes/Downloads/makeself_dir_o70WRx/y/plugins/com.st.stm32cube.common.mx_6.15.0.202507011659//db//mcu/
2026-06-22 11:08:59,673 [INFO] ApiDb:274 - Set plugin database path to: /home/ilyes/Downloads/makeself_dir_o70WRx/y/plugins/com.st.stm32cube.common.mx_6.15.0.202507011659//db//plugins/boardmanager/
2026-06-22 11:08:59,673 [INFO] ApiDb:261 - Set plugin images path to: /home/ilyes/Downloads/makeself_dir_o70WRx/y/plugins/com.st.stm32cube.common.mx_6.15.0.202507011659//db//plugins/mcufinder/images/
2026-06-22 11:08:59,674 [WARN] DbFile:41 - Overriding database path with different value: /home/ilyes/.stmcufinder/plugins/mcufinder/ => /home/ilyes/.stmcufinder/plugins/mcufinder
2026-06-22 11:08:59,675 [INFO] ApiDb:250 - Set database path to: /home/ilyes/.stmcufinder/plugins/mcufinder//mcu/
2026-06-22 11:08:59,675 [WARN] DbFile:41 - Overriding database path with different value: /home/ilyes/.stmcufinder/plugins/mcufinder/ => /home/ilyes/.stmcufinder/plugins/mcufinder
2026-06-22 11:08:59,676 [INFO] DbMcusAds:125 - Set database path to: /home/ilyes/.stmcufinder/plugins/mcufinder//mcu/
2026-06-22 11:08:59,676 [WARN] DbFile:41 - Overriding database path with different value: /home/ilyes/.stmcufinder/plugins/mcufinder/ => /home/ilyes/.stmcufinder/plugins/mcufinder
2026-06-22 11:08:59,676 [WARN] DbFile:41 - Overriding database path with different value: /home/ilyes/.stmcufinder/plugins/mcufinder/ => /home/ilyes/.stmcufinder/plugins/mcufinder
2026-06-22 11:08:59,677 [INFO] CrossReferenceDbSqlite:203 - Set database path to: /home/ilyes/.stmcufinder/plugins/mcufinder//mcu/cs/
2026-06-22 11:08:59,737 [INFO] ApplicationProperties:184 - Using Application install path: /home/ilyes/Downloads/makeself_dir_o70WRx/y/plugins/com.st.stm32cube.common.mx_6.15.0.202507011659
2026-06-22 11:08:59,742 [INFO] PluginManage:196 - Search for loadable plugins [exclusion list=, ]
2026-06-22 11:08:59,746 [INFO] PluginManage:310 - Check plugin analytics
2026-06-22 11:09:00,484 [INFO] AnalyticsPlugin:253 - Accepted Software Licenses: 
2026-06-22 11:09:00,485 [INFO] AnalyticsPlugin:255 - Accepted CMSIS Pack Licenses: 
2026-06-22 11:09:00,486 [INFO] AnalyticsPlugin:257 - Accepted Firmware Licenses: FW.F4.1.28.0
2026-06-22 11:09:00,497 [INFO] PluginManage:359 - Loaded plugin analytics (category:tool,tabindex:-1)
2026-06-22 11:09:00,498 [INFO] PluginManage:310 - Check plugin cadmodel
2026-06-22 11:09:00,509 [ERROR] ConfigurationRetriever:142 - IOException on connection: sw-center.st.com
2026-06-22 11:09:00,511 [ERROR] ConfigurationRetriever:142 - IOException on connection: sw-center.st.com
2026-06-22 11:09:00,512 [ERROR] ConfigurationRetriever:142 - IOException on connection: sw-center.st.com
2026-06-22 11:09:00,526 [INFO] CADModel:105 - Init CAD model plugin
2026-06-22 11:09:00,527 [INFO] PluginManage:359 - Loaded plugin cadmodel (category:power,tabindex:5)
2026-06-22 11:09:00,527 [INFO] PluginManage:310 - Check plugin clock
2026-06-22 11:09:00,559 [INFO] PluginManage:359 - Loaded plugin clock (category:base,tabindex:2)
2026-06-22 11:09:00,559 [INFO] PluginManage:310 - Check plugin ddr
2026-06-22 11:09:00,570 [INFO] PluginManage:359 - Loaded plugin ddr (category:tool,tabindex:6)
2026-06-22 11:09:00,571 [INFO] PluginManage:310 - Check plugin filemanager
2026-06-22 11:09:00,977 [INFO] PluginManage:359 - Loaded plugin filemanager (category:base,tabindex:10)
2026-06-22 11:09:00,978 [INFO] PluginManage:310 - Check plugin ipmanager
2026-06-22 11:09:00,993 [INFO] PluginManage:359 - Loaded plugin ipmanager (category:base,tabindex:5)
2026-06-22 11:09:00,993 [INFO] PluginManage:310 - Check plugin lpbam
2026-06-22 11:09:01,022 [INFO] PluginManage:359 - Loaded plugin lpbam (category:base,tabindex:0)
2026-06-22 11:09:01,022 [INFO] PluginManage:310 - Check plugin memorymap
2026-06-22 11:09:01,060 [INFO] PluginManage:359 - Loaded plugin memorymap (category:base,tabindex:4)
2026-06-22 11:09:01,061 [INFO] PluginManage:310 - Check plugin pinoutandconfiguration
2026-06-22 11:09:01,093 [INFO] PluginManage:359 - Loaded plugin pinoutandconfiguration (category:base,tabindex:1)
2026-06-22 11:09:01,093 [INFO] PluginManage:310 - Check plugin pinoutconfig
2026-06-22 11:09:01,413 [WARN] SupportedApi:132 - Cannot load RTOS API schema: s4s-elt-must-match.1: The content of 'definitions' must match (annotation?, (simpleType | complexType)?, (unique | key | keyref)*)). A problem was found starting at: attribute.
2026-06-22 11:09:02,030 [INFO] PluginManage:359 - Loaded plugin pinoutconfig (category:base,tabindex:0)
2026-06-22 11:09:02,031 [INFO] PluginManage:310 - Check plugin power
2026-06-22 11:09:02,067 [INFO] PluginManage:359 - Loaded plugin power (category:power,tabindex:4)
2026-06-22 11:09:02,069 [INFO] PluginManage:310 - Check plugin projectmanager
2026-06-22 11:09:02,118 [INFO] PluginManage:359 - Loaded plugin projectmanager (category:projectmanager,tabindex:4)
2026-06-22 11:09:02,119 [INFO] PluginManage:310 - Check plugin rif
2026-06-22 11:09:02,151 [INFO] PluginManage:359 - Loaded plugin rif (category:base,tabindex:3)
2026-06-22 11:09:02,152 [INFO] PluginManage:310 - Check plugin thirdparty
2026-06-22 11:09:04,363 [INFO] PluginManage:359 - Loaded plugin thirdparty (category:base,tabindex:-1)
2026-06-22 11:09:04,364 [INFO] PluginManage:310 - Check plugin tools
2026-06-22 11:09:04,372 [INFO] PluginManage:359 - Loaded plugin tools (category:base,tabindex:7)
2026-06-22 11:09:04,373 [INFO] PluginManage:310 - Check plugin tutovideos
2026-06-22 11:09:04,374 [WARN] IntegrityCheckThread:84 - waiting for thirdparty lock release [integrity check]
2026-06-22 11:09:04,382 [INFO] IntegrityCheckThread:86 - entering critical section [integrity check]
2026-06-22 11:09:04,383 [INFO] ThirdPartyUpdaterWithRetryManager:70 - Updater plugin not ready yet. [1/15]
2026-06-22 11:09:05,127 [INFO] PluginManage:359 - Loaded plugin tutovideos (category:base,tabindex:-1)
2026-06-22 11:09:05,127 [INFO] PluginManage:310 - Check plugin updater
2026-06-22 11:09:05,208 [INFO] PluginManage:359 - Loaded plugin updater (category:base,tabindex:12)
2026-06-22 11:09:05,209 [INFO] PluginManage:310 - Check plugin userauth
2026-06-22 11:09:05,228 [INFO] UserAuth:118 - Init User Auth plugin
2026-06-22 11:09:05,232 [INFO] PluginManage:359 - Loaded plugin userauth (category:base,tabindex:14)
2026-06-22 11:09:05,233 [INFO] PluginManage:283 - PluginManage : Loaded plugins [18]
2026-06-22 11:09:06,064 [INFO] PinOutPanel:1589 - setPackage(No Configuration,No Configuration)
2026-06-22 11:09:06,354 [INFO] CADModel:165 - CPN selected for project level
2026-06-22 11:09:06,355 [INFO] CADModel:114 - Register for checkConnection events
2026-06-22 11:09:06,394 [INFO] IPUIPlugin:80 - create IPUIPlugin
2026-06-22 11:09:06,395 [INFO] PluginManager:220 - loadIPPluginJar : add touchsensing
2026-06-22 11:09:06,401 [INFO] IPUIPlugin:80 - create IPUIPlugin
2026-06-22 11:09:06,403 [INFO] PluginManager:220 - loadIPPluginJar : add quadspi
2026-06-22 11:09:06,411 [INFO] IPUIPlugin:80 - create IPUIPlugin
2026-06-22 11:09:06,411 [INFO] PluginManager:220 - loadIPPluginJar : add i3c
2026-06-22 11:09:06,421 [INFO] IPUIPlugin:80 - create IPUIPlugin
2026-06-22 11:09:06,422 [INFO] PluginManager:220 - loadIPPluginJar : add usart
2026-06-22 11:09:06,437 [INFO] IPUIPlugin:80 - create IPUIPlugin
2026-06-22 11:09:06,438 [INFO] PluginManager:220 - loadIPPluginJar : add fmc
2026-06-22 11:09:06,446 [INFO] IPUIPlugin:80 - create IPUIPlugin
2026-06-22 11:09:06,447 [INFO] PluginManager:220 - loadIPPluginJar : add sai
2026-06-22 11:09:06,464 [INFO] IPUIPlugin:80 - create IPUIPlugin
2026-06-22 11:09:06,465 [INFO] PluginManager:220 - loadIPPluginJar : add linkedlist
2026-06-22 11:09:06,470 [INFO] IPUIPlugin:80 - create IPUIPlugin
2026-06-22 11:09:06,471 [INFO] PluginManager:220 - loadIPPluginJar : add comp
2026-06-22 11:09:06,477 [INFO] IPUIPlugin:80 - create IPUIPlugin
2026-06-22 11:09:06,477 [INFO] PluginManager:220 - loadIPPluginJar : add hash
2026-06-22 11:09:06,491 [INFO] IPUIPlugin:80 - create IPUIPlugin
2026-06-22 11:09:06,492 [INFO] PluginManager:220 - loadIPPluginJar : add can
2026-06-22 11:09:06,497 [INFO] IPUIPlugin:80 - create IPUIPlugin
2026-06-22 11:09:06,497 [INFO] PluginManager:220 - loadIPPluginJar : add ltdc
2026-06-22 11:09:06,505 [INFO] IPUIPlugin:80 - create IPUIPlugin
2026-06-22 11:09:06,506 [INFO] PluginManager:220 - loadIPPluginJar : add dma3
2026-06-22 11:09:06,514 [INFO] IPUIPlugin:80 - create IPUIPlugin
2026-06-22 11:09:06,514 [INFO] PluginManager:220 - loadIPPluginJar : add i2c
2026-06-22 11:09:06,521 [INFO] IPUIPlugin:80 - create IPUIPlugin
2026-06-22 11:09:06,522 [INFO] PluginManager:220 - loadIPPluginJar : add tsc
2026-06-22 11:09:06,537 [INFO] IPUIPlugin:80 - create IPUIPlugin
2026-06-22 11:09:06,538 [INFO] PluginManager:220 - loadIPPluginJar : add freertos
2026-06-22 11:09:06,551 [INFO] IPUIPlugin:80 - create IPUIPlugin
2026-06-22 11:09:06,552 [INFO] PluginManager:220 - loadIPPluginJar : add nvic
2026-06-22 11:09:06,561 [INFO] IPUIPlugin:80 - create IPUIPlugin
2026-06-22 11:09:06,562 [INFO] PluginManager:220 - loadIPPluginJar : add aes
2026-06-22 11:09:06,567 [INFO] IPUIPlugin:80 - create IPUIPlugin
2026-06-22 11:09:06,568 [INFO] PluginManager:220 - loadIPPluginJar : add genericplugin
2026-06-22 11:09:06,579 [INFO] IPUIPlugin:80 - create IPUIPlugin
2026-06-22 11:09:06,579 [INFO] PluginManager:220 - loadIPPluginJar : add i2s
2026-06-22 11:09:06,591 [INFO] IPUIPlugin:80 - create IPUIPlugin
2026-06-22 11:09:06,591 [INFO] PluginManager:220 - loadIPPluginJar : add extmemmanager
2026-06-22 11:09:06,603 [INFO] IPUIPlugin:80 - create IPUIPlugin
2026-06-22 11:09:06,603 [INFO] PluginManager:220 - loadIPPluginJar : add gtzc
2026-06-22 11:09:06,617 [INFO] IPUIPlugin:80 - create IPUIPlugin
2026-06-22 11:09:06,618 [INFO] PluginManager:220 - loadIPPluginJar : add usbx
2026-06-22 11:09:06,629 [INFO] IPUIPlugin:80 - create IPUIPlugin
2026-06-22 11:09:06,635 [INFO] PluginManager:220 - loadIPPluginJar : add ipddr
2026-06-22 11:09:06,646 [INFO] IPUIPlugin:80 - create IPUIPlugin
2026-06-22 11:09:06,648 [INFO] PluginManager:220 - loadIPPluginJar : add gpio
2026-06-22 11:09:06,658 [INFO] IPUIPlugin:80 - create IPUIPlugin
2026-06-22 11:09:06,658 [INFO] PluginManager:220 - loadIPPluginJar : add lorawan
2026-06-22 11:09:06,673 [INFO] IPUIPlugin:80 - create IPUIPlugin
2026-06-22 11:09:06,674 [INFO] PluginManager:220 - loadIPPluginJar : add adc
2026-06-22 11:09:06,678 [INFO] IPUIPlugin:80 - create IPUIPlugin
2026-06-22 11:09:06,683 [INFO] PluginManager:220 - loadIPPluginJar : add radio
2026-06-22 11:09:06,692 [INFO] IPUIPlugin:80 - create IPUIPlugin
2026-06-22 11:09:06,693 [INFO] PluginManager:220 - loadIPPluginJar : add resmgrutility
2026-06-22 11:09:06,709 [INFO] IPUIPlugin:80 - create IPUIPlugin
2026-06-22 11:09:06,716 [INFO] PluginManager:220 - loadIPPluginJar : add plateformsettings
2026-06-22 11:09:06,721 [INFO] IPUIPlugin:80 - create IPUIPlugin
2026-06-22 11:09:06,721 [INFO] PluginManager:220 - loadIPPluginJar : add tim
2026-06-22 11:09:06,731 [INFO] IPUIPlugin:80 - create IPUIPlugin
2026-06-22 11:09:06,731 [INFO] PluginManager:220 - loadIPPluginJar : add ddr_ctrl_phy
2026-06-22 11:09:06,738 [INFO] IPUIPlugin:80 - create IPUIPlugin
2026-06-22 11:09:06,739 [INFO] PluginManager:220 - loadIPPluginJar : add dfsdm
2026-06-22 11:09:06,747 [INFO] IPUIPlugin:80 - create IPUIPlugin
2026-06-22 11:09:06,748 [INFO] PluginManager:220 - loadIPPluginJar : add ts
2026-06-22 11:09:06,757 [INFO] IPUIPlugin:80 - create IPUIPlugin
2026-06-22 11:09:06,758 [INFO] PluginManager:220 - loadIPPluginJar : add opamp
2026-06-22 11:09:06,766 [INFO] IPUIPlugin:80 - create IPUIPlugin
2026-06-22 11:09:06,768 [INFO] PluginManager:220 - loadIPPluginJar : add pdm2pcm
2026-06-22 11:09:06,775 [INFO] IPUIPlugin:80 - create IPUIPlugin
2026-06-22 11:09:06,776 [INFO] PluginManager:220 - loadIPPluginJar : add ucpd
2026-06-22 11:09:06,790 [INFO] IPUIPlugin:80 - create IPUIPlugin
2026-06-22 11:09:06,791 [INFO] PluginManager:220 - loadIPPluginJar : add dma
2026-06-22 11:09:06,807 [INFO] IPUIPlugin:80 - create IPUIPlugin
2026-06-22 11:09:06,808 [INFO] PluginManager:220 - loadIPPluginJar : add stm32_wpan
2026-06-22 11:09:06,822 [INFO] IPUIPlugin:80 - create IPUIPlugin
2026-06-22 11:09:06,823 [INFO] PluginManager:220 - loadIPPluginJar : add gic
2026-06-22 11:09:06,829 [INFO] IPUIPlugin:80 - create IPUIPlugin
2026-06-22 11:09:06,829 [INFO] PluginManager:220 - loadIPPluginJar : add gfxmmu
2026-06-22 11:09:06,835 [INFO] IPUIPlugin:80 - create IPUIPlugin
2026-06-22 11:09:06,835 [INFO] PluginManager:220 - loadIPPluginJar : add tracer_emb
2026-06-22 11:09:06,853 [INFO] IPUIPlugin:80 - create IPUIPlugin
2026-06-22 11:09:06,853 [INFO] PluginManager:220 - loadIPPluginJar : add mdma
2026-06-22 11:09:06,858 [INFO] IPUIPlugin:80 - create IPUIPlugin
2026-06-22 11:09:06,858 [INFO] PluginManager:220 - loadIPPluginJar : add fatfs
2026-06-22 11:09:06,867 [INFO] IPUIPlugin:80 - create IPUIPlugin
2026-06-22 11:09:06,868 [INFO] PluginManager:220 - loadIPPluginJar : add openamp
2026-06-22 11:09:06,874 [INFO] IPUIPlugin:80 - create IPUIPlugin
2026-06-22 11:09:06,875 [INFO] PluginManager:220 - loadIPPluginJar : add spi
2026-06-22 11:09:06,888 [INFO] IPUIPlugin:80 - create IPUIPlugin
2026-06-22 11:09:06,888 [INFO] PluginManager:220 - loadIPPluginJar : add cryp
2026-06-22 11:09:07,098 [FATAL] Updater:351 - Updater called before beeing initialized
2026-06-22 11:09:07,278 [INFO] RulesReader:64 - Compatibility file has been processed (317 Rules)
2026-06-22 11:09:07,359 [INFO] RulesReader:64 - Compatibility file has been processed (317 Rules)
2026-06-22 11:09:07,384 [INFO] ThirdPartyUpdaterWithRetryManager:70 - Updater plugin not ready yet. [2/15]
2026-06-22 11:09:07,397 [INFO] CADModel:165 - CPN selected for project level
2026-06-22 11:09:07,397 [INFO] CADModel:114 - Register for checkConnection events
2026-06-22 11:09:07,398 [FATAL] Updater:351 - Updater called before beeing initialized
2026-06-22 11:09:07,398 [ERROR] CADModel:125 - Updater not yet initialized, retry later 
2026-06-22 11:09:07,880 [FATAL] Updater:351 - Updater called before beeing initialized
2026-06-22 11:09:07,885 [INFO] CADModel:165 - CPN selected for project level
2026-06-22 11:09:07,886 [INFO] CADModel:114 - Register for checkConnection events
2026-06-22 11:09:07,886 [FATAL] Updater:351 - Updater called before beeing initialized
2026-06-22 11:09:07,889 [ERROR] CADModel:125 - Updater not yet initialized, retry later 
2026-06-22 11:09:07,899 [FATAL] Updater:351 - Updater called before beeing initialized
2026-06-22 11:09:08,276 [FATAL] Updater:351 - Updater called before beeing initialized
2026-06-22 11:09:08,292 [INFO] DbMcusAds:53 - JSON generation date=Thu May 28 17:08:17 CET 2026 (1779984497073)
2026-06-22 11:09:08,293 [FATAL] Updater:351 - Updater called before beeing initialized
2026-06-22 11:09:08,428 [WARN] DetailPanel:346 - Failed to get advertising image, set to default
2026-06-22 11:09:08,749 [FATAL] Updater:351 - Updater called before beeing initialized
2026-06-22 11:09:08,753 [FATAL] Updater:351 - Updater called before beeing initialized
2026-06-22 11:09:08,754 [FATAL] Updater:351 - Updater called before beeing initialized
2026-06-22 11:09:08,754 [WARN] DetailPanel:346 - Failed to get advertising image, set to default
2026-06-22 11:09:08,758 [FATAL] Updater:351 - Updater called before beeing initialized
2026-06-22 11:09:08,869 [ERROR] Updater:1198 - MainUpdater not yet initialized. External WinMGr cannot be set.
2026-06-22 11:09:08,873 [INFO] Updater:1134 - Updater Version found : 6.15.0
2026-06-22 11:09:08,915 [INFO] ApplicationProperties:184 - Using Application install path: /home/ilyes/Downloads/makeself_dir_o70WRx/y/plugins/com.st.stm32cube.common.mx_6.15.0.202507011659
2026-06-22 11:09:09,700 [INFO] MainUpdater:2872 - connection check result : 22
2026-06-22 11:09:09,702 [INFO] MainUpdater:289 - Updater Check For Update Now.
2026-06-22 11:09:09,703 [INFO] MicroXplorer:498 - Change Database Version : DB.6.0.150
2026-06-22 11:09:09,734 [INFO] McuFinderGlobals:63 - Set McuFinder mode to 2 (CubeIDE integrated)
2026-06-22 11:09:09,750 [INFO] UserAuth:487 - Internet connection configuration mode: 2
2026-06-22 11:09:09,784 [INFO] UserAuth:487 - Internet connection configuration mode: 2
2026-06-22 11:09:10,385 [WARN] MainUpdater:1193 - Updater busy. Cannot search thirdparties
2026-06-22 11:09:10,386 [INFO] ThirdPartyUpdaterWithRetryManager:96 - Updater plugin is busy. [1/15]
2026-06-22 11:09:10,478 [INFO] CheckServerUpdateThread:120 - End of CheckServer Thread
2026-06-22 11:09:14,263 [WARN] PackLoader:240 - Cannot read IP mode file for STMicroelectronics.X-CUBE-AZRTOS-H7.3.5.0
2026-06-22 11:09:14,318 [WARN] PackLoader:240 - Cannot read IP mode file for STMicroelectronics.FP-ATR-ASTRA1.2.0.2
2026-06-22 11:09:14,340 [ERROR] Engine:466 - /home/ilyes/.stm32cubemx/thirdparties/pdsc/STMicroelectronics.X-CUBE-SMBUS.2.1.1.pdsc: PDSC version is not supported
2026-06-22 11:09:14,426 [WARN] PackLoader:240 - Cannot read IP mode file for STMicroelectronics.X-CUBE-AZRTOS-F7.1.1.0
2026-06-22 11:09:14,454 [WARN] PackLoader:240 - Cannot read IP mode file for STMicroelectronics.FP-SNS-MOTENV1.5.1.0
2026-06-22 11:09:14,482 [WARN] PackLoader:240 - Cannot read IP mode file for WES.I-CUBE-Cesium.1.4.0
2026-06-22 11:09:14,511 [WARN] PackLoader:240 - Cannot read IP mode file for STMicroelectronics.X-CUBE-DISPLAY.3.0.0
2026-06-22 11:09:14,568 [WARN] PackLoader:240 - Cannot read IP mode file for STMicroelectronics.X-CUBE-GNSS1.7.1.1
2026-06-22 11:09:14,584 [WARN] PackLoader:240 - Cannot read IP mode file for STMicroelectronics.FP-SNS-MOTENVWB1.1.5.0
2026-06-22 11:09:14,603 [WARN] PackLoader:240 - Cannot read IP mode file for wolfSSL.I-CUBE-wolfSSL.5.9.1
2026-06-22 11:09:14,630 [WARN] PackLoader:240 - Cannot read IP mode file for STMicroelectronics.X-CUBE-NFC10.1.0.0
2026-06-22 11:09:14,656 [WARN] PackLoader:240 - Cannot read IP mode file for STMicroelectronics.X-CUBE-ST60.1.1.0
2026-06-22 11:09:14,678 [WARN] PackLoader:240 - Cannot read IP mode file for emotas.I-CUBE-CANOPEN.1.3.0
2026-06-22 11:09:14,710 [WARN] PackLoader:240 - Cannot read IP mode file for STMicroelectronics.FP-SNS-STBOX1.2.1.0
2026-06-22 11:09:14,729 [WARN] PackLoader:240 - Cannot read IP mode file for STMicroelectronics.FP-SNS-SMARTAG2.1.2.0
2026-06-22 11:09:14,744 [WARN] PackLoader:240 - Cannot read IP mode file for STMicroelectronics.FP-SNS-FLIGHT1.5.1.0
2026-06-22 11:09:14,766 [INFO] LogOutputStream:77 - [STDOUT_REDIRECT] 1 : Invalid condition id : UX_CORESTACK_Condition cause : null
2026-06-22 11:09:14,767 [INFO] LogOutputStream:77 - [STDOUT_REDIRECT] 1 : Invalid condition id : UX_CORESTACK_Condition cause : null
2026-06-22 11:09:14,768 [INFO] LogOutputStream:77 - [STDOUT_REDIRECT] 1 : Invalid condition id : UX_CORESTACK_Condition cause : null
2026-06-22 11:09:14,769 [INFO] LogOutputStream:77 - [STDOUT_REDIRECT] 1 : Invalid condition id : UX_CORESTACK_Condition cause : null
2026-06-22 11:09:14,770 [INFO] LogOutputStream:77 - [STDOUT_REDIRECT] 1 : Invalid condition id : UX_CORESTACK_Condition cause : null
2026-06-22 11:09:14,778 [WARN] PackLoader:240 - Cannot read IP mode file for STMicroelectronics.X-CUBE-AZRTOS-WL.2.0.0
2026-06-22 11:09:14,869 [WARN] PackLoader:240 - Cannot read IP mode file for STMicroelectronics.X-CUBE-AZRTOS-H7RS.1.2.0
2026-06-22 11:09:14,906 [WARN] PackLoader:240 - Cannot read IP mode file for STMicroelectronics.X-CUBE-BLE2.3.3.0
2026-06-22 11:09:15,111 [WARN] PackLoader:240 - Cannot read IP mode file for Infineon.AIROC-Wi-Fi-Bluetooth-STM32.1.8.0
2026-06-22 11:09:15,154 [WARN] PackLoader:240 - Cannot read IP mode file for STMicroelectronics.X-CUBE-NFC9.1.0.0
2026-06-22 11:09:15,171 [WARN] PackLoader:240 - Cannot read IP mode file for STMicroelectronics.X-CUBE-BLE1.7.1.0
2026-06-22 11:09:15,179 [WARN] PackLoader:240 - Cannot read IP mode file for wolfSSL.I-CUBE-wolfMQTT.1.19.2
2026-06-22 11:09:15,196 [WARN] PackLoader:240 - Cannot read IP mode file for STMicroelectronics.X-CUBE-EEPRMA1.5.2.0
2026-06-22 11:09:15,215 [WARN] PackLoader:240 - Cannot read IP mode file for STMicroelectronics.FP-SNS-STAIOTCFT.1.1.0
2026-06-22 11:09:15,262 [WARN] PackLoader:240 - Cannot read IP mode file for STMicroelectronics.X-CUBE-AZRTOS-G0.1.1.0
2026-06-22 11:09:15,296 [WARN] PackLoader:240 - Cannot read IP mode file for STMicroelectronics.X-CUBE-NFC4.3.0.0
2026-06-22 11:09:15,324 [WARN] PackLoader:240 - Cannot read IP mode file for EmbeddedOffice.I-CUBE-FS-RTOS.1.0.1
2026-06-22 11:09:15,335 [WARN] PackLoader:240 - Cannot read IP mode file for wolfSSL.I-CUBE-wolfTPM.3.8.0
2026-06-22 11:09:15,346 [WARN] PackLoader:240 - Cannot read IP mode file for STMicroelectronics.X-CUBE-TCPP.4.2.0
2026-06-22 11:09:15,364 [WARN] PackLoader:240 - Cannot read IP mode file for RealThread.X-CUBE-RT-Thread_Nano.4.1.1
2026-06-22 11:09:15,374 [WARN] PackLoader:240 - Cannot read IP mode file for STMicroelectronics.FP-ATR-SIGFOX1.3.2.0
2026-06-22 11:09:15,387 [WARN] PackLoader:240 - Cannot read IP mode file for STMicroelectronics.X-CUBE-FREERTOS.1.5.0
2026-06-22 11:09:15,412 [WARN] PackLoader:240 - Cannot read IP mode file for ITTIA_DB.I-CUBE-ITTIADB.8.9.0
2026-06-22 11:09:15,425 [WARN] PackLoader:240 - Cannot read IP mode file for Cesanta.I-CUBE-Mongoose.7.21.7
2026-06-22 11:09:15,450 [WARN] PackLoader:240 - Cannot read IP mode file for STMicroelectronics.X-CUBE-NFC6.3.2.0
2026-06-22 11:09:15,473 [WARN] PackLoader:240 - Cannot read IP mode file for STMicroelectronics.X-CUBE-AI.10.2.0
2026-06-22 11:09:15,655 [WARN] PackLoader:240 - Cannot read IP mode file for STMicroelectronics.X-CUBE-MEMS1.12.1.0
2026-06-22 11:09:16,420 [WARN] PackLoader:240 - Cannot read IP mode file for SEGGER.I-CUBE-embOS.1.3.1
2026-06-22 11:09:16,657 [WARN] PackLoader:240 - Cannot read IP mode file for STMicroelectronics.X-CUBE-PM33A1.1.0.0
2026-06-22 11:09:16,794 [WARN] PackLoader:240 - Cannot read IP mode file for STMicroelectronics.X-CUBE-AZRTOS-F4.1.1.0
2026-06-22 11:09:16,812 [WARN] PackLoader:240 - Cannot read IP mode file for STMicroelectronics.X-CUBE-ISPU.2.1.0
2026-06-22 11:09:16,875 [WARN] PackLoader:240 - Cannot read IP mode file for STMicroelectronics.X-CUBE-IPS.3.2.0
2026-06-22 11:09:16,948 [WARN] PackLoader:240 - Cannot read IP mode file for STMicroelectronics.eDS-WB_DPC_TT-BIDIR.2.1.1
2026-06-22 11:09:16,970 [WARN] PackLoader:240 - Cannot read IP mode file for STMicroelectronics.X-CUBE-NFC12.1.0.0
2026-06-22 11:09:17,085 [WARN] PackLoader:240 - Cannot read IP mode file for STMicroelectronics.X-CUBE-AZRTOS-L5.2.0.0
2026-06-22 11:09:17,121 [WARN] PackLoader:240 - Cannot read IP mode file for STMicroelectronics.X-CUBE-ALGOBUILD.1.5.0
2026-06-22 11:09:17,129 [WARN] PackLoader:240 - Cannot read IP mode file for STMicroelectronics.eDS-WB_DPC_VIENNA.1.2.0
2026-06-22 11:09:17,136 [WARN] PackLoader:240 - Cannot read IP mode file for STMicroelectronics.eDS-WB_DPC_3PH2L-BIDIR.1.1.1
2026-06-22 11:09:17,144 [ERROR] Engine:466 - /home/ilyes/.stm32cubemx/thirdparties/pdsc/STMicroelectronics.X-CUBE-ST67W61.1.3.0.pdsc: PDSC version is not supported
2026-06-22 11:09:17,152 [WARN] PackLoader:240 - Cannot read IP mode file for STMicroelectronics.X-CUBE-TOUCHGFX.4.26.1
2026-06-22 11:09:17,162 [WARN] PackLoader:240 - Cannot read IP mode file for STMicroelectronics.X-CUBE-DPower.1.3.0
2026-06-22 11:09:17,201 [WARN] ConditionMgr:438 - getConditionDescription Invalid condition id : LAN8742 Phy interface Condition cause : null
2026-06-22 11:09:17,203 [WARN] PackLoader:240 - Cannot read IP mode file for STMicroelectronics.X-CUBE-AZRTOS-L4.2.0.0
2026-06-22 11:09:17,206 [WARN] ConditionMgr:1044 - genDependencies : Invalid condition id : LAN8742 Phy interface Condition cause : null
2026-06-22 11:09:17,207 [WARN] ConditionMgr:1044 - genDependencies : Invalid condition id : LAN8742 Phy interface Condition cause : null
2026-06-22 11:09:17,209 [WARN] ConditionMgr:1044 - genDependencies : Invalid condition id : LAN8742 Phy interface Condition cause : null
2026-06-22 11:09:17,227 [WARN] PackLoader:240 - Cannot read IP mode file for STMicroelectronics.X-CUBE-SFXS2LP1.4.0.0
2026-06-22 11:09:17,242 [WARN] PackLoader:240 - Cannot read IP mode file for STMicroelectronics.X-CUBE-WB05N.2.1.0
2026-06-22 11:09:17,343 [WARN] PackLoader:240 - Cannot read IP mode file for STMicroelectronics.X-CUBE-BLEMGR.4.1.0
2026-06-22 11:09:17,403 [WARN] ConditionMgr:438 - getConditionDescription Invalid condition id : UX DEVICE CLASS RTOS Condition cause : null
2026-06-22 11:09:17,403 [WARN] ConditionMgr:438 - getConditionDescription Invalid condition id : UX DEVICE CLASS RTOS Condition cause : null
2026-06-22 11:09:17,410 [WARN] PackLoader:240 - Cannot read IP mode file for STMicroelectronics.X-CUBE-AZRTOS-WB.2.0.0
2026-06-22 11:09:17,411 [WARN] ConditionMgr:1044 - genDependencies : Invalid condition id : UX DEVICE CLASS RTOS Condition cause : null
2026-06-22 11:09:17,412 [WARN] ConditionMgr:1044 - genDependencies : Invalid condition id : UX DEVICE CLASS RTOS Condition cause : null
2026-06-22 11:09:17,415 [WARN] ConditionMgr:1044 - genDependencies : Invalid condition id : UX DEVICE CLASS RTOS Condition cause : null
2026-06-22 11:09:17,416 [WARN] ConditionMgr:1044 - genDependencies : Invalid condition id : UX DEVICE CLASS RTOS Condition cause : null
2026-06-22 11:09:17,417 [WARN] ConditionMgr:1044 - genDependencies : Invalid condition id : UX DEVICE CLASS RTOS Condition cause : null
2026-06-22 11:09:17,425 [WARN] ConditionMgr:438 - getConditionDescription Invalid condition id : Cortex-A Device cause : null
2026-06-22 11:09:17,441 [WARN] ConditionMgr:1044 - genDependencies : Invalid condition id : Cortex-A Device cause : null
2026-06-22 11:09:17,442 [WARN] ConditionMgr:1044 - genDependencies : Invalid condition id : Cortex-A Device cause : null
2026-06-22 11:09:17,442 [WARN] ConditionMgr:1044 - genDependencies : Invalid condition id : Cortex-A Device cause : null
2026-06-22 11:09:17,457 [WARN] PackLoader:240 - Cannot read IP mode file for STMicroelectronics.X-CUBE-STSE01.2.0.0
2026-06-22 11:09:17,490 [WARN] PackLoader:240 - Cannot read IP mode file for STMicroelectronics.X-CUBE-SUBG2.5.0.0
2026-06-22 11:09:17,543 [WARN] PackLoader:240 - Cannot read IP mode file for STMicroelectronics.X-CUBE-AZRTOS-G4.2.0.0
2026-06-22 11:09:17,554 [WARN] PackLoader:240 - Cannot read IP mode file for wolfSSL.I-CUBE-wolfSSH.1.4.20
2026-06-22 11:09:17,563 [WARN] PackLoader:240 - Cannot read IP mode file for STMicroelectronics.X-CUBE-NFC7.2.0.0
2026-06-22 11:09:17,574 [WARN] PackLoader:240 - Cannot read IP mode file for STMicroelectronics.X-CUBE-ALS.1.0.2
2026-06-22 11:09:17,605 [WARN] PackLoader:240 - Cannot read IP mode file for STMicroelectronics.X-CUBE-TOF1.3.4.3
2026-06-22 11:09:17,652 [INFO] ThirdParty:978 - Integrity check success = true
2026-06-22 11:09:17,652 [INFO] IntegrityCheckThread:100 - exiting critical section [integrity check]
2026-06-22 11:09:17,652 [INFO] IntegrityCheckThread:103 - End integrity checks thread
