2026-06-14 13:27:36,719 [INFO] Activator:176 - 


2026-06-14 13:27:36,733 [INFO] Activator:177 - !SESSION log4j initialized
2026-06-14 13:27:55,180 [INFO] LogOutputStream:77 - [STDOUT_REDIRECT] 
2026-06-14 13:27:57,622 [INFO] ApplicationProperties:184 - Using Application install path: /home/ilyes/Downloads/makeself_dir_o70WRx/y/plugins/com.st.stm32cube.common.mx_6.15.0.202507011659
2026-06-14 13:27:57,708 [INFO] DbMcusXml:78 - Set database path to: /home/ilyes/Downloads/makeself_dir_o70WRx/y/plugins/com.st.stm32cube.common.mx_6.15.0.202507011659//db//mcu/
2026-06-14 13:27:57,709 [INFO] ApiDb:274 - Set plugin database path to: /home/ilyes/Downloads/makeself_dir_o70WRx/y/plugins/com.st.stm32cube.common.mx_6.15.0.202507011659//db//plugins/boardmanager/
2026-06-14 13:27:57,710 [WARN] ApiDb:259 - Overriding images path with different value:  => /home/ilyes/Downloads/makeself_dir_o70WRx/y/plugins/com.st.stm32cube.common.mx_6.15.0.202507011659//db//plugins/mcufinder/images/
2026-06-14 13:27:57,734 [INFO] ApiDb:250 - Set database path to: /home/ilyes/.stmcufinder/plugins/mcufinder//mcu/
2026-06-14 13:27:57,737 [INFO] DbMcusAds:125 - Set database path to: /home/ilyes/.stmcufinder/plugins/mcufinder//mcu/
2026-06-14 13:27:57,743 [INFO] CrossReferenceDbSqlite:203 - Set database path to: /home/ilyes/.stmcufinder/plugins/mcufinder//mcu/cs/
2026-06-14 13:27:58,411 [INFO] RulesReader:64 - Compatibility file has been processed (317 Rules)
2026-06-14 13:27:58,671 [INFO] DbMcusXml:78 - Set database path to: /home/ilyes/Downloads/makeself_dir_o70WRx/y/plugins/com.st.stm32cube.common.mx_6.15.0.202507011659//db//mcu/
2026-06-14 13:27:58,671 [INFO] ApiDb:274 - Set plugin database path to: /home/ilyes/Downloads/makeself_dir_o70WRx/y/plugins/com.st.stm32cube.common.mx_6.15.0.202507011659//db//plugins/boardmanager/
2026-06-14 13:27:58,672 [INFO] ApiDb:261 - Set plugin images path to: /home/ilyes/Downloads/makeself_dir_o70WRx/y/plugins/com.st.stm32cube.common.mx_6.15.0.202507011659//db//plugins/mcufinder/images/
2026-06-14 13:27:58,672 [WARN] DbFile:41 - Overriding database path with different value: /home/ilyes/.stmcufinder/plugins/mcufinder/ => /home/ilyes/.stmcufinder/plugins/mcufinder
2026-06-14 13:27:58,673 [INFO] ApiDb:250 - Set database path to: /home/ilyes/.stmcufinder/plugins/mcufinder//mcu/
2026-06-14 13:27:58,673 [WARN] DbFile:41 - Overriding database path with different value: /home/ilyes/.stmcufinder/plugins/mcufinder/ => /home/ilyes/.stmcufinder/plugins/mcufinder
2026-06-14 13:27:58,674 [INFO] DbMcusAds:125 - Set database path to: /home/ilyes/.stmcufinder/plugins/mcufinder//mcu/
2026-06-14 13:27:58,674 [WARN] DbFile:41 - Overriding database path with different value: /home/ilyes/.stmcufinder/plugins/mcufinder/ => /home/ilyes/.stmcufinder/plugins/mcufinder
2026-06-14 13:27:58,675 [WARN] DbFile:41 - Overriding database path with different value: /home/ilyes/.stmcufinder/plugins/mcufinder/ => /home/ilyes/.stmcufinder/plugins/mcufinder
2026-06-14 13:27:58,675 [INFO] CrossReferenceDbSqlite:203 - Set database path to: /home/ilyes/.stmcufinder/plugins/mcufinder//mcu/cs/
2026-06-14 13:27:58,862 [INFO] MainPanel:274 - HeapMemory: 268435456
2026-06-14 13:27:59,217 [INFO] DbMcusXml:78 - Set database path to: /home/ilyes/Downloads/makeself_dir_o70WRx/y/plugins/com.st.stm32cube.common.mx_6.15.0.202507011659//db//mcu/
2026-06-14 13:27:59,217 [INFO] ApiDb:274 - Set plugin database path to: /home/ilyes/Downloads/makeself_dir_o70WRx/y/plugins/com.st.stm32cube.common.mx_6.15.0.202507011659//db//plugins/boardmanager/
2026-06-14 13:27:59,218 [INFO] ApiDb:261 - Set plugin images path to: /home/ilyes/Downloads/makeself_dir_o70WRx/y/plugins/com.st.stm32cube.common.mx_6.15.0.202507011659//db//plugins/mcufinder/images/
2026-06-14 13:27:59,219 [WARN] DbFile:41 - Overriding database path with different value: /home/ilyes/.stmcufinder/plugins/mcufinder/ => /home/ilyes/.stmcufinder/plugins/mcufinder
2026-06-14 13:27:59,220 [INFO] ApiDb:250 - Set database path to: /home/ilyes/.stmcufinder/plugins/mcufinder//mcu/
2026-06-14 13:27:59,220 [WARN] DbFile:41 - Overriding database path with different value: /home/ilyes/.stmcufinder/plugins/mcufinder/ => /home/ilyes/.stmcufinder/plugins/mcufinder
2026-06-14 13:27:59,221 [INFO] DbMcusAds:125 - Set database path to: /home/ilyes/.stmcufinder/plugins/mcufinder//mcu/
2026-06-14 13:27:59,221 [WARN] DbFile:41 - Overriding database path with different value: /home/ilyes/.stmcufinder/plugins/mcufinder/ => /home/ilyes/.stmcufinder/plugins/mcufinder
2026-06-14 13:27:59,221 [WARN] DbFile:41 - Overriding database path with different value: /home/ilyes/.stmcufinder/plugins/mcufinder/ => /home/ilyes/.stmcufinder/plugins/mcufinder
2026-06-14 13:27:59,223 [INFO] CrossReferenceDbSqlite:203 - Set database path to: /home/ilyes/.stmcufinder/plugins/mcufinder//mcu/cs/
2026-06-14 13:27:59,267 [INFO] ApplicationProperties:184 - Using Application install path: /home/ilyes/Downloads/makeself_dir_o70WRx/y/plugins/com.st.stm32cube.common.mx_6.15.0.202507011659
2026-06-14 13:27:59,271 [INFO] PluginManage:196 - Search for loadable plugins [exclusion list=, ]
2026-06-14 13:27:59,274 [INFO] PluginManage:310 - Check plugin analytics
2026-06-14 13:27:59,986 [INFO] AnalyticsPlugin:253 - Accepted Software Licenses: 
2026-06-14 13:27:59,987 [INFO] AnalyticsPlugin:255 - Accepted CMSIS Pack Licenses: 
2026-06-14 13:27:59,988 [INFO] AnalyticsPlugin:257 - Accepted Firmware Licenses: FW.F4.1.28.0
2026-06-14 13:28:00,010 [INFO] PluginManage:359 - Loaded plugin analytics (category:tool,tabindex:-1)
2026-06-14 13:28:00,012 [INFO] PluginManage:310 - Check plugin cadmodel
2026-06-14 13:28:00,021 [INFO] CADModel:105 - Init CAD model plugin
2026-06-14 13:28:00,024 [INFO] PluginManage:359 - Loaded plugin cadmodel (category:power,tabindex:5)
2026-06-14 13:28:00,025 [INFO] PluginManage:310 - Check plugin clock
2026-06-14 13:28:00,051 [INFO] PluginManage:359 - Loaded plugin clock (category:base,tabindex:2)
2026-06-14 13:28:00,051 [INFO] PluginManage:310 - Check plugin ddr
2026-06-14 13:28:00,056 [INFO] PluginManage:359 - Loaded plugin ddr (category:tool,tabindex:6)
2026-06-14 13:28:00,057 [INFO] PluginManage:310 - Check plugin filemanager
2026-06-14 13:28:00,499 [INFO] PluginManage:359 - Loaded plugin filemanager (category:base,tabindex:10)
2026-06-14 13:28:00,501 [INFO] PluginManage:310 - Check plugin ipmanager
2026-06-14 13:28:00,517 [INFO] PluginManage:359 - Loaded plugin ipmanager (category:base,tabindex:5)
2026-06-14 13:28:00,519 [INFO] PluginManage:310 - Check plugin lpbam
2026-06-14 13:28:00,546 [INFO] PluginManage:359 - Loaded plugin lpbam (category:base,tabindex:0)
2026-06-14 13:28:00,548 [INFO] PluginManage:310 - Check plugin memorymap
2026-06-14 13:28:00,584 [INFO] PluginManage:359 - Loaded plugin memorymap (category:base,tabindex:4)
2026-06-14 13:28:00,584 [INFO] PluginManage:310 - Check plugin pinoutandconfiguration
2026-06-14 13:28:00,610 [INFO] PluginManage:359 - Loaded plugin pinoutandconfiguration (category:base,tabindex:1)
2026-06-14 13:28:00,611 [INFO] PluginManage:310 - Check plugin pinoutconfig
2026-06-14 13:28:00,923 [WARN] SupportedApi:132 - Cannot load RTOS API schema: s4s-elt-must-match.1: The content of 'definitions' must match (annotation?, (simpleType | complexType)?, (unique | key | keyref)*)). A problem was found starting at: attribute.
2026-06-14 13:28:01,475 [INFO] PluginManage:359 - Loaded plugin pinoutconfig (category:base,tabindex:0)
2026-06-14 13:28:01,476 [INFO] PluginManage:310 - Check plugin power
2026-06-14 13:28:01,501 [INFO] PluginManage:359 - Loaded plugin power (category:power,tabindex:4)
2026-06-14 13:28:01,502 [INFO] PluginManage:310 - Check plugin projectmanager
2026-06-14 13:28:01,552 [INFO] PluginManage:359 - Loaded plugin projectmanager (category:projectmanager,tabindex:4)
2026-06-14 13:28:01,553 [INFO] PluginManage:310 - Check plugin rif
2026-06-14 13:28:01,572 [INFO] PluginManage:359 - Loaded plugin rif (category:base,tabindex:3)
2026-06-14 13:28:01,573 [INFO] PluginManage:310 - Check plugin thirdparty
2026-06-14 13:28:01,908 [INFO] PluginManage:359 - Loaded plugin thirdparty (category:base,tabindex:-1)
2026-06-14 13:28:01,908 [INFO] PluginManage:310 - Check plugin tools
2026-06-14 13:28:01,920 [INFO] PluginManage:359 - Loaded plugin tools (category:base,tabindex:7)
2026-06-14 13:28:01,920 [INFO] PluginManage:310 - Check plugin tutovideos
2026-06-14 13:28:01,916 [WARN] IntegrityCheckThread:84 - waiting for thirdparty lock release [integrity check]
2026-06-14 13:28:01,924 [INFO] IntegrityCheckThread:86 - entering critical section [integrity check]
2026-06-14 13:28:01,925 [INFO] ThirdPartyUpdaterWithRetryManager:70 - Updater plugin not ready yet. [1/15]
2026-06-14 13:28:03,106 [INFO] PluginManage:359 - Loaded plugin tutovideos (category:base,tabindex:-1)
2026-06-14 13:28:03,112 [INFO] PluginManage:310 - Check plugin updater
2026-06-14 13:28:03,167 [INFO] PluginManage:359 - Loaded plugin updater (category:base,tabindex:12)
2026-06-14 13:28:03,168 [INFO] PluginManage:310 - Check plugin userauth
2026-06-14 13:28:03,176 [INFO] UserAuth:118 - Init User Auth plugin
2026-06-14 13:28:03,179 [INFO] PluginManage:359 - Loaded plugin userauth (category:base,tabindex:14)
2026-06-14 13:28:03,181 [INFO] PluginManage:283 - PluginManage : Loaded plugins [18]
2026-06-14 13:28:04,215 [INFO] PinOutPanel:1589 - setPackage(No Configuration,No Configuration)
2026-06-14 13:28:04,476 [INFO] CADModel:165 - CPN selected for project level
2026-06-14 13:28:04,476 [INFO] CADModel:114 - Register for checkConnection events
2026-06-14 13:28:04,530 [INFO] IPUIPlugin:80 - create IPUIPlugin
2026-06-14 13:28:04,532 [INFO] PluginManager:220 - loadIPPluginJar : add touchsensing
2026-06-14 13:28:04,539 [INFO] IPUIPlugin:80 - create IPUIPlugin
2026-06-14 13:28:04,540 [INFO] PluginManager:220 - loadIPPluginJar : add quadspi
2026-06-14 13:28:04,548 [INFO] IPUIPlugin:80 - create IPUIPlugin
2026-06-14 13:28:04,552 [INFO] PluginManager:220 - loadIPPluginJar : add i3c
2026-06-14 13:28:04,564 [INFO] IPUIPlugin:80 - create IPUIPlugin
2026-06-14 13:28:04,564 [INFO] PluginManager:220 - loadIPPluginJar : add usart
2026-06-14 13:28:04,578 [INFO] IPUIPlugin:80 - create IPUIPlugin
2026-06-14 13:28:04,578 [INFO] PluginManager:220 - loadIPPluginJar : add fmc
2026-06-14 13:28:04,586 [INFO] IPUIPlugin:80 - create IPUIPlugin
2026-06-14 13:28:04,586 [INFO] PluginManager:220 - loadIPPluginJar : add sai
2026-06-14 13:28:04,602 [INFO] IPUIPlugin:80 - create IPUIPlugin
2026-06-14 13:28:04,602 [INFO] PluginManager:220 - loadIPPluginJar : add linkedlist
2026-06-14 13:28:04,605 [INFO] IPUIPlugin:80 - create IPUIPlugin
2026-06-14 13:28:04,606 [INFO] PluginManager:220 - loadIPPluginJar : add comp
2026-06-14 13:28:04,611 [INFO] IPUIPlugin:80 - create IPUIPlugin
2026-06-14 13:28:04,612 [INFO] PluginManager:220 - loadIPPluginJar : add hash
2026-06-14 13:28:04,618 [INFO] IPUIPlugin:80 - create IPUIPlugin
2026-06-14 13:28:04,618 [INFO] PluginManager:220 - loadIPPluginJar : add can
2026-06-14 13:28:04,621 [INFO] IPUIPlugin:80 - create IPUIPlugin
2026-06-14 13:28:04,622 [INFO] PluginManager:220 - loadIPPluginJar : add ltdc
2026-06-14 13:28:04,628 [INFO] IPUIPlugin:80 - create IPUIPlugin
2026-06-14 13:28:04,630 [INFO] PluginManager:220 - loadIPPluginJar : add dma3
2026-06-14 13:28:04,637 [INFO] IPUIPlugin:80 - create IPUIPlugin
2026-06-14 13:28:04,637 [INFO] PluginManager:220 - loadIPPluginJar : add i2c
2026-06-14 13:28:04,641 [INFO] IPUIPlugin:80 - create IPUIPlugin
2026-06-14 13:28:04,642 [INFO] PluginManager:220 - loadIPPluginJar : add tsc
2026-06-14 13:28:04,653 [INFO] IPUIPlugin:80 - create IPUIPlugin
2026-06-14 13:28:04,655 [INFO] PluginManager:220 - loadIPPluginJar : add freertos
2026-06-14 13:28:04,663 [INFO] IPUIPlugin:80 - create IPUIPlugin
2026-06-14 13:28:04,664 [INFO] PluginManager:220 - loadIPPluginJar : add nvic
2026-06-14 13:28:04,669 [INFO] IPUIPlugin:80 - create IPUIPlugin
2026-06-14 13:28:04,670 [INFO] PluginManager:220 - loadIPPluginJar : add aes
2026-06-14 13:28:04,674 [INFO] IPUIPlugin:80 - create IPUIPlugin
2026-06-14 13:28:04,674 [INFO] PluginManager:220 - loadIPPluginJar : add genericplugin
2026-06-14 13:28:04,680 [INFO] IPUIPlugin:80 - create IPUIPlugin
2026-06-14 13:28:04,681 [INFO] PluginManager:220 - loadIPPluginJar : add i2s
2026-06-14 13:28:04,688 [INFO] IPUIPlugin:80 - create IPUIPlugin
2026-06-14 13:28:04,688 [INFO] PluginManager:220 - loadIPPluginJar : add extmemmanager
2026-06-14 13:28:04,695 [INFO] IPUIPlugin:80 - create IPUIPlugin
2026-06-14 13:28:04,695 [INFO] PluginManager:220 - loadIPPluginJar : add gtzc
2026-06-14 13:28:04,703 [INFO] IPUIPlugin:80 - create IPUIPlugin
2026-06-14 13:28:04,703 [INFO] PluginManager:220 - loadIPPluginJar : add usbx
2026-06-14 13:28:04,711 [INFO] IPUIPlugin:80 - create IPUIPlugin
2026-06-14 13:28:04,711 [INFO] PluginManager:220 - loadIPPluginJar : add ipddr
2026-06-14 13:28:04,721 [INFO] IPUIPlugin:80 - create IPUIPlugin
2026-06-14 13:28:04,722 [INFO] PluginManager:220 - loadIPPluginJar : add gpio
2026-06-14 13:28:04,730 [INFO] IPUIPlugin:80 - create IPUIPlugin
2026-06-14 13:28:04,730 [INFO] PluginManager:220 - loadIPPluginJar : add lorawan
2026-06-14 13:28:04,744 [INFO] IPUIPlugin:80 - create IPUIPlugin
2026-06-14 13:28:04,744 [INFO] PluginManager:220 - loadIPPluginJar : add adc
2026-06-14 13:28:04,748 [INFO] IPUIPlugin:80 - create IPUIPlugin
2026-06-14 13:28:04,750 [INFO] PluginManager:220 - loadIPPluginJar : add radio
2026-06-14 13:28:04,758 [INFO] IPUIPlugin:80 - create IPUIPlugin
2026-06-14 13:28:04,758 [INFO] PluginManager:220 - loadIPPluginJar : add resmgrutility
2026-06-14 13:28:04,773 [INFO] IPUIPlugin:80 - create IPUIPlugin
2026-06-14 13:28:04,781 [INFO] PluginManager:220 - loadIPPluginJar : add plateformsettings
2026-06-14 13:28:04,786 [INFO] IPUIPlugin:80 - create IPUIPlugin
2026-06-14 13:28:04,786 [INFO] PluginManager:220 - loadIPPluginJar : add tim
2026-06-14 13:28:04,792 [INFO] IPUIPlugin:80 - create IPUIPlugin
2026-06-14 13:28:04,792 [INFO] PluginManager:220 - loadIPPluginJar : add ddr_ctrl_phy
2026-06-14 13:28:04,799 [INFO] IPUIPlugin:80 - create IPUIPlugin
2026-06-14 13:28:04,799 [INFO] PluginManager:220 - loadIPPluginJar : add dfsdm
2026-06-14 13:28:04,804 [INFO] IPUIPlugin:80 - create IPUIPlugin
2026-06-14 13:28:04,804 [INFO] PluginManager:220 - loadIPPluginJar : add ts
2026-06-14 13:28:04,811 [INFO] IPUIPlugin:80 - create IPUIPlugin
2026-06-14 13:28:04,812 [INFO] PluginManager:220 - loadIPPluginJar : add opamp
2026-06-14 13:28:04,819 [INFO] IPUIPlugin:80 - create IPUIPlugin
2026-06-14 13:28:04,820 [INFO] PluginManager:220 - loadIPPluginJar : add pdm2pcm
2026-06-14 13:28:04,824 [INFO] IPUIPlugin:80 - create IPUIPlugin
2026-06-14 13:28:04,825 [INFO] PluginManager:220 - loadIPPluginJar : add ucpd
2026-06-14 13:28:04,839 [INFO] IPUIPlugin:80 - create IPUIPlugin
2026-06-14 13:28:04,839 [INFO] PluginManager:220 - loadIPPluginJar : add dma
2026-06-14 13:28:04,853 [INFO] IPUIPlugin:80 - create IPUIPlugin
2026-06-14 13:28:04,854 [INFO] PluginManager:220 - loadIPPluginJar : add stm32_wpan
2026-06-14 13:28:04,866 [INFO] IPUIPlugin:80 - create IPUIPlugin
2026-06-14 13:28:04,866 [INFO] PluginManager:220 - loadIPPluginJar : add gic
2026-06-14 13:28:04,871 [INFO] IPUIPlugin:80 - create IPUIPlugin
2026-06-14 13:28:04,871 [INFO] PluginManager:220 - loadIPPluginJar : add gfxmmu
2026-06-14 13:28:04,876 [INFO] IPUIPlugin:80 - create IPUIPlugin
2026-06-14 13:28:04,877 [INFO] PluginManager:220 - loadIPPluginJar : add tracer_emb
2026-06-14 13:28:04,892 [INFO] IPUIPlugin:80 - create IPUIPlugin
2026-06-14 13:28:04,892 [INFO] PluginManager:220 - loadIPPluginJar : add mdma
2026-06-14 13:28:04,901 [INFO] IPUIPlugin:80 - create IPUIPlugin
2026-06-14 13:28:04,902 [INFO] PluginManager:220 - loadIPPluginJar : add fatfs
2026-06-14 13:28:04,910 [INFO] IPUIPlugin:80 - create IPUIPlugin
2026-06-14 13:28:04,911 [INFO] PluginManager:220 - loadIPPluginJar : add openamp
2026-06-14 13:28:04,917 [INFO] IPUIPlugin:80 - create IPUIPlugin
2026-06-14 13:28:04,919 [INFO] PluginManager:220 - loadIPPluginJar : add spi
2026-06-14 13:28:04,925 [INFO] IPUIPlugin:80 - create IPUIPlugin
2026-06-14 13:28:04,925 [INFO] PluginManager:220 - loadIPPluginJar : add cryp
2026-06-14 13:28:04,926 [INFO] ThirdPartyUpdaterWithRetryManager:70 - Updater plugin not ready yet. [2/15]
2026-06-14 13:28:05,099 [FATAL] Updater:351 - Updater called before beeing initialized
2026-06-14 13:28:05,254 [INFO] RulesReader:64 - Compatibility file has been processed (317 Rules)
2026-06-14 13:28:05,369 [INFO] RulesReader:64 - Compatibility file has been processed (317 Rules)
2026-06-14 13:28:05,437 [INFO] CADModel:165 - CPN selected for project level
2026-06-14 13:28:05,437 [INFO] CADModel:114 - Register for checkConnection events
2026-06-14 13:28:05,438 [FATAL] Updater:351 - Updater called before beeing initialized
2026-06-14 13:28:05,438 [ERROR] CADModel:125 - Updater not yet initialized, retry later 
2026-06-14 13:28:06,100 [FATAL] Updater:351 - Updater called before beeing initialized
2026-06-14 13:28:06,105 [INFO] CADModel:165 - CPN selected for project level
2026-06-14 13:28:06,105 [INFO] CADModel:114 - Register for checkConnection events
2026-06-14 13:28:06,106 [FATAL] Updater:351 - Updater called before beeing initialized
2026-06-14 13:28:06,106 [ERROR] CADModel:125 - Updater not yet initialized, retry later 
2026-06-14 13:28:06,134 [FATAL] Updater:351 - Updater called before beeing initialized
2026-06-14 13:28:06,623 [FATAL] Updater:351 - Updater called before beeing initialized
2026-06-14 13:28:06,643 [INFO] DbMcusAds:53 - JSON generation date=Thu May 28 17:08:17 CET 2026 (1779984497073)
2026-06-14 13:28:06,644 [FATAL] Updater:351 - Updater called before beeing initialized
2026-06-14 13:28:06,845 [WARN] DetailPanel:346 - Failed to get advertising image, set to default
2026-06-14 13:28:07,197 [FATAL] Updater:351 - Updater called before beeing initialized
2026-06-14 13:28:07,202 [FATAL] Updater:351 - Updater called before beeing initialized
2026-06-14 13:28:07,203 [FATAL] Updater:351 - Updater called before beeing initialized
2026-06-14 13:28:07,204 [WARN] DetailPanel:346 - Failed to get advertising image, set to default
2026-06-14 13:28:07,207 [FATAL] Updater:351 - Updater called before beeing initialized
2026-06-14 13:28:07,346 [ERROR] Updater:1198 - MainUpdater not yet initialized. External WinMGr cannot be set.
2026-06-14 13:28:07,350 [INFO] Updater:1134 - Updater Version found : 6.15.0
2026-06-14 13:28:07,454 [INFO] ApplicationProperties:184 - Using Application install path: /home/ilyes/Downloads/makeself_dir_o70WRx/y/plugins/com.st.stm32cube.common.mx_6.15.0.202507011659
2026-06-14 13:28:07,927 [INFO] ThirdPartyUpdaterWithRetryManager:70 - Updater plugin not ready yet. [3/15]
2026-06-14 13:28:08,463 [INFO] MainUpdater:2872 - connection check result : 10
2026-06-14 13:28:08,464 [INFO] MainUpdater:289 - Updater Check For Update Now.
2026-06-14 13:28:08,465 [INFO] MicroXplorer:498 - Change Database Version : DB.6.0.150
2026-06-14 13:28:08,484 [INFO] McuFinderGlobals:63 - Set McuFinder mode to 2 (CubeIDE integrated)
2026-06-14 13:28:08,493 [INFO] UserAuth:487 - Internet connection configuration mode: 1
2026-06-14 13:28:08,592 [INFO] JxBrowserEngine:152 - Initiate JxBrowser Engine with user profile folder
2026-06-14 13:28:09,136 [INFO] CheckServerUpdateThread:120 - End of CheckServer Thread
2026-06-14 13:28:13,347 [WARN] PackLoader:240 - Cannot read IP mode file for STMicroelectronics.X-CUBE-AZRTOS-H7.3.5.0
2026-06-14 13:28:13,509 [WARN] PackLoader:240 - Cannot read IP mode file for STMicroelectronics.FP-ATR-ASTRA1.2.0.2
2026-06-14 13:28:13,597 [ERROR] Engine:466 - /home/ilyes/.stm32cubemx/thirdparties/pdsc/STMicroelectronics.X-CUBE-SMBUS.2.1.1.pdsc: PDSC version is not supported
2026-06-14 13:28:13,773 [WARN] PackLoader:240 - Cannot read IP mode file for STMicroelectronics.X-CUBE-AZRTOS-F7.1.1.0
2026-06-14 13:28:13,825 [INFO] WebApp:169 - Instantiating new browser for Auth
2026-06-14 13:28:13,837 [WARN] PackLoader:240 - Cannot read IP mode file for STMicroelectronics.FP-SNS-MOTENV1.5.1.0
2026-06-14 13:28:13,932 [WARN] PackLoader:240 - Cannot read IP mode file for WES.I-CUBE-Cesium.1.4.0
2026-06-14 13:28:14,000 [WARN] PackLoader:240 - Cannot read IP mode file for STMicroelectronics.X-CUBE-DISPLAY.3.0.0
2026-06-14 13:28:14,293 [WARN] PackLoader:240 - Cannot read IP mode file for STMicroelectronics.X-CUBE-GNSS1.7.1.1
2026-06-14 13:28:14,350 [WARN] PackLoader:240 - Cannot read IP mode file for STMicroelectronics.FP-SNS-MOTENVWB1.1.5.0
2026-06-14 13:28:14,366 [WARN] PackLoader:240 - Cannot read IP mode file for wolfSSL.I-CUBE-wolfSSL.5.9.1
2026-06-14 13:28:14,398 [WARN] PackLoader:240 - Cannot read IP mode file for STMicroelectronics.X-CUBE-NFC10.1.0.0
2026-06-14 13:28:14,420 [WARN] PackLoader:240 - Cannot read IP mode file for STMicroelectronics.X-CUBE-ST60.1.1.0
2026-06-14 13:28:14,440 [WARN] PackLoader:240 - Cannot read IP mode file for emotas.I-CUBE-CANOPEN.1.3.0
2026-06-14 13:28:14,483 [WARN] PackLoader:240 - Cannot read IP mode file for STMicroelectronics.FP-SNS-STBOX1.2.1.0
2026-06-14 13:28:14,543 [WARN] PackLoader:240 - Cannot read IP mode file for STMicroelectronics.FP-SNS-SMARTAG2.1.2.0
2026-06-14 13:28:14,557 [WARN] PackLoader:240 - Cannot read IP mode file for STMicroelectronics.FP-SNS-FLIGHT1.5.1.0
2026-06-14 13:28:14,732 [INFO] LogOutputStream:77 - [STDOUT_REDIRECT] 1 : Invalid condition id : UX_CORESTACK_Condition cause : null
2026-06-14 13:28:14,733 [INFO] LogOutputStream:77 - [STDOUT_REDIRECT] 1 : Invalid condition id : UX_CORESTACK_Condition cause : null
2026-06-14 13:28:14,734 [INFO] LogOutputStream:77 - [STDOUT_REDIRECT] 1 : Invalid condition id : UX_CORESTACK_Condition cause : null
2026-06-14 13:28:14,735 [INFO] LogOutputStream:77 - [STDOUT_REDIRECT] 1 : Invalid condition id : UX_CORESTACK_Condition cause : null
2026-06-14 13:28:14,752 [INFO] LogOutputStream:77 - [STDOUT_REDIRECT] 1 : Invalid condition id : UX_CORESTACK_Condition cause : null
2026-06-14 13:28:14,792 [WARN] PackLoader:240 - Cannot read IP mode file for STMicroelectronics.X-CUBE-AZRTOS-WL.2.0.0
2026-06-14 13:28:15,010 [WARN] PackLoader:240 - Cannot read IP mode file for STMicroelectronics.X-CUBE-AZRTOS-H7RS.1.2.0
2026-06-14 13:28:15,058 [WARN] PackLoader:240 - Cannot read IP mode file for STMicroelectronics.X-CUBE-BLE2.3.3.0
2026-06-14 13:28:15,339 [WARN] PackLoader:240 - Cannot read IP mode file for Infineon.AIROC-Wi-Fi-Bluetooth-STM32.1.8.0
2026-06-14 13:28:15,418 [WARN] PackLoader:240 - Cannot read IP mode file for STMicroelectronics.X-CUBE-NFC9.1.0.0
2026-06-14 13:28:15,445 [WARN] PackLoader:240 - Cannot read IP mode file for STMicroelectronics.X-CUBE-BLE1.7.1.0
2026-06-14 13:28:15,462 [WARN] PackLoader:240 - Cannot read IP mode file for wolfSSL.I-CUBE-wolfMQTT.1.19.2
2026-06-14 13:28:15,501 [WARN] PackLoader:240 - Cannot read IP mode file for STMicroelectronics.X-CUBE-EEPRMA1.5.2.0
2026-06-14 13:28:15,568 [WARN] PackLoader:240 - Cannot read IP mode file for STMicroelectronics.FP-SNS-STAIOTCFT.1.1.0
2026-06-14 13:28:15,711 [WARN] PackLoader:240 - Cannot read IP mode file for STMicroelectronics.X-CUBE-AZRTOS-G0.1.1.0
2026-06-14 13:28:15,763 [WARN] PackLoader:240 - Cannot read IP mode file for STMicroelectronics.X-CUBE-NFC4.3.0.0
2026-06-14 13:28:15,808 [WARN] PackLoader:240 - Cannot read IP mode file for EmbeddedOffice.I-CUBE-FS-RTOS.1.0.1
2026-06-14 13:28:15,845 [WARN] PackLoader:240 - Cannot read IP mode file for wolfSSL.I-CUBE-wolfTPM.3.8.0
2026-06-14 13:28:15,874 [WARN] PackLoader:240 - Cannot read IP mode file for STMicroelectronics.X-CUBE-TCPP.4.2.0
2026-06-14 13:28:15,916 [WARN] PackLoader:240 - Cannot read IP mode file for RealThread.X-CUBE-RT-Thread_Nano.4.1.1
2026-06-14 13:28:15,941 [WARN] PackLoader:240 - Cannot read IP mode file for STMicroelectronics.FP-ATR-SIGFOX1.3.2.0
2026-06-14 13:28:15,973 [WARN] PackLoader:240 - Cannot read IP mode file for STMicroelectronics.X-CUBE-FREERTOS.1.5.0
2026-06-14 13:28:16,001 [WARN] PackLoader:240 - Cannot read IP mode file for ITTIA_DB.I-CUBE-ITTIADB.8.9.0
2026-06-14 13:28:16,030 [WARN] PackLoader:240 - Cannot read IP mode file for Cesanta.I-CUBE-Mongoose.7.21.7
2026-06-14 13:28:16,066 [WARN] PackLoader:240 - Cannot read IP mode file for STMicroelectronics.X-CUBE-NFC6.3.2.0
2026-06-14 13:28:16,123 [WARN] PackLoader:240 - Cannot read IP mode file for STMicroelectronics.X-CUBE-AI.10.2.0
2026-06-14 13:28:16,526 [WARN] PackLoader:240 - Cannot read IP mode file for STMicroelectronics.X-CUBE-MEMS1.12.1.0
2026-06-14 13:28:17,600 [WARN] PackLoader:240 - Cannot read IP mode file for SEGGER.I-CUBE-embOS.1.3.1
2026-06-14 13:28:17,877 [WARN] PackLoader:240 - Cannot read IP mode file for STMicroelectronics.X-CUBE-PM33A1.1.0.0
2026-06-14 13:28:17,980 [WARN] PackLoader:240 - Cannot read IP mode file for STMicroelectronics.X-CUBE-AZRTOS-F4.1.1.0
2026-06-14 13:28:18,018 [WARN] PackLoader:240 - Cannot read IP mode file for STMicroelectronics.X-CUBE-ISPU.2.1.0
2026-06-14 13:28:18,098 [WARN] PackLoader:240 - Cannot read IP mode file for STMicroelectronics.X-CUBE-IPS.3.2.0
2026-06-14 13:28:18,185 [WARN] PackLoader:240 - Cannot read IP mode file for STMicroelectronics.eDS-WB_DPC_TT-BIDIR.2.1.1
2026-06-14 13:28:18,214 [WARN] PackLoader:240 - Cannot read IP mode file for STMicroelectronics.X-CUBE-NFC12.1.0.0
2026-06-14 13:28:18,343 [WARN] PackLoader:240 - Cannot read IP mode file for STMicroelectronics.X-CUBE-AZRTOS-L5.2.0.0
2026-06-14 13:28:18,426 [WARN] PackLoader:240 - Cannot read IP mode file for STMicroelectronics.X-CUBE-ALGOBUILD.1.5.0
2026-06-14 13:28:18,525 [WARN] PackLoader:240 - Cannot read IP mode file for STMicroelectronics.eDS-WB_DPC_VIENNA.1.2.0
2026-06-14 13:28:18,544 [WARN] PackLoader:240 - Cannot read IP mode file for STMicroelectronics.eDS-WB_DPC_3PH2L-BIDIR.1.1.1
2026-06-14 13:28:18,557 [ERROR] Engine:466 - /home/ilyes/.stm32cubemx/thirdparties/pdsc/STMicroelectronics.X-CUBE-ST67W61.1.3.0.pdsc: PDSC version is not supported
2026-06-14 13:28:18,616 [WARN] PackLoader:240 - Cannot read IP mode file for STMicroelectronics.X-CUBE-TOUCHGFX.4.26.1
2026-06-14 13:28:18,703 [WARN] PackLoader:240 - Cannot read IP mode file for STMicroelectronics.X-CUBE-DPower.1.3.0
2026-06-14 13:28:19,056 [WARN] ConditionMgr:438 - getConditionDescription Invalid condition id : LAN8742 Phy interface Condition cause : null
2026-06-14 13:28:19,073 [WARN] PackLoader:240 - Cannot read IP mode file for STMicroelectronics.X-CUBE-AZRTOS-L4.2.0.0
2026-06-14 13:28:19,087 [WARN] ConditionMgr:1044 - genDependencies : Invalid condition id : LAN8742 Phy interface Condition cause : null
2026-06-14 13:28:19,128 [WARN] ConditionMgr:1044 - genDependencies : Invalid condition id : LAN8742 Phy interface Condition cause : null
2026-06-14 13:28:19,136 [WARN] ConditionMgr:1044 - genDependencies : Invalid condition id : LAN8742 Phy interface Condition cause : null
2026-06-14 13:28:19,284 [WARN] PackLoader:240 - Cannot read IP mode file for STMicroelectronics.X-CUBE-SFXS2LP1.4.0.0
2026-06-14 13:28:19,358 [WARN] PackLoader:240 - Cannot read IP mode file for STMicroelectronics.X-CUBE-WB05N.2.1.0
2026-06-14 13:28:19,431 [WARN] PackLoader:240 - Cannot read IP mode file for STMicroelectronics.X-CUBE-BLEMGR.4.1.0
2026-06-14 13:28:19,484 [WARN] ConditionMgr:438 - getConditionDescription Invalid condition id : UX DEVICE CLASS RTOS Condition cause : null
2026-06-14 13:28:19,485 [WARN] ConditionMgr:438 - getConditionDescription Invalid condition id : UX DEVICE CLASS RTOS Condition cause : null
2026-06-14 13:28:19,492 [WARN] PackLoader:240 - Cannot read IP mode file for STMicroelectronics.X-CUBE-AZRTOS-WB.2.0.0
2026-06-14 13:28:19,503 [WARN] ConditionMgr:1044 - genDependencies : Invalid condition id : UX DEVICE CLASS RTOS Condition cause : null
2026-06-14 13:28:19,503 [WARN] ConditionMgr:1044 - genDependencies : Invalid condition id : UX DEVICE CLASS RTOS Condition cause : null
2026-06-14 13:28:19,507 [WARN] ConditionMgr:1044 - genDependencies : Invalid condition id : UX DEVICE CLASS RTOS Condition cause : null
2026-06-14 13:28:19,509 [WARN] ConditionMgr:1044 - genDependencies : Invalid condition id : UX DEVICE CLASS RTOS Condition cause : null
2026-06-14 13:28:19,509 [WARN] ConditionMgr:1044 - genDependencies : Invalid condition id : UX DEVICE CLASS RTOS Condition cause : null
2026-06-14 13:28:19,523 [WARN] ConditionMgr:438 - getConditionDescription Invalid condition id : Cortex-A Device cause : null
2026-06-14 13:28:19,568 [WARN] ConditionMgr:1044 - genDependencies : Invalid condition id : Cortex-A Device cause : null
2026-06-14 13:28:19,568 [WARN] ConditionMgr:1044 - genDependencies : Invalid condition id : Cortex-A Device cause : null
2026-06-14 13:28:19,569 [WARN] ConditionMgr:1044 - genDependencies : Invalid condition id : Cortex-A Device cause : null
2026-06-14 13:28:19,620 [WARN] PackLoader:240 - Cannot read IP mode file for STMicroelectronics.X-CUBE-STSE01.2.0.0
2026-06-14 13:28:19,791 [WARN] PackLoader:240 - Cannot read IP mode file for STMicroelectronics.X-CUBE-SUBG2.5.0.0
2026-06-14 13:28:20,235 [WARN] PackLoader:240 - Cannot read IP mode file for STMicroelectronics.X-CUBE-AZRTOS-G4.2.0.0
2026-06-14 13:28:20,282 [WARN] PackLoader:240 - Cannot read IP mode file for wolfSSL.I-CUBE-wolfSSH.1.4.20
2026-06-14 13:28:20,297 [WARN] PackLoader:240 - Cannot read IP mode file for STMicroelectronics.X-CUBE-NFC7.2.0.0
2026-06-14 13:28:20,329 [WARN] PackLoader:240 - Cannot read IP mode file for STMicroelectronics.X-CUBE-ALS.1.0.2
2026-06-14 13:28:20,429 [INFO] WebApp:463 - Apply proxy settings
2026-06-14 13:28:20,430 [INFO] WebApp:548 - Chromium requires no authentication
2026-06-14 13:28:20,442 [WARN] PackLoader:240 - Cannot read IP mode file for STMicroelectronics.X-CUBE-TOF1.3.4.3
2026-06-14 13:28:20,480 [INFO] WebApp:491 - Direct internet connection detected
2026-06-14 13:28:20,591 [INFO] WebApp:900 - Register for checkConnection events
2026-06-14 13:28:20,592 [INFO] WebApp:463 - Apply proxy settings
2026-06-14 13:28:20,592 [INFO] WebApp:548 - Chromium requires no authentication
2026-06-14 13:28:20,596 [INFO] WebApp:491 - Direct internet connection detected
2026-06-14 13:28:20,601 [INFO] ThirdParty:978 - Integrity check success = true
2026-06-14 13:28:20,601 [INFO] IntegrityCheckThread:100 - exiting critical section [integrity check]
2026-06-14 13:28:20,601 [INFO] IntegrityCheckThread:103 - End integrity checks thread
2026-06-14 13:28:21,517 [INFO] WebApp:191 - Connection restablished
2026-06-14 13:28:21,993 [INFO] WebApp:225 - Starting web application
2026-06-14 13:28:21,994 [INFO] WebApp:593 - Web application path used /home/ilyes/Downloads/makeself_dir_o70WRx/y/plugins/com.st.stm32cube.common.mx_6.15.0.202507011659/db/plugins/mcufinder/reactClient1/index.html
2026-06-14 13:28:22,988 [INFO] UserAuth:487 - Internet connection configuration mode: 1
2026-06-14 13:46:54,580 [INFO] WebApp:194 - Connection lost
2026-06-14 13:46:56,836 [INFO] WebApp:191 - Connection restablished
2026-06-14 13:48:00,294 [INFO] WebApp:194 - Connection lost
2026-06-14 13:48:04,591 [INFO] WebApp:191 - Connection restablished
2026-06-14 13:49:38,045 [INFO] WebApp:194 - Connection lost
2026-06-14 13:50:01,208 [INFO] WebApp:191 - Connection restablished
2026-06-14 13:50:56,635 [INFO] WebApp:194 - Connection lost
2026-06-14 13:51:04,975 [INFO] WebApp:191 - Connection restablished
2026-06-14 14:07:59,656 [INFO] WebApp:194 - Connection lost
2026-06-14 14:08:35,189 [INFO] WebApp:191 - Connection restablished
2026-06-14 14:23:58,578 [INFO] WebApp:194 - Connection lost
2026-06-14 14:23:59,139 [INFO] WebApp:191 - Connection restablished
2026-06-14 14:37:28,014 [INFO] WebApp:194 - Connection lost
2026-06-14 14:37:30,114 [INFO] WebApp:191 - Connection restablished
2026-06-14 14:40:24,496 [INFO] WebApp:194 - Connection lost
2026-06-14 14:40:26,776 [INFO] WebApp:191 - Connection restablished
2026-06-14 14:48:55,390 [ERROR] LogOutputStream:75 - [STDERR_REDIRECT] 
