2026-06-21 14:33:13,885 [INFO] Activator:176 - 


2026-06-21 14:33:13,896 [INFO] Activator:177 - !SESSION log4j initialized
2026-06-21 14:33:33,478 [INFO] LogOutputStream:77 - [STDOUT_REDIRECT] 
2026-06-21 14:33:37,615 [INFO] ApplicationProperties:184 - Using Application install path: /home/ilyes/Downloads/makeself_dir_o70WRx/y/plugins/com.st.stm32cube.common.mx_6.15.0.202507011659
2026-06-21 14:33:37,719 [INFO] DbMcusXml:78 - Set database path to: /home/ilyes/Downloads/makeself_dir_o70WRx/y/plugins/com.st.stm32cube.common.mx_6.15.0.202507011659//db//mcu/
2026-06-21 14:33:37,720 [INFO] ApiDb:274 - Set plugin database path to: /home/ilyes/Downloads/makeself_dir_o70WRx/y/plugins/com.st.stm32cube.common.mx_6.15.0.202507011659//db//plugins/boardmanager/
2026-06-21 14:33:37,728 [WARN] ApiDb:259 - Overriding images path with different value:  => /home/ilyes/Downloads/makeself_dir_o70WRx/y/plugins/com.st.stm32cube.common.mx_6.15.0.202507011659//db//plugins/mcufinder/images/
2026-06-21 14:33:37,758 [INFO] ApiDb:250 - Set database path to: /home/ilyes/.stmcufinder/plugins/mcufinder//mcu/
2026-06-21 14:33:37,774 [INFO] DbMcusAds:125 - Set database path to: /home/ilyes/.stmcufinder/plugins/mcufinder//mcu/
2026-06-21 14:33:37,794 [INFO] CrossReferenceDbSqlite:203 - Set database path to: /home/ilyes/.stmcufinder/plugins/mcufinder//mcu/cs/
2026-06-21 14:33:38,689 [INFO] RulesReader:64 - Compatibility file has been processed (317 Rules)
2026-06-21 14:33:39,110 [INFO] DbMcusXml:78 - Set database path to: /home/ilyes/Downloads/makeself_dir_o70WRx/y/plugins/com.st.stm32cube.common.mx_6.15.0.202507011659//db//mcu/
2026-06-21 14:33:39,111 [INFO] ApiDb:274 - Set plugin database path to: /home/ilyes/Downloads/makeself_dir_o70WRx/y/plugins/com.st.stm32cube.common.mx_6.15.0.202507011659//db//plugins/boardmanager/
2026-06-21 14:33:39,111 [INFO] ApiDb:261 - Set plugin images path to: /home/ilyes/Downloads/makeself_dir_o70WRx/y/plugins/com.st.stm32cube.common.mx_6.15.0.202507011659//db//plugins/mcufinder/images/
2026-06-21 14:33:39,125 [WARN] DbFile:41 - Overriding database path with different value: /home/ilyes/.stmcufinder/plugins/mcufinder/ => /home/ilyes/.stmcufinder/plugins/mcufinder
2026-06-21 14:33:39,127 [INFO] ApiDb:250 - Set database path to: /home/ilyes/.stmcufinder/plugins/mcufinder//mcu/
2026-06-21 14:33:39,130 [WARN] DbFile:41 - Overriding database path with different value: /home/ilyes/.stmcufinder/plugins/mcufinder/ => /home/ilyes/.stmcufinder/plugins/mcufinder
2026-06-21 14:33:39,131 [INFO] DbMcusAds:125 - Set database path to: /home/ilyes/.stmcufinder/plugins/mcufinder//mcu/
2026-06-21 14:33:39,131 [WARN] DbFile:41 - Overriding database path with different value: /home/ilyes/.stmcufinder/plugins/mcufinder/ => /home/ilyes/.stmcufinder/plugins/mcufinder
2026-06-21 14:33:39,132 [WARN] DbFile:41 - Overriding database path with different value: /home/ilyes/.stmcufinder/plugins/mcufinder/ => /home/ilyes/.stmcufinder/plugins/mcufinder
2026-06-21 14:33:39,133 [INFO] CrossReferenceDbSqlite:203 - Set database path to: /home/ilyes/.stmcufinder/plugins/mcufinder//mcu/cs/
2026-06-21 14:33:39,535 [INFO] MainPanel:274 - HeapMemory: 268435456
2026-06-21 14:33:39,994 [INFO] DbMcusXml:78 - Set database path to: /home/ilyes/Downloads/makeself_dir_o70WRx/y/plugins/com.st.stm32cube.common.mx_6.15.0.202507011659//db//mcu/
2026-06-21 14:33:39,994 [INFO] ApiDb:274 - Set plugin database path to: /home/ilyes/Downloads/makeself_dir_o70WRx/y/plugins/com.st.stm32cube.common.mx_6.15.0.202507011659//db//plugins/boardmanager/
2026-06-21 14:33:39,995 [INFO] ApiDb:261 - Set plugin images path to: /home/ilyes/Downloads/makeself_dir_o70WRx/y/plugins/com.st.stm32cube.common.mx_6.15.0.202507011659//db//plugins/mcufinder/images/
2026-06-21 14:33:39,996 [WARN] DbFile:41 - Overriding database path with different value: /home/ilyes/.stmcufinder/plugins/mcufinder/ => /home/ilyes/.stmcufinder/plugins/mcufinder
2026-06-21 14:33:39,997 [INFO] ApiDb:250 - Set database path to: /home/ilyes/.stmcufinder/plugins/mcufinder//mcu/
2026-06-21 14:33:39,997 [WARN] DbFile:41 - Overriding database path with different value: /home/ilyes/.stmcufinder/plugins/mcufinder/ => /home/ilyes/.stmcufinder/plugins/mcufinder
2026-06-21 14:33:39,998 [INFO] DbMcusAds:125 - Set database path to: /home/ilyes/.stmcufinder/plugins/mcufinder//mcu/
2026-06-21 14:33:39,998 [WARN] DbFile:41 - Overriding database path with different value: /home/ilyes/.stmcufinder/plugins/mcufinder/ => /home/ilyes/.stmcufinder/plugins/mcufinder
2026-06-21 14:33:39,999 [WARN] DbFile:41 - Overriding database path with different value: /home/ilyes/.stmcufinder/plugins/mcufinder/ => /home/ilyes/.stmcufinder/plugins/mcufinder
2026-06-21 14:33:39,999 [INFO] CrossReferenceDbSqlite:203 - Set database path to: /home/ilyes/.stmcufinder/plugins/mcufinder//mcu/cs/
2026-06-21 14:33:40,042 [INFO] ApplicationProperties:184 - Using Application install path: /home/ilyes/Downloads/makeself_dir_o70WRx/y/plugins/com.st.stm32cube.common.mx_6.15.0.202507011659
2026-06-21 14:33:40,046 [INFO] PluginManage:196 - Search for loadable plugins [exclusion list=, ]
2026-06-21 14:33:40,053 [INFO] PluginManage:310 - Check plugin analytics
2026-06-21 14:33:40,717 [INFO] AnalyticsPlugin:253 - Accepted Software Licenses: 
2026-06-21 14:33:40,718 [INFO] AnalyticsPlugin:255 - Accepted CMSIS Pack Licenses: 
2026-06-21 14:33:40,719 [INFO] AnalyticsPlugin:257 - Accepted Firmware Licenses: FW.F4.1.28.0
2026-06-21 14:33:40,741 [INFO] PluginManage:359 - Loaded plugin analytics (category:tool,tabindex:-1)
2026-06-21 14:33:40,743 [INFO] PluginManage:310 - Check plugin cadmodel
2026-06-21 14:33:40,759 [INFO] CADModel:105 - Init CAD model plugin
2026-06-21 14:33:40,759 [INFO] PluginManage:359 - Loaded plugin cadmodel (category:power,tabindex:5)
2026-06-21 14:33:40,760 [INFO] PluginManage:310 - Check plugin clock
2026-06-21 14:33:40,792 [INFO] PluginManage:359 - Loaded plugin clock (category:base,tabindex:2)
2026-06-21 14:33:40,793 [INFO] PluginManage:310 - Check plugin ddr
2026-06-21 14:33:40,800 [INFO] PluginManage:359 - Loaded plugin ddr (category:tool,tabindex:6)
2026-06-21 14:33:40,803 [INFO] PluginManage:310 - Check plugin filemanager
2026-06-21 14:33:41,455 [INFO] PluginManage:359 - Loaded plugin filemanager (category:base,tabindex:10)
2026-06-21 14:33:41,456 [INFO] PluginManage:310 - Check plugin ipmanager
2026-06-21 14:33:41,474 [INFO] PluginManage:359 - Loaded plugin ipmanager (category:base,tabindex:5)
2026-06-21 14:33:41,475 [INFO] PluginManage:310 - Check plugin lpbam
2026-06-21 14:33:41,510 [INFO] PluginManage:359 - Loaded plugin lpbam (category:base,tabindex:0)
2026-06-21 14:33:41,512 [INFO] PluginManage:310 - Check plugin memorymap
2026-06-21 14:33:41,563 [INFO] PluginManage:359 - Loaded plugin memorymap (category:base,tabindex:4)
2026-06-21 14:33:41,564 [INFO] PluginManage:310 - Check plugin pinoutandconfiguration
2026-06-21 14:33:41,590 [INFO] PluginManage:359 - Loaded plugin pinoutandconfiguration (category:base,tabindex:1)
2026-06-21 14:33:41,590 [INFO] PluginManage:310 - Check plugin pinoutconfig
2026-06-21 14:33:41,985 [WARN] SupportedApi:132 - Cannot load RTOS API schema: s4s-elt-must-match.1: The content of 'definitions' must match (annotation?, (simpleType | complexType)?, (unique | key | keyref)*)). A problem was found starting at: attribute.
2026-06-21 14:33:42,516 [INFO] PluginManage:359 - Loaded plugin pinoutconfig (category:base,tabindex:0)
2026-06-21 14:33:42,517 [INFO] PluginManage:310 - Check plugin power
2026-06-21 14:33:42,576 [INFO] PluginManage:359 - Loaded plugin power (category:power,tabindex:4)
2026-06-21 14:33:42,576 [INFO] PluginManage:310 - Check plugin projectmanager
2026-06-21 14:33:42,680 [INFO] PluginManage:359 - Loaded plugin projectmanager (category:projectmanager,tabindex:4)
2026-06-21 14:33:42,681 [INFO] PluginManage:310 - Check plugin rif
2026-06-21 14:33:42,723 [INFO] PluginManage:359 - Loaded plugin rif (category:base,tabindex:3)
2026-06-21 14:33:42,723 [INFO] PluginManage:310 - Check plugin thirdparty
2026-06-21 14:33:43,202 [INFO] PluginManage:359 - Loaded plugin thirdparty (category:base,tabindex:-1)
2026-06-21 14:33:43,203 [INFO] PluginManage:310 - Check plugin tools
2026-06-21 14:33:43,215 [INFO] PluginManage:359 - Loaded plugin tools (category:base,tabindex:7)
2026-06-21 14:33:43,212 [WARN] IntegrityCheckThread:84 - waiting for thirdparty lock release [integrity check]
2026-06-21 14:33:43,215 [INFO] PluginManage:310 - Check plugin tutovideos
2026-06-21 14:33:43,216 [INFO] IntegrityCheckThread:86 - entering critical section [integrity check]
2026-06-21 14:33:43,217 [INFO] ThirdPartyUpdaterWithRetryManager:70 - Updater plugin not ready yet. [1/15]
2026-06-21 14:33:44,482 [INFO] PluginManage:359 - Loaded plugin tutovideos (category:base,tabindex:-1)
2026-06-21 14:33:44,482 [INFO] PluginManage:310 - Check plugin updater
2026-06-21 14:33:44,568 [INFO] PluginManage:359 - Loaded plugin updater (category:base,tabindex:12)
2026-06-21 14:33:44,569 [INFO] PluginManage:310 - Check plugin userauth
2026-06-21 14:33:44,588 [INFO] UserAuth:118 - Init User Auth plugin
2026-06-21 14:33:44,591 [INFO] PluginManage:359 - Loaded plugin userauth (category:base,tabindex:14)
2026-06-21 14:33:44,597 [INFO] PluginManage:283 - PluginManage : Loaded plugins [18]
2026-06-21 14:33:45,302 [INFO] PinOutPanel:1589 - setPackage(No Configuration,No Configuration)
2026-06-21 14:33:45,540 [INFO] CADModel:165 - CPN selected for project level
2026-06-21 14:33:45,540 [INFO] CADModel:114 - Register for checkConnection events
2026-06-21 14:33:45,580 [INFO] IPUIPlugin:80 - create IPUIPlugin
2026-06-21 14:33:45,581 [INFO] PluginManager:220 - loadIPPluginJar : add touchsensing
2026-06-21 14:33:45,589 [INFO] IPUIPlugin:80 - create IPUIPlugin
2026-06-21 14:33:45,590 [INFO] PluginManager:220 - loadIPPluginJar : add quadspi
2026-06-21 14:33:45,597 [INFO] IPUIPlugin:80 - create IPUIPlugin
2026-06-21 14:33:45,600 [INFO] PluginManager:220 - loadIPPluginJar : add i3c
2026-06-21 14:33:45,608 [INFO] IPUIPlugin:80 - create IPUIPlugin
2026-06-21 14:33:45,609 [INFO] PluginManager:220 - loadIPPluginJar : add usart
2026-06-21 14:33:45,621 [INFO] IPUIPlugin:80 - create IPUIPlugin
2026-06-21 14:33:45,621 [INFO] PluginManager:220 - loadIPPluginJar : add fmc
2026-06-21 14:33:45,628 [INFO] IPUIPlugin:80 - create IPUIPlugin
2026-06-21 14:33:45,628 [INFO] PluginManager:220 - loadIPPluginJar : add sai
2026-06-21 14:33:45,642 [INFO] IPUIPlugin:80 - create IPUIPlugin
2026-06-21 14:33:45,642 [INFO] PluginManager:220 - loadIPPluginJar : add linkedlist
2026-06-21 14:33:45,646 [INFO] IPUIPlugin:80 - create IPUIPlugin
2026-06-21 14:33:45,646 [INFO] PluginManager:220 - loadIPPluginJar : add comp
2026-06-21 14:33:45,651 [INFO] IPUIPlugin:80 - create IPUIPlugin
2026-06-21 14:33:45,651 [INFO] PluginManager:220 - loadIPPluginJar : add hash
2026-06-21 14:33:45,658 [INFO] IPUIPlugin:80 - create IPUIPlugin
2026-06-21 14:33:45,658 [INFO] PluginManager:220 - loadIPPluginJar : add can
2026-06-21 14:33:45,662 [INFO] IPUIPlugin:80 - create IPUIPlugin
2026-06-21 14:33:45,662 [INFO] PluginManager:220 - loadIPPluginJar : add ltdc
2026-06-21 14:33:45,672 [INFO] IPUIPlugin:80 - create IPUIPlugin
2026-06-21 14:33:45,679 [INFO] PluginManager:220 - loadIPPluginJar : add dma3
2026-06-21 14:33:45,691 [INFO] IPUIPlugin:80 - create IPUIPlugin
2026-06-21 14:33:45,693 [INFO] PluginManager:220 - loadIPPluginJar : add i2c
2026-06-21 14:33:45,697 [INFO] IPUIPlugin:80 - create IPUIPlugin
2026-06-21 14:33:45,697 [INFO] PluginManager:220 - loadIPPluginJar : add tsc
2026-06-21 14:33:45,712 [INFO] IPUIPlugin:80 - create IPUIPlugin
2026-06-21 14:33:45,713 [INFO] PluginManager:220 - loadIPPluginJar : add freertos
2026-06-21 14:33:45,728 [INFO] IPUIPlugin:80 - create IPUIPlugin
2026-06-21 14:33:45,729 [INFO] PluginManager:220 - loadIPPluginJar : add nvic
2026-06-21 14:33:45,737 [INFO] IPUIPlugin:80 - create IPUIPlugin
2026-06-21 14:33:45,738 [INFO] PluginManager:220 - loadIPPluginJar : add aes
2026-06-21 14:33:45,745 [INFO] IPUIPlugin:80 - create IPUIPlugin
2026-06-21 14:33:45,745 [INFO] PluginManager:220 - loadIPPluginJar : add genericplugin
2026-06-21 14:33:45,759 [INFO] IPUIPlugin:80 - create IPUIPlugin
2026-06-21 14:33:45,760 [INFO] PluginManager:220 - loadIPPluginJar : add i2s
2026-06-21 14:33:45,768 [INFO] IPUIPlugin:80 - create IPUIPlugin
2026-06-21 14:33:45,769 [INFO] PluginManager:220 - loadIPPluginJar : add extmemmanager
2026-06-21 14:33:45,782 [INFO] IPUIPlugin:80 - create IPUIPlugin
2026-06-21 14:33:45,783 [INFO] PluginManager:220 - loadIPPluginJar : add gtzc
2026-06-21 14:33:45,795 [INFO] IPUIPlugin:80 - create IPUIPlugin
2026-06-21 14:33:45,808 [INFO] PluginManager:220 - loadIPPluginJar : add usbx
2026-06-21 14:33:45,820 [INFO] IPUIPlugin:80 - create IPUIPlugin
2026-06-21 14:33:45,821 [INFO] PluginManager:220 - loadIPPluginJar : add ipddr
2026-06-21 14:33:45,846 [INFO] IPUIPlugin:80 - create IPUIPlugin
2026-06-21 14:33:45,856 [INFO] PluginManager:220 - loadIPPluginJar : add gpio
2026-06-21 14:33:45,863 [INFO] IPUIPlugin:80 - create IPUIPlugin
2026-06-21 14:33:45,864 [INFO] PluginManager:220 - loadIPPluginJar : add lorawan
2026-06-21 14:33:45,896 [INFO] IPUIPlugin:80 - create IPUIPlugin
2026-06-21 14:33:45,897 [INFO] PluginManager:220 - loadIPPluginJar : add adc
2026-06-21 14:33:45,901 [INFO] IPUIPlugin:80 - create IPUIPlugin
2026-06-21 14:33:45,908 [INFO] PluginManager:220 - loadIPPluginJar : add radio
2026-06-21 14:33:45,924 [INFO] IPUIPlugin:80 - create IPUIPlugin
2026-06-21 14:33:45,925 [INFO] PluginManager:220 - loadIPPluginJar : add resmgrutility
2026-06-21 14:33:45,959 [INFO] IPUIPlugin:80 - create IPUIPlugin
2026-06-21 14:33:45,973 [INFO] PluginManager:220 - loadIPPluginJar : add plateformsettings
2026-06-21 14:33:45,984 [INFO] IPUIPlugin:80 - create IPUIPlugin
2026-06-21 14:33:45,984 [INFO] PluginManager:220 - loadIPPluginJar : add tim
2026-06-21 14:33:45,999 [INFO] IPUIPlugin:80 - create IPUIPlugin
2026-06-21 14:33:45,999 [INFO] PluginManager:220 - loadIPPluginJar : add ddr_ctrl_phy
2026-06-21 14:33:46,013 [INFO] IPUIPlugin:80 - create IPUIPlugin
2026-06-21 14:33:46,014 [INFO] PluginManager:220 - loadIPPluginJar : add dfsdm
2026-06-21 14:33:46,036 [INFO] IPUIPlugin:80 - create IPUIPlugin
2026-06-21 14:33:46,037 [INFO] PluginManager:220 - loadIPPluginJar : add ts
2026-06-21 14:33:46,044 [INFO] IPUIPlugin:80 - create IPUIPlugin
2026-06-21 14:33:46,045 [INFO] PluginManager:220 - loadIPPluginJar : add opamp
2026-06-21 14:33:46,056 [INFO] IPUIPlugin:80 - create IPUIPlugin
2026-06-21 14:33:46,056 [INFO] PluginManager:220 - loadIPPluginJar : add pdm2pcm
2026-06-21 14:33:46,068 [INFO] IPUIPlugin:80 - create IPUIPlugin
2026-06-21 14:33:46,069 [INFO] PluginManager:220 - loadIPPluginJar : add ucpd
2026-06-21 14:33:46,097 [INFO] IPUIPlugin:80 - create IPUIPlugin
2026-06-21 14:33:46,099 [INFO] PluginManager:220 - loadIPPluginJar : add dma
2026-06-21 14:33:46,116 [INFO] IPUIPlugin:80 - create IPUIPlugin
2026-06-21 14:33:46,117 [INFO] PluginManager:220 - loadIPPluginJar : add stm32_wpan
2026-06-21 14:33:46,132 [INFO] IPUIPlugin:80 - create IPUIPlugin
2026-06-21 14:33:46,132 [INFO] PluginManager:220 - loadIPPluginJar : add gic
2026-06-21 14:33:46,141 [INFO] IPUIPlugin:80 - create IPUIPlugin
2026-06-21 14:33:46,141 [INFO] PluginManager:220 - loadIPPluginJar : add gfxmmu
2026-06-21 14:33:46,147 [INFO] IPUIPlugin:80 - create IPUIPlugin
2026-06-21 14:33:46,147 [INFO] PluginManager:220 - loadIPPluginJar : add tracer_emb
2026-06-21 14:33:46,167 [INFO] IPUIPlugin:80 - create IPUIPlugin
2026-06-21 14:33:46,168 [INFO] PluginManager:220 - loadIPPluginJar : add mdma
2026-06-21 14:33:46,175 [INFO] IPUIPlugin:80 - create IPUIPlugin
2026-06-21 14:33:46,176 [INFO] PluginManager:220 - loadIPPluginJar : add fatfs
2026-06-21 14:33:46,185 [INFO] IPUIPlugin:80 - create IPUIPlugin
2026-06-21 14:33:46,186 [INFO] PluginManager:220 - loadIPPluginJar : add openamp
2026-06-21 14:33:46,194 [INFO] IPUIPlugin:80 - create IPUIPlugin
2026-06-21 14:33:46,194 [INFO] PluginManager:220 - loadIPPluginJar : add spi
2026-06-21 14:33:46,209 [INFO] IPUIPlugin:80 - create IPUIPlugin
2026-06-21 14:33:46,209 [INFO] PluginManager:220 - loadIPPluginJar : add cryp
2026-06-21 14:33:46,219 [INFO] ThirdPartyUpdaterWithRetryManager:70 - Updater plugin not ready yet. [2/15]
2026-06-21 14:33:46,557 [FATAL] Updater:351 - Updater called before beeing initialized
2026-06-21 14:33:46,794 [INFO] RulesReader:64 - Compatibility file has been processed (317 Rules)
2026-06-21 14:33:46,854 [INFO] RulesReader:64 - Compatibility file has been processed (317 Rules)
2026-06-21 14:33:46,886 [INFO] CADModel:165 - CPN selected for project level
2026-06-21 14:33:46,888 [INFO] CADModel:114 - Register for checkConnection events
2026-06-21 14:33:46,889 [FATAL] Updater:351 - Updater called before beeing initialized
2026-06-21 14:33:46,890 [ERROR] CADModel:125 - Updater not yet initialized, retry later 
2026-06-21 14:33:47,297 [FATAL] Updater:351 - Updater called before beeing initialized
2026-06-21 14:33:47,301 [INFO] CADModel:165 - CPN selected for project level
2026-06-21 14:33:47,301 [INFO] CADModel:114 - Register for checkConnection events
2026-06-21 14:33:47,302 [FATAL] Updater:351 - Updater called before beeing initialized
2026-06-21 14:33:47,303 [ERROR] CADModel:125 - Updater not yet initialized, retry later 
2026-06-21 14:33:47,316 [FATAL] Updater:351 - Updater called before beeing initialized
2026-06-21 14:33:47,628 [FATAL] Updater:351 - Updater called before beeing initialized
2026-06-21 14:33:47,637 [INFO] DbMcusAds:53 - JSON generation date=Thu May 28 17:08:17 CET 2026 (1779984497073)
2026-06-21 14:33:47,638 [FATAL] Updater:351 - Updater called before beeing initialized
2026-06-21 14:33:47,726 [WARN] DetailPanel:346 - Failed to get advertising image, set to default
2026-06-21 14:33:47,940 [FATAL] Updater:351 - Updater called before beeing initialized
2026-06-21 14:33:47,945 [FATAL] Updater:351 - Updater called before beeing initialized
2026-06-21 14:33:47,946 [FATAL] Updater:351 - Updater called before beeing initialized
2026-06-21 14:33:47,946 [WARN] DetailPanel:346 - Failed to get advertising image, set to default
2026-06-21 14:33:47,950 [FATAL] Updater:351 - Updater called before beeing initialized
2026-06-21 14:33:48,092 [ERROR] Updater:1198 - MainUpdater not yet initialized. External WinMGr cannot be set.
2026-06-21 14:33:48,097 [INFO] Updater:1134 - Updater Version found : 6.15.0
2026-06-21 14:33:48,148 [INFO] ApplicationProperties:184 - Using Application install path: /home/ilyes/Downloads/makeself_dir_o70WRx/y/plugins/com.st.stm32cube.common.mx_6.15.0.202507011659
2026-06-21 14:33:48,741 [INFO] McuFinderGlobals:63 - Set McuFinder mode to 2 (CubeIDE integrated)
2026-06-21 14:33:49,219 [INFO] ThirdPartyUpdaterWithRetryManager:70 - Updater plugin not ready yet. [3/15]
2026-06-21 14:33:49,362 [INFO] MainUpdater:2872 - connection check result : 10
2026-06-21 14:33:49,365 [INFO] MainUpdater:289 - Updater Check For Update Now.
2026-06-21 14:33:49,366 [INFO] MicroXplorer:498 - Change Database Version : DB.6.0.150
2026-06-21 14:33:49,404 [INFO] McuFinderGlobals:63 - Set McuFinder mode to 2 (CubeIDE integrated)
2026-06-21 14:33:49,408 [INFO] UserAuth:487 - Internet connection configuration mode: 1
2026-06-21 14:33:49,503 [INFO] JxBrowserEngine:152 - Initiate JxBrowser Engine with user profile folder
2026-06-21 14:33:50,116 [INFO] CheckServerUpdateThread:120 - End of CheckServer Thread
2026-06-21 14:33:50,195 [INFO] MainUpdater:2872 - connection check result : 10
2026-06-21 14:33:50,200 [INFO] McuFinderGlobals:76 - Set McuFinderConnectedMode to true
2026-06-21 14:33:50,835 [INFO] ServerAccessManage:452 - Complete download http(s) 200
2026-06-21 14:33:50,846 [INFO] ServerAccessManage:509 - Download File mcusAds.json._tmp_
2026-06-21 14:33:51,136 [INFO] LoadUrlFilesThread:156 - End of LoadUrlFiles Thread
2026-06-21 14:33:51,417 [INFO] ServerAccessManage:452 - Complete download http(s) 200
2026-06-21 14:33:51,418 [INFO] ServerAccessManage:509 - Download File cube-finder-db.zip
2026-06-21 14:33:52,221 [WARN] MainUpdater:1193 - Updater busy. Cannot search thirdparties
2026-06-21 14:33:52,221 [INFO] ThirdPartyUpdaterWithRetryManager:96 - Updater plugin is busy. [1/15]
2026-06-21 14:33:55,222 [WARN] MainUpdater:1193 - Updater busy. Cannot search thirdparties
2026-06-21 14:33:55,224 [INFO] ThirdPartyUpdaterWithRetryManager:96 - Updater plugin is busy. [2/15]
2026-06-21 14:33:55,467 [INFO] WebApp:169 - Instantiating new browser for Auth
2026-06-21 14:33:58,225 [WARN] MainUpdater:1193 - Updater busy. Cannot search thirdparties
2026-06-21 14:33:58,225 [INFO] ThirdPartyUpdaterWithRetryManager:96 - Updater plugin is busy. [3/15]
2026-06-21 14:34:00,441 [INFO] WebApp:463 - Apply proxy settings
2026-06-21 14:34:00,453 [INFO] WebApp:548 - Chromium requires no authentication
2026-06-21 14:34:00,517 [INFO] WebApp:491 - Direct internet connection detected
2026-06-21 14:34:00,694 [INFO] WebApp:900 - Register for checkConnection events
2026-06-21 14:34:00,694 [INFO] WebApp:463 - Apply proxy settings
2026-06-21 14:34:00,695 [INFO] WebApp:548 - Chromium requires no authentication
2026-06-21 14:34:00,699 [INFO] WebApp:491 - Direct internet connection detected
2026-06-21 14:34:01,226 [WARN] MainUpdater:1193 - Updater busy. Cannot search thirdparties
2026-06-21 14:34:01,226 [INFO] ThirdPartyUpdaterWithRetryManager:96 - Updater plugin is busy. [4/15]
2026-06-21 14:34:01,962 [INFO] WebApp:191 - Connection restablished
2026-06-21 14:34:02,259 [INFO] WebApp:225 - Starting web application
2026-06-21 14:34:02,259 [INFO] WebApp:593 - Web application path used /home/ilyes/Downloads/makeself_dir_o70WRx/y/plugins/com.st.stm32cube.common.mx_6.15.0.202507011659/db/plugins/mcufinder/reactClient1/index.html
2026-06-21 14:34:04,227 [WARN] MainUpdater:1193 - Updater busy. Cannot search thirdparties
2026-06-21 14:34:04,227 [INFO] ThirdPartyUpdaterWithRetryManager:96 - Updater plugin is busy. [5/15]
2026-06-21 14:34:04,777 [INFO] UserAuth:487 - Internet connection configuration mode: 1
2026-06-21 14:34:07,229 [WARN] MainUpdater:1193 - Updater busy. Cannot search thirdparties
2026-06-21 14:34:07,229 [INFO] ThirdPartyUpdaterWithRetryManager:96 - Updater plugin is busy. [6/15]
2026-06-21 14:34:10,230 [WARN] MainUpdater:1193 - Updater busy. Cannot search thirdparties
2026-06-21 14:34:10,230 [INFO] ThirdPartyUpdaterWithRetryManager:96 - Updater plugin is busy. [7/15]
2026-06-21 14:34:13,231 [WARN] MainUpdater:1193 - Updater busy. Cannot search thirdparties
2026-06-21 14:34:13,232 [INFO] ThirdPartyUpdaterWithRetryManager:96 - Updater plugin is busy. [8/15]
2026-06-21 14:34:16,233 [WARN] MainUpdater:1193 - Updater busy. Cannot search thirdparties
2026-06-21 14:34:16,234 [INFO] ThirdPartyUpdaterWithRetryManager:96 - Updater plugin is busy. [9/15]
2026-06-21 14:34:19,234 [WARN] MainUpdater:1193 - Updater busy. Cannot search thirdparties
2026-06-21 14:34:19,235 [INFO] ThirdPartyUpdaterWithRetryManager:96 - Updater plugin is busy. [10/15]
2026-06-21 14:34:22,236 [WARN] MainUpdater:1193 - Updater busy. Cannot search thirdparties
2026-06-21 14:34:22,236 [INFO] ThirdPartyUpdaterWithRetryManager:96 - Updater plugin is busy. [11/15]
2026-06-21 14:34:25,237 [WARN] MainUpdater:1193 - Updater busy. Cannot search thirdparties
2026-06-21 14:34:25,237 [INFO] ThirdPartyUpdaterWithRetryManager:96 - Updater plugin is busy. [12/15]
2026-06-21 14:34:28,238 [WARN] MainUpdater:1193 - Updater busy. Cannot search thirdparties
2026-06-21 14:34:28,238 [INFO] ThirdPartyUpdaterWithRetryManager:96 - Updater plugin is busy. [13/15]
2026-06-21 14:34:31,240 [WARN] MainUpdater:1193 - Updater busy. Cannot search thirdparties
2026-06-21 14:34:31,242 [INFO] ThirdPartyUpdaterWithRetryManager:96 - Updater plugin is busy. [14/15]
2026-06-21 14:34:34,243 [WARN] MainUpdater:1193 - Updater busy. Cannot search thirdparties
2026-06-21 14:34:34,244 [INFO] ThirdPartyUpdaterWithRetryManager:96 - Updater plugin is busy. [15/15]
2026-06-21 14:34:34,250 [ERROR] IntegrityCheckThread:130 - Cannot retrieve database content from updater: error -1
2026-06-21 14:34:34,251 [INFO] ThirdParty:978 - Integrity check success = false
2026-06-21 14:34:34,253 [INFO] IntegrityCheckThread:100 - exiting critical section [integrity check]
2026-06-21 14:34:34,253 [INFO] IntegrityCheckThread:103 - End integrity checks thread
2026-06-21 14:34:59,475 [INFO] FileExtend:248 - Unzip File : cube-finder-db.zip
2026-06-21 14:34:59,476 [INFO] FileExtend:263 - Standard Zip Deflate
2026-06-21 14:35:08,106 [INFO] LoadUrlFilesThread:156 - End of LoadUrlFiles Thread
2026-06-21 14:35:09,158 [INFO] ServerAccessManage:452 - Complete download http(s) 200
2026-06-21 14:35:09,167 [INFO] ServerAccessManage:509 - Download File crdb.zip
2026-06-21 14:35:12,110 [INFO] FileExtend:248 - Unzip File : crdb.zip
2026-06-21 14:35:12,115 [INFO] FileExtend:263 - Standard Zip Deflate
2026-06-21 14:35:12,402 [INFO] LoadUrlFilesThread:156 - End of LoadUrlFiles Thread
2026-06-21 14:35:18,283 [INFO] ServerAccessManage:452 - Complete download http(s) 200
2026-06-21 14:35:18,290 [INFO] ServerAccessManage:509 - Download File tutoVideoDB.zip
2026-06-21 14:35:18,466 [INFO] FileExtend:248 - Unzip File : tutoVideoDB.zip
2026-06-21 14:35:18,466 [INFO] FileExtend:263 - Standard Zip Deflate
2026-06-21 14:35:18,632 [INFO] LoadUrlFilesThread:156 - End of LoadUrlFiles Thread
2026-06-21 14:35:18,651 [WARN] DbFile:41 - Overriding database path with different value: /home/ilyes/.stmcufinder/plugins/mcufinder/ => /home/ilyes/.stmcufinder/plugins/mcufinder
2026-06-21 14:35:18,900 [INFO] ServerAccessManage:452 - Complete download http(s) 200
2026-06-21 14:35:18,905 [INFO] ServerAccessManage:509 - Download File api_config.json
2026-06-21 14:35:19,013 [INFO] LoadUrlFilesThread:156 - End of LoadUrlFiles Thread
2026-06-21 14:35:19,021 [INFO] DbMcusAds:53 - JSON generation date=Thu May 28 17:08:17 CET 2026 (1779984497073)
2026-06-21 14:35:19,166 [INFO] LoadUrlFilesThread:185 - End of LoadServerUrlFiles without Thread
2026-06-21 14:35:19,167 [INFO] TargetSelectorAdapter:259 - Refresh data is successful
2026-06-21 14:35:20,065 [INFO] ApiDb:581 - Connected to CubeFinder SQLite database (/home/ilyes/.stmcufinder/plugins/mcufinder/mcu/cube-finder-db.db)
2026-06-21 14:35:20,712 [INFO] ApiDb:668 - CubeFinder database Data Model version=2.1
2026-06-21 14:35:20,713 [INFO] ApiDb:669 - CubeFinder database Configuration version=3.0.42
2026-06-21 14:35:20,718 [INFO] ApiDb:670 - CubeFinder database generation date=2026-05-14 (1778746352)
2026-06-21 14:35:20,720 [INFO] ApiDb:671 - CubeFinder database FW Pack versions=[FP-ATR-ASTRA1_V2.0.0, FP-SNS-FLIGHT1_V5.1.0, FP-SNS-MOTENV1_V5.1.0, FP-SNS-MOTENVWB1_V1.5.0, FP-SNS-SMARTAG2_V1.2.0, FP-SNS-STBOX1_V2.1.0, STM32Cube_FW_C0_V1.4.0, STM32Cube_FW_F4_V1.28.3, STM32Cube_FW_F7_V1.17.4, STM32Cube_FW_G0_V1.6.3, STM32Cube_FW_G4_V1.6.2, STM32Cube_FW_H5_V1.6.0, STM32Cube_FW_H7RS_V1.3.0, STM32Cube_FW_H7_V1.13.0, STM32Cube_FW_L0_V1.12.2, STM32Cube_FW_L4_V1.18.2, STM32Cube_FW_L5_V1.6.0, STM32Cube_FW_N6_V1.3.0, STM32Cube_FW_U0_V1.3.0, STM32Cube_FW_U3_V1.3.0, STM32Cube_FW_U5_V1.8.0, STM32Cube_FW_WB0_V1.4.0, STM32Cube_FW_WBA_V1.9.0, STM32Cube_FW_WB_V1.24.0, STM32Cube_FW_WL3_V1.4.0, STM32Cube_FW_WL_V1.5.0, X-CUBE-ALGOBUILD_V1.4.0, X-CUBE-ALS_V1.0.2, X-CUBE-AZRTOS-F4_V1.1.0, X-CUBE-AZRTOS-F7_V1.1.0, X-CUBE-AZRTOS-G0_V1.1.0, X-CUBE-AZRTOS-G4_V2.0.0, X-CUBE-AZRTOS-H7RS_V1.1.0, X-CUBE-AZRTOS-H7_V3.5.0, X-CUBE-AZRTOS-L4_V2.0.0, X-CUBE-AZRTOS-L5_V2.0.0, X-CUBE-AZRTOS-WB_V2.0.0, X-CUBE-AZRTOS-WL_V2.0.0, X-CUBE-BLE1_V7.1.0, X-CUBE-BLE2_V3.3.0, X-CUBE-BLEMGR_V4.1.0, X-CUBE-EEPRMA1_V5.2.0, X-CUBE-FREERTOS_V1.5.0, X-CUBE-GNSS1_V7.1.1, X-CUBE-MEMS1_V12.1.0, X-CUBE-NFC4_V3.0.0, X-CUBE-NFC7_V2.0.0, X-CUBE-SFXS2LP1_V4.0.0, X-CUBE-ST67W61_V1.3.0, X-CUBE-SUBG2_V5.0.0, X-CUBE-TOF1_V3.4.3]
2026-06-21 14:35:31,351 [INFO] ApiDb:240 - Found 880 in-development CPN: [B-G473E-ZEST1S, B-WB1M-WPAN1, B-WBA5M-WPAN, B-WL5M-SUBG1, NUCLEO-C031C6, NUCLEO-C051C8, NUCLEO-C071RB, NUCLEO-C092RC, NUCLEO-H503RB, NUCLEO-H533RE, NUCLEO-H563ZI, NUCLEO-H7S3L8, NUCLEO-N657X0-Q, NUCLEO-U031R8, NUCLEO-U083RC, NUCLEO-U385RG-Q, NUCLEO-U545RE-Q, NUCLEO-U5A5ZJ-Q, NUCLEO-WB05KZ, NUCLEO-WB07CC, NUCLEO-WB09KE, NUCLEO-WBA52CG, NUCLEO-WBA55CG, NUCLEO-WL33CC1, NUCLEO-WL33CC2, STEVAL-PROTEUS1, STEVAL-SMARTAG2, STEVAL-STWINBX1, STM320518-EVAL, STM32C0116-DK, STM32C011D6Y3TR, STM32C011D6Y6TR, STM32C011F4P3, STM32C011F4P6, STM32C011F4U3, STM32C011F4U6TR, STM32C011F6P3, STM32C011F6P6, STM32C011F6U3, STM32C011F6U6TR, STM32C011J4M3, STM32C011J4M6, STM32C011J6M3, STM32C011J6M6, STM32C0316-DK, STM32C031C4T3, STM32C031C4T6, STM32C031C4U3, STM32C031C4U6, STM32C031C6T3, STM32C031C6T6, STM32C031C6U3, STM32C031C6U6, STM32C031F4P3, STM32C031F4P6, STM32C031F6P3, STM32C031F6P6, STM32C031G4U3, STM32C031G4U6, STM32C031G6U3, STM32C031G6U6, STM32C031K4T3, STM32C031K4T6, STM32C031K4U3, STM32C031K4U6, STM32C031K6T3, STM32C031K6T6, STM32C031K6U3, STM32C031K6U6, STM32C051C6T6, STM32C051C6U6, STM32C051C8T6, STM32C051C8U6, STM32C051D8Y6TR, STM32C051F6P6, STM32C051F8P6, STM32C051G6U6, STM32C051G8U6, STM32C051K6T6, STM32C051K6U6, STM32C051K8T6, STM32C071C8T6, STM32C071C8T6N, STM32C071C8U6, STM32C071C8U6N, STM32C071CBT6, STM32C071CBT6N, STM32C071CBU6, STM32C071CBU6N, STM32C071F8P6, STM32C071F8P6N, STM32C071FBP6, STM32C071FBP6N, STM32C071FBY6TR, STM32C071G8U6, STM32C071G8U6N, STM32C071GBU6, STM32C071GBU6N, STM32C071K8T6, STM32C071K8T6N, STM32C071K8U6, STM32C071K8U6N, STM32C071KBT6, STM32C071KBT6N, STM32C071KBU6, STM32C071KBU6N, STM32C071R8T6, STM32C071R8T6N, STM32C071RBI6N, STM32C071RBT6, STM32C071RBT6N, STM32C091CBT6, STM32C091CBU6, STM32C091CCT6, STM32C091CCU6, STM32C091ECY6TR, STM32C091FBP6, STM32C091FCP6, STM32C091GBU6, STM32C091GCU6, STM32C091KBT6, STM32C091KBU6, STM32C091KCT6, STM32C091KCU6, STM32C091RBT6, STM32C091RCI6, STM32C091RCT6, STM32C092CBT6, STM32C092CBU6, STM32C092CCT6, STM32C092CCU6, STM32C092ECY6TR, STM32C092FBP6, STM32C092FCP6, STM32C092GBU6, STM32C092GCU6, STM32C092KBT6, STM32C092KBU6, STM32C092KCT6, STM32C092KCU6, STM32C092RBT6, STM32C092RCI6, STM32C092RCT6, STM32G071K8TXN, STM32G071K8UXN, STM32G081GBU6N, STM32G081KBT6N, STM32G081KBUXN, STM32G0B1CCT6N, STM32G0B1KCT6, STM32G0B1NEY6TR, STM32G0B1RCT6N, STM32G0C1CCT6, STM32G0C1CCT6N, STM32G0C1CCU6N, STM32G0C1CET6N, STM32G0C1CEU6N, STM32G0C1KCT6, STM32G0C1NEY6TR, STM32G0C1RCI6N, STM32G0C1RCT6N, STM32G0C1REI6N, STM32G0C1RET6N, STM32G0C1VCI6, STM32G0C1VEI6, STM32G411C6T3, STM32G411C6T6, STM32G411C6U3, STM32G411C6U6, STM32G411C8T3, STM32G411C8T6, STM32G411C8U3, STM32G411C8U6, STM32G411CBT3, STM32G411CBT6, STM32G411CBU3, STM32G411CBU6, STM32G411K6T3, STM32G411K6T6, STM32G411K6U3, STM32G411K6U6, STM32G411K8T3, STM32G411K8T6, STM32G411K8U3, STM32G411K8U6, STM32G411KBT3, STM32G411KBT6, STM32G411KBU3, STM32G411KBU6, STM32G411M6T3, STM32G411M6T6, STM32G411M8T3, STM32G411M8T6, STM32G411MBT3, STM32G411MBT6, STM32G411R6T3, STM32G411R6T6, STM32G411R8T3, STM32G411R8T6, STM32G411RBT3, STM32G411RBT6, STM32G414CBT3, STM32G414CBT6, STM32G414CBU3, STM32G414CBU6, STM32G414CCT3, STM32G414CCT6, STM32G414CCU3, STM32G414CCU6, STM32G414MBT3, STM32G414MBT6, STM32G414MCT3, STM32G414MCT6, STM32G414RBT3, STM32G414RBT6, STM32G414RCT3, STM32G414RCT6, STM32G414VBT3, STM32G414VBT6, STM32G414VCT3, STM32G414VCT6, STM32G431CBT3Z, STM32G431RBT3Z, STM32G471CCT6, STM32G471CCU6, STM32G471CET3, STM32G471CET6, STM32G471CEU3, STM32G471CEU6, STM32G471MCT6, STM32G471MET3, STM32G471MET6, STM32G471MEY6TR, STM32G471QCT6, STM32G471QET3, STM32G471RCT6, STM32G471RET3, STM32G471RET6, STM32G471VCH6, STM32G471VCI6, STM32G471VCT6, STM32G471VEH3, STM32G471VEH6, STM32G471VEI3, STM32G471VEI6, STM32G471VET3, STM32G471VET6, STM32G473QET3Z, STM32G473RET3Z, STM32G474CCT6, STM32G491RET3Z, STM32H503CBT6, STM32H503CBU6, STM32H503EBY6TR, STM32H503KBU6, STM32H503RBT6, STM32H523CCT6, STM32H523CCU6, STM32H523CET6, STM32H523CEU6, STM32H523HEY6TR, STM32H523RCT6, STM32H523RET6, STM32H523VCI6, STM32H523VCT6, STM32H523VEI6, STM32H523VET6, STM32H523ZCJ6, STM32H523ZCT6, STM32H523ZEJ6, STM32H523ZET6, STM32H533CET6, STM32H533CEU6, STM32H533HEY6TR, STM32H533RET6, STM32H533VEI6, STM32H533VET6, STM32H533ZEJ6, STM32H533ZET6, STM32H562AGI6, STM32H562AII6, STM32H562IGK6, STM32H562IGT6, STM32H562IIK6, STM32H562IIT6, STM32H562RGT6, STM32H562RGV6, STM32H562RIT6, STM32H562RIV6, STM32H562VGT6, STM32H562VIT6, STM32H562ZGT6, STM32H562ZIT6, STM32H563AGI6, STM32H563AII3Q, STM32H563AII6, STM32H563IGK6, STM32H563IGT6, STM32H563IIK3Q, STM32H563IIK6, STM32H563IIT3Q, STM32H563IIT6, STM32H563MIY3QTR, STM32H563RGT6, STM32H563RGV6, STM32H563RIT6, STM32H563RIV6, STM32H563VGT6, STM32H563VIT3Q, STM32H563VIT6, STM32H563ZGT6, STM32H563ZIT3Q, STM32H563ZIT6, STM32H573AII3Q, STM32H573AII6, STM32H573I-DK, STM32H573IIK3Q, STM32H573IIK6, STM32H573IIT3Q, STM32H573IIT6, STM32H573MIY3QTR, STM32H573RIT6, STM32H573RIV6, STM32H573VIT3Q, STM32H573VIT6, STM32H573ZIT3Q, STM32H573ZIT6, STM32H7R3A8I6, STM32H7R3I8K6, STM32H7R3I8T6, STM32H7R3L8H6, STM32H7R3L8H6H, STM32H7R3R8V6, STM32H7R3V8H6, STM32H7R3V8T6, STM32H7R3V8Y6TR, STM32H7R3Z8J6, STM32H7R3Z8T6, STM32H7R7A8I6, STM32H7R7I8K6, STM32H7R7I8T6, STM32H7R7L8H6, STM32H7R7L8H6H, STM32H7R7Z8J6, STM32H7S3A8I6, STM32H7S3I8K6, STM32H7S3I8T6, STM32H7S3L8H6, STM32H7S3L8H6H, STM32H7S3R8V6, STM32H7S3V8H6, STM32H7S3V8T6, STM32H7S3V8Y6TR, STM32H7S3Z8J6, STM32H7S3Z8T6, STM32H7S78-DK, STM32H7S7A8I6, STM32H7S7I8K6, STM32H7S7I8T6, STM32H7S7L8H6, STM32H7S7L8H6H, STM32H7S7Z8J6, STM32L4R5QGI6STR, STM32MP131AAE3, STM32MP131AAF3, STM32MP131AAG3, STM32MP131CAE3, STM32MP131CAF3, STM32MP131CAG3, STM32MP131DAE7, STM32MP131DAF7, STM32MP131DAG7, STM32MP131FAE7, STM32MP131FAF7, STM32MP131FAG7, STM32MP133AAE3, STM32MP133AAF3, STM32MP133AAG3, STM32MP133CAE3, STM32MP133CAF3, STM32MP133CAG3, STM32MP133DAE7, STM32MP133DAF7, STM32MP133DAG7, STM32MP133FAE7, STM32MP133FAF7, STM32MP133FAG7, STM32MP135AAE3, STM32MP135AAF3, STM32MP135AAG3, STM32MP135CAE3, STM32MP135CAF3, STM32MP135CAG3, STM32MP135DAE7, STM32MP135DAF7, STM32MP135DAG7, STM32MP135F-DK, STM32MP135FAE7, STM32MP135FAF7, STM32MP135FAF7T, STM32MP135FAF7U, STM32MP135FAG7, STM32MP211AAL3, STM32MP211AAM3, STM32MP211AAN3, STM32MP211AAO3, STM32MP211CAL3, STM32MP211CAM3, STM32MP211CAN3, STM32MP211CAO3, STM32MP211DAL3, STM32MP211DAM3, STM32MP211DAN3, STM32MP211DAO3, STM32MP211FAL3, STM32MP211FAM3, STM32MP211FAN3, STM32MP211FAO3, STM32MP213AAL3, STM32MP213AAM3, STM32MP213AAN3, STM32MP213AAO3, STM32MP213CAL3, STM32MP213CAM3, STM32MP213CAN3, STM32MP213CAO3, STM32MP213DAL3, STM32MP213DAM3, STM32MP213DAN3, STM32MP213DAO3, STM32MP213FAL3, STM32MP213FAM3, STM32MP213FAN3, STM32MP213FAO3, STM32MP215AAL3, STM32MP215AAM3, STM32MP215AAN3, STM32MP215AAO3, STM32MP215CAL3, STM32MP215CAM3, STM32MP215CAN3, STM32MP215CAO3, STM32MP215DAL3, STM32MP215DAM3, STM32MP215DAN3, STM32MP215DAO3, STM32MP215F-DK, STM32MP215FAL3, STM32MP215FAM3, STM32MP215FAN3, STM32MP215FAO3, STM32MP231AAJ3, STM32MP231AAK3, STM32MP231AAL3, STM32MP231CAJ3, STM32MP231CAK3, STM32MP231CAL3, STM32MP231DAJ3, STM32MP231DAK3, STM32MP231DAL3, STM32MP231FAJ3, STM32MP231FAK3, STM32MP231FAL3, STM32MP233AAJ3, STM32MP233AAK3, STM32MP233AAL3, STM32MP233CAJ3, STM32MP233CAK3, STM32MP233CAL3, STM32MP233DAJ3, STM32MP233DAK3, STM32MP233DAL3, STM32MP233FAJ3, STM32MP233FAK3, STM32MP233FAL3, STM32MP235AAJ3, STM32MP235AAK3, STM32MP235AAL3, STM32MP235CAJ3, STM32MP235CAK3, STM32MP235CAL3, STM32MP235DAJ3, STM32MP235DAK3, STM32MP235DAL3, STM32MP235FAJ3, STM32MP235FAK3, STM32MP235FAL3, STM32MP251AAI3, STM32MP251AAK3, STM32MP251AAL3, STM32MP251CAI3, STM32MP251CAK3, STM32MP251CAL3, STM32MP251DAI3, STM32MP251DAK3, STM32MP251DAL3, STM32MP251FAI3, STM32MP251FAK3, STM32MP251FAL3, STM32MP253AAI3, STM32MP253AAK3, STM32MP253AAL3, STM32MP253CAI3, STM32MP253CAK3, STM32MP253CAL3, STM32MP253DAI3, STM32MP253DAK3, STM32MP253DAL3, STM32MP253FAI3, STM32MP253FAK3, STM32MP253FAL3, STM32MP255AAI3, STM32MP255AAK3, STM32MP255AAL3, STM32MP255CAI3, STM32MP255CAK3, STM32MP255CAL3, STM32MP255DAI3, STM32MP255DAK3, STM32MP255DAL3, STM32MP255FAI3, STM32MP255FAK3, STM32MP255FAL3, STM32MP257AAI3, STM32MP257AAK3, STM32MP257AAL3, STM32MP257CAI3, STM32MP257CAK3, STM32MP257CAL3, STM32MP257DAI3, STM32MP257DAK3, STM32MP257DAL3, STM32MP257F-DK, STM32MP257F-EV1, STM32MP257FAI3, STM32MP257FAK3, STM32MP257FAL3, STM32N645A0H3Q, STM32N645B0H3Q, STM32N645I0H3Q, STM32N645L0H3Q, STM32N645X0H3Q, STM32N645Z0H3Q, STM32N647A0H3Q, STM32N647B0H3Q, STM32N647I0H3Q, STM32N647L0H3Q, STM32N647X0H3Q, STM32N647Z0H3Q, STM32N655A0H3Q, STM32N655B0H3Q, STM32N655I0H3Q, STM32N655L0H3Q, STM32N655X0H3Q, STM32N655Z0H3Q, STM32N6570-DK, STM32N657A0H3Q, STM32N657B0H3Q, STM32N657I0H3Q, STM32N657L0H3Q, STM32N657X0H3Q, STM32N657Z0H3Q, STM32U031C6T6, STM32U031C6U6, STM32U031C8T6, STM32U031C8U6, STM32U031F4P6, STM32U031F6P6, STM32U031F8P6, STM32U031G6Y6TR, STM32U031G8Y6TR, STM32U031K4U6, STM32U031K6U6, STM32U031K8U6, STM32U031R6I6, STM32U031R6T6, STM32U031R8I6, STM32U031R8T6, STM32U073C8T6, STM32U073C8U6, STM32U073CBT6, STM32U073CBU6, STM32U073CCT6, STM32U073CCU6, STM32U073H8Y6TR, STM32U073HBY6TR, STM32U073HCY6TR, STM32U073K8U6, STM32U073KBU6, STM32U073KCU6, STM32U073M8I6, STM32U073M8T6, STM32U073MBI6, STM32U073MBT6, STM32U073MCI6, STM32U073MCT6, STM32U073R8I6, STM32U073R8T6, STM32U073RBI6, STM32U073RBT6, STM32U073RCI6, STM32U073RCT6, STM32U083C-DK, STM32U083CCT6, STM32U083CCU6, STM32U083HCY6TR, STM32U083KCU6, STM32U083MCI6, STM32U083MCT6, STM32U083RCI6, STM32U083RCT6, STM32U375CET6, STM32U375CET6Q, STM32U375CEU6, STM32U375CEU6Q, STM32U375CEY6QTR, STM32U375CGT6, STM32U375CGT6Q, STM32U375CGU6, STM32U375CGU6Q, STM32U375CGY6QTR, STM32U375KEU6, STM32U375KGU6, STM32U375REI6, STM32U375REI6Q, STM32U375RET6, STM32U375RET6Q, STM32U375REY6GTR, STM32U375REY6QTR, STM32U375RGI6, STM32U375RGI6Q, STM32U375RGT6, STM32U375RGT6Q, STM32U375RGY6GTR, STM32U375RGY6QTR, STM32U375VEI6, STM32U375VEI6Q, STM32U375VET6, STM32U375VET6Q, STM32U375VGI6, STM32U375VGI6Q, STM32U375VGT6, STM32U375VGT6Q, STM32U385CGT6, STM32U385CGT6Q, STM32U385CGU6, STM32U385CGU6Q, STM32U385CGY6QTR, STM32U385KGU6, STM32U385RGI6, STM32U385RGI6Q, STM32U385RGT6, STM32U385RGT6Q, STM32U385RGY6GTR, STM32U385RGY6QTR, STM32U385VGI6, STM32U385VGI6Q, STM32U385VGT6, STM32U385VGT6Q, STM32U535CBT6, STM32U535CBT6Q, STM32U535CBU6, STM32U535CBU6Q, STM32U535CCT6, STM32U535CCT6Q, STM32U535CCU6, STM32U535CCU6Q, STM32U535CET6, STM32U535CET6Q, STM32U535CEU6, STM32U535CEU6Q, STM32U535JEY6QTR, STM32U535NCY6QTR, STM32U535NEY6QTR, STM32U535RBI6, STM32U535RBI6Q, STM32U535RBT6, STM32U535RBT6Q, STM32U535RCI6, STM32U535RCI6Q, STM32U535RCT6, STM32U535RCT6Q, STM32U535REI6, STM32U535REI6Q, STM32U535RET6, STM32U535RET6Q, STM32U535VCI6, STM32U535VCI6Q, STM32U535VCT6, STM32U535VCT6Q, STM32U535VEI6, STM32U535VEI6Q, STM32U535VET6, STM32U535VET6Q, STM32U545CET6, STM32U545CET6Q, STM32U545CEU6, STM32U545CEU6Q, STM32U545JEY6QTR, STM32U545NEY6QTR, STM32U545REI6, STM32U545REI6Q, STM32U545RET6, STM32U545RET6Q, STM32U545VEI6, STM32U545VEI6Q, STM32U545VET6, STM32U545VET6Q, STM32U595AIH6, STM32U595AIH6Q, STM32U595AJH6, STM32U595AJH6Q, STM32U595QII6, STM32U595QII6Q, STM32U595QJI6, STM32U595QJI6Q, STM32U595RIT6, STM32U595RIT6Q, STM32U595RJT6, STM32U595RJT6Q, STM32U595VIT6, STM32U595VIT6Q, STM32U595VJT6, STM32U595VJT6Q, STM32U595ZIT6, STM32U595ZIT6Q, STM32U595ZIY6QTR, STM32U595ZJT6, STM32U595ZJT6Q, STM32U595ZJY6QTR, STM32U599BJY6QTR, STM32U599NIH6Q, STM32U599NJH6Q, STM32U599VIT6Q, STM32U599VJT6, STM32U599VJT6Q, STM32U599ZIT6Q, STM32U599ZIY6QTR, STM32U599ZJT6Q, STM32U599ZJY6QTR, STM32U5A5AJH6, STM32U5A5AJH6Q, STM32U5A5QII3Q , STM32U5A5QJI6, STM32U5A5QJI6Q, STM32U5A5RJT6, STM32U5A5RJT6Q, STM32U5A5VJT6, STM32U5A5VJT6Q, STM32U5A5ZJT6, STM32U5A5ZJT6Q, STM32U5A5ZJY6QTR, STM32U5A9BJY6QTR, STM32U5A9J-DK, STM32U5A9NJH6Q, STM32U5A9VJT6Q, STM32U5A9ZJT6Q, STM32U5A9ZJY6QTR, STM32U5F7VIT6, STM32U5F7VIT6Q, STM32U5F7VJT6, STM32U5F7VJT6Q, STM32U5F9BJY6QTR, STM32U5F9NJH6Q, STM32U5F9VIT6Q, STM32U5F9VJT6Q, STM32U5F9ZIJ6QTR, STM32U5F9ZIT6Q, STM32U5F9ZJJ6QTR, STM32U5F9ZJT6Q, STM32U5G7VJT6, STM32U5G7VJT6Q, STM32U5G9BJY6QTR, STM32U5G9J-DK1, STM32U5G9J-DK2, STM32U5G9NJH6Q, STM32U5G9VJT6Q, STM32U5G9ZJJ6QTR, STM32U5G9ZJT6Q, STM32WB05KZV6TR, STM32WB05KZV7TR, STM32WB05TZF6TR, STM32WB05TZF7TR, STM32WB06CCF6TR, STM32WB06CCF7TR, STM32WB06CCV6TR, STM32WB06CCV7TR, STM32WB06KCV6TR, STM32WB06KCV7TR, STM32WB07CCF6TR, STM32WB07CCF7TR, STM32WB07CCV6TR, STM32WB07CCV7TR, STM32WB07KCV6TR, STM32WB07KCV7TR, STM32WB09KEV6TR, STM32WB09KEV7TR, STM32WB09TEF6TR, STM32WB09TEF7TR, STM32WB1MMCH6, STM32WBA50KGU6, STM32WBA50KGU6TR, STM32WBA52CEU6, STM32WBA52CEU6TR, STM32WBA52CEU7, STM32WBA52CEU7TR, STM32WBA52CGU6, STM32WBA52CGU6TR, STM32WBA52CGU6U, STM32WBA52CGU7, STM32WBA52CGU7TR, STM32WBA52KEU6, STM32WBA52KEU6TR, STM32WBA52KGU6, STM32WBA52KGU6TR, STM32WBA54CEU6, STM32WBA54CEU6TR, STM32WBA54CEU7, STM32WBA54CEU7TR, STM32WBA54CGU6, STM32WBA54CGU6TR, STM32WBA54CGU7, STM32WBA54CGU7TR, STM32WBA54KEU6, STM32WBA54KEU6TR, STM32WBA54KEU7, STM32WBA54KEU7TR, STM32WBA54KGU6, STM32WBA54KGU6TR, STM32WBA54KGU7, STM32WBA54KGU7TR, STM32WBA55CEU6, STM32WBA55CEU6TR, STM32WBA55CEU7, STM32WBA55CEU7TR, STM32WBA55CGU6, STM32WBA55CGU6TR, STM32WBA55CGU6U, STM32WBA55CGU7, STM32WBA55CGU7TR, STM32WBA55G-DK1, STM32WBA55HEF6, STM32WBA55HEF7, STM32WBA55HGF6, STM32WBA55HGF7, STM32WBA55UEI6, STM32WBA55UEI6TR, STM32WBA55UEI7, STM32WBA55UEI7TR, STM32WBA55UGI6, STM32WBA55UGI6TR, STM32WBA55UGI7, STM32WBA55UGI7TR, STM32WBA5MMGH6TR, STM32WBA62MGF6, STM32WBA62MIF6, STM32WBA65MGF7, STM32WBA65MIF6, STM32WBA65MIF7, STM32WL30K8V6, STM32WL30KBV6, STM32WL31C8V6, STM32WL31CBV6, STM32WL31K8V6, STM32WL31KBV6, STM32WL33C8V6, STM32WL33C8V6X, STM32WL33CBV6, STM32WL33CBV6X, STM32WL33CCV6, STM32WL33CCV6A, STM32WL33CCV6X, STM32WL33K8V7, STM32WL33K8V7X, STM32WL33KBV7 , STM32WL33KBV7X, STM32WL33KCV7, STM32WL33KCV7X, STM32WL5MOCH6, STM32WL5MOCH6TR]
2026-06-21 14:35:31,395 [INFO] DbMcus:218 - Found 5086 MCUs, 4968 are supported
2026-06-21 14:35:31,400 [INFO] ApiDb:423 - Load user favorites file /home/ilyes/.stm32cubeide/favorites.mcus.txt: 0 item(s)
2026-06-21 14:35:31,404 [INFO] ApiDb:427 - User favorites MCUs=[]
2026-06-21 14:35:31,405 [INFO] DbMcus:224 - Set 0 / 0 favorites MCUs
2026-06-21 14:35:39,591 [INFO] ApiDb:668 - CubeFinder database Data Model version=2.1
2026-06-21 14:35:39,591 [INFO] ApiDb:669 - CubeFinder database Configuration version=3.0.42
2026-06-21 14:35:39,595 [INFO] ApiDb:670 - CubeFinder database generation date=2026-05-14 (1778746352)
2026-06-21 14:35:39,597 [INFO] ApiDb:671 - CubeFinder database FW Pack versions=[FP-ATR-ASTRA1_V2.0.0, FP-SNS-FLIGHT1_V5.1.0, FP-SNS-MOTENV1_V5.1.0, FP-SNS-MOTENVWB1_V1.5.0, FP-SNS-SMARTAG2_V1.2.0, FP-SNS-STBOX1_V2.1.0, STM32Cube_FW_C0_V1.4.0, STM32Cube_FW_F4_V1.28.3, STM32Cube_FW_F7_V1.17.4, STM32Cube_FW_G0_V1.6.3, STM32Cube_FW_G4_V1.6.2, STM32Cube_FW_H5_V1.6.0, STM32Cube_FW_H7RS_V1.3.0, STM32Cube_FW_H7_V1.13.0, STM32Cube_FW_L0_V1.12.2, STM32Cube_FW_L4_V1.18.2, STM32Cube_FW_L5_V1.6.0, STM32Cube_FW_N6_V1.3.0, STM32Cube_FW_U0_V1.3.0, STM32Cube_FW_U3_V1.3.0, STM32Cube_FW_U5_V1.8.0, STM32Cube_FW_WB0_V1.4.0, STM32Cube_FW_WBA_V1.9.0, STM32Cube_FW_WB_V1.24.0, STM32Cube_FW_WL3_V1.4.0, STM32Cube_FW_WL_V1.5.0, X-CUBE-ALGOBUILD_V1.4.0, X-CUBE-ALS_V1.0.2, X-CUBE-AZRTOS-F4_V1.1.0, X-CUBE-AZRTOS-F7_V1.1.0, X-CUBE-AZRTOS-G0_V1.1.0, X-CUBE-AZRTOS-G4_V2.0.0, X-CUBE-AZRTOS-H7RS_V1.1.0, X-CUBE-AZRTOS-H7_V3.5.0, X-CUBE-AZRTOS-L4_V2.0.0, X-CUBE-AZRTOS-L5_V2.0.0, X-CUBE-AZRTOS-WB_V2.0.0, X-CUBE-AZRTOS-WL_V2.0.0, X-CUBE-BLE1_V7.1.0, X-CUBE-BLE2_V3.3.0, X-CUBE-BLEMGR_V4.1.0, X-CUBE-EEPRMA1_V5.2.0, X-CUBE-FREERTOS_V1.5.0, X-CUBE-GNSS1_V7.1.1, X-CUBE-MEMS1_V12.1.0, X-CUBE-NFC4_V3.0.0, X-CUBE-NFC7_V2.0.0, X-CUBE-SFXS2LP1_V4.0.0, X-CUBE-ST67W61_V1.3.0, X-CUBE-SUBG2_V5.0.0, X-CUBE-TOF1_V3.4.3]
2026-06-21 14:35:40,220 [INFO] DbBoardsSqlite:226 - include board P-NUCLEO-WB55-NUCLEO as a kit item of type 'Nucleo-64'
2026-06-21 14:35:40,220 [INFO] DbBoardsSqlite:226 - include board P-NUCLEO-WB55-USBDONGLE as a kit item of type 'Nucleo USB Dongle'
2026-06-21 14:35:40,223 [INFO] DbBoardsSqlite:226 - include board STEVAL-IDP005V1 as a kit item of type 'Evaluation Board'
2026-06-21 14:35:40,229 [INFO] DbBoardsSqlite:226 - include board STEVAL-IDP005V2 as a kit item of type 'Evaluation Board'
2026-06-21 14:35:41,023 [INFO] ApiDb:240 - Found 880 in-development CPN: [B-G473E-ZEST1S, B-WB1M-WPAN1, B-WBA5M-WPAN, B-WL5M-SUBG1, NUCLEO-C031C6, NUCLEO-C051C8, NUCLEO-C071RB, NUCLEO-C092RC, NUCLEO-H503RB, NUCLEO-H533RE, NUCLEO-H563ZI, NUCLEO-H7S3L8, NUCLEO-N657X0-Q, NUCLEO-U031R8, NUCLEO-U083RC, NUCLEO-U385RG-Q, NUCLEO-U545RE-Q, NUCLEO-U5A5ZJ-Q, NUCLEO-WB05KZ, NUCLEO-WB07CC, NUCLEO-WB09KE, NUCLEO-WBA52CG, NUCLEO-WBA55CG, NUCLEO-WL33CC1, NUCLEO-WL33CC2, STEVAL-PROTEUS1, STEVAL-SMARTAG2, STEVAL-STWINBX1, STM320518-EVAL, STM32C0116-DK, STM32C011D6Y3TR, STM32C011D6Y6TR, STM32C011F4P3, STM32C011F4P6, STM32C011F4U3, STM32C011F4U6TR, STM32C011F6P3, STM32C011F6P6, STM32C011F6U3, STM32C011F6U6TR, STM32C011J4M3, STM32C011J4M6, STM32C011J6M3, STM32C011J6M6, STM32C0316-DK, STM32C031C4T3, STM32C031C4T6, STM32C031C4U3, STM32C031C4U6, STM32C031C6T3, STM32C031C6T6, STM32C031C6U3, STM32C031C6U6, STM32C031F4P3, STM32C031F4P6, STM32C031F6P3, STM32C031F6P6, STM32C031G4U3, STM32C031G4U6, STM32C031G6U3, STM32C031G6U6, STM32C031K4T3, STM32C031K4T6, STM32C031K4U3, STM32C031K4U6, STM32C031K6T3, STM32C031K6T6, STM32C031K6U3, STM32C031K6U6, STM32C051C6T6, STM32C051C6U6, STM32C051C8T6, STM32C051C8U6, STM32C051D8Y6TR, STM32C051F6P6, STM32C051F8P6, STM32C051G6U6, STM32C051G8U6, STM32C051K6T6, STM32C051K6U6, STM32C051K8T6, STM32C071C8T6, STM32C071C8T6N, STM32C071C8U6, STM32C071C8U6N, STM32C071CBT6, STM32C071CBT6N, STM32C071CBU6, STM32C071CBU6N, STM32C071F8P6, STM32C071F8P6N, STM32C071FBP6, STM32C071FBP6N, STM32C071FBY6TR, STM32C071G8U6, STM32C071G8U6N, STM32C071GBU6, STM32C071GBU6N, STM32C071K8T6, STM32C071K8T6N, STM32C071K8U6, STM32C071K8U6N, STM32C071KBT6, STM32C071KBT6N, STM32C071KBU6, STM32C071KBU6N, STM32C071R8T6, STM32C071R8T6N, STM32C071RBI6N, STM32C071RBT6, STM32C071RBT6N, STM32C091CBT6, STM32C091CBU6, STM32C091CCT6, STM32C091CCU6, STM32C091ECY6TR, STM32C091FBP6, STM32C091FCP6, STM32C091GBU6, STM32C091GCU6, STM32C091KBT6, STM32C091KBU6, STM32C091KCT6, STM32C091KCU6, STM32C091RBT6, STM32C091RCI6, STM32C091RCT6, STM32C092CBT6, STM32C092CBU6, STM32C092CCT6, STM32C092CCU6, STM32C092ECY6TR, STM32C092FBP6, STM32C092FCP6, STM32C092GBU6, STM32C092GCU6, STM32C092KBT6, STM32C092KBU6, STM32C092KCT6, STM32C092KCU6, STM32C092RBT6, STM32C092RCI6, STM32C092RCT6, STM32G071K8TXN, STM32G071K8UXN, STM32G081GBU6N, STM32G081KBT6N, STM32G081KBUXN, STM32G0B1CCT6N, STM32G0B1KCT6, STM32G0B1NEY6TR, STM32G0B1RCT6N, STM32G0C1CCT6, STM32G0C1CCT6N, STM32G0C1CCU6N, STM32G0C1CET6N, STM32G0C1CEU6N, STM32G0C1KCT6, STM32G0C1NEY6TR, STM32G0C1RCI6N, STM32G0C1RCT6N, STM32G0C1REI6N, STM32G0C1RET6N, STM32G0C1VCI6, STM32G0C1VEI6, STM32G411C6T3, STM32G411C6T6, STM32G411C6U3, STM32G411C6U6, STM32G411C8T3, STM32G411C8T6, STM32G411C8U3, STM32G411C8U6, STM32G411CBT3, STM32G411CBT6, STM32G411CBU3, STM32G411CBU6, STM32G411K6T3, STM32G411K6T6, STM32G411K6U3, STM32G411K6U6, STM32G411K8T3, STM32G411K8T6, STM32G411K8U3, STM32G411K8U6, STM32G411KBT3, STM32G411KBT6, STM32G411KBU3, STM32G411KBU6, STM32G411M6T3, STM32G411M6T6, STM32G411M8T3, STM32G411M8T6, STM32G411MBT3, STM32G411MBT6, STM32G411R6T3, STM32G411R6T6, STM32G411R8T3, STM32G411R8T6, STM32G411RBT3, STM32G411RBT6, STM32G414CBT3, STM32G414CBT6, STM32G414CBU3, STM32G414CBU6, STM32G414CCT3, STM32G414CCT6, STM32G414CCU3, STM32G414CCU6, STM32G414MBT3, STM32G414MBT6, STM32G414MCT3, STM32G414MCT6, STM32G414RBT3, STM32G414RBT6, STM32G414RCT3, STM32G414RCT6, STM32G414VBT3, STM32G414VBT6, STM32G414VCT3, STM32G414VCT6, STM32G431CBT3Z, STM32G431RBT3Z, STM32G471CCT6, STM32G471CCU6, STM32G471CET3, STM32G471CET6, STM32G471CEU3, STM32G471CEU6, STM32G471MCT6, STM32G471MET3, STM32G471MET6, STM32G471MEY6TR, STM32G471QCT6, STM32G471QET3, STM32G471RCT6, STM32G471RET3, STM32G471RET6, STM32G471VCH6, STM32G471VCI6, STM32G471VCT6, STM32G471VEH3, STM32G471VEH6, STM32G471VEI3, STM32G471VEI6, STM32G471VET3, STM32G471VET6, STM32G473QET3Z, STM32G473RET3Z, STM32G474CCT6, STM32G491RET3Z, STM32H503CBT6, STM32H503CBU6, STM32H503EBY6TR, STM32H503KBU6, STM32H503RBT6, STM32H523CCT6, STM32H523CCU6, STM32H523CET6, STM32H523CEU6, STM32H523HEY6TR, STM32H523RCT6, STM32H523RET6, STM32H523VCI6, STM32H523VCT6, STM32H523VEI6, STM32H523VET6, STM32H523ZCJ6, STM32H523ZCT6, STM32H523ZEJ6, STM32H523ZET6, STM32H533CET6, STM32H533CEU6, STM32H533HEY6TR, STM32H533RET6, STM32H533VEI6, STM32H533VET6, STM32H533ZEJ6, STM32H533ZET6, STM32H562AGI6, STM32H562AII6, STM32H562IGK6, STM32H562IGT6, STM32H562IIK6, STM32H562IIT6, STM32H562RGT6, STM32H562RGV6, STM32H562RIT6, STM32H562RIV6, STM32H562VGT6, STM32H562VIT6, STM32H562ZGT6, STM32H562ZIT6, STM32H563AGI6, STM32H563AII3Q, STM32H563AII6, STM32H563IGK6, STM32H563IGT6, STM32H563IIK3Q, STM32H563IIK6, STM32H563IIT3Q, STM32H563IIT6, STM32H563MIY3QTR, STM32H563RGT6, STM32H563RGV6, STM32H563RIT6, STM32H563RIV6, STM32H563VGT6, STM32H563VIT3Q, STM32H563VIT6, STM32H563ZGT6, STM32H563ZIT3Q, STM32H563ZIT6, STM32H573AII3Q, STM32H573AII6, STM32H573I-DK, STM32H573IIK3Q, STM32H573IIK6, STM32H573IIT3Q, STM32H573IIT6, STM32H573MIY3QTR, STM32H573RIT6, STM32H573RIV6, STM32H573VIT3Q, STM32H573VIT6, STM32H573ZIT3Q, STM32H573ZIT6, STM32H7R3A8I6, STM32H7R3I8K6, STM32H7R3I8T6, STM32H7R3L8H6, STM32H7R3L8H6H, STM32H7R3R8V6, STM32H7R3V8H6, STM32H7R3V8T6, STM32H7R3V8Y6TR, STM32H7R3Z8J6, STM32H7R3Z8T6, STM32H7R7A8I6, STM32H7R7I8K6, STM32H7R7I8T6, STM32H7R7L8H6, STM32H7R7L8H6H, STM32H7R7Z8J6, STM32H7S3A8I6, STM32H7S3I8K6, STM32H7S3I8T6, STM32H7S3L8H6, STM32H7S3L8H6H, STM32H7S3R8V6, STM32H7S3V8H6, STM32H7S3V8T6, STM32H7S3V8Y6TR, STM32H7S3Z8J6, STM32H7S3Z8T6, STM32H7S78-DK, STM32H7S7A8I6, STM32H7S7I8K6, STM32H7S7I8T6, STM32H7S7L8H6, STM32H7S7L8H6H, STM32H7S7Z8J6, STM32L4R5QGI6STR, STM32MP131AAE3, STM32MP131AAF3, STM32MP131AAG3, STM32MP131CAE3, STM32MP131CAF3, STM32MP131CAG3, STM32MP131DAE7, STM32MP131DAF7, STM32MP131DAG7, STM32MP131FAE7, STM32MP131FAF7, STM32MP131FAG7, STM32MP133AAE3, STM32MP133AAF3, STM32MP133AAG3, STM32MP133CAE3, STM32MP133CAF3, STM32MP133CAG3, STM32MP133DAE7, STM32MP133DAF7, STM32MP133DAG7, STM32MP133FAE7, STM32MP133FAF7, STM32MP133FAG7, STM32MP135AAE3, STM32MP135AAF3, STM32MP135AAG3, STM32MP135CAE3, STM32MP135CAF3, STM32MP135CAG3, STM32MP135DAE7, STM32MP135DAF7, STM32MP135DAG7, STM32MP135F-DK, STM32MP135FAE7, STM32MP135FAF7, STM32MP135FAF7T, STM32MP135FAF7U, STM32MP135FAG7, STM32MP211AAL3, STM32MP211AAM3, STM32MP211AAN3, STM32MP211AAO3, STM32MP211CAL3, STM32MP211CAM3, STM32MP211CAN3, STM32MP211CAO3, STM32MP211DAL3, STM32MP211DAM3, STM32MP211DAN3, STM32MP211DAO3, STM32MP211FAL3, STM32MP211FAM3, STM32MP211FAN3, STM32MP211FAO3, STM32MP213AAL3, STM32MP213AAM3, STM32MP213AAN3, STM32MP213AAO3, STM32MP213CAL3, STM32MP213CAM3, STM32MP213CAN3, STM32MP213CAO3, STM32MP213DAL3, STM32MP213DAM3, STM32MP213DAN3, STM32MP213DAO3, STM32MP213FAL3, STM32MP213FAM3, STM32MP213FAN3, STM32MP213FAO3, STM32MP215AAL3, STM32MP215AAM3, STM32MP215AAN3, STM32MP215AAO3, STM32MP215CAL3, STM32MP215CAM3, STM32MP215CAN3, STM32MP215CAO3, STM32MP215DAL3, STM32MP215DAM3, STM32MP215DAN3, STM32MP215DAO3, STM32MP215F-DK, STM32MP215FAL3, STM32MP215FAM3, STM32MP215FAN3, STM32MP215FAO3, STM32MP231AAJ3, STM32MP231AAK3, STM32MP231AAL3, STM32MP231CAJ3, STM32MP231CAK3, STM32MP231CAL3, STM32MP231DAJ3, STM32MP231DAK3, STM32MP231DAL3, STM32MP231FAJ3, STM32MP231FAK3, STM32MP231FAL3, STM32MP233AAJ3, STM32MP233AAK3, STM32MP233AAL3, STM32MP233CAJ3, STM32MP233CAK3, STM32MP233CAL3, STM32MP233DAJ3, STM32MP233DAK3, STM32MP233DAL3, STM32MP233FAJ3, STM32MP233FAK3, STM32MP233FAL3, STM32MP235AAJ3, STM32MP235AAK3, STM32MP235AAL3, STM32MP235CAJ3, STM32MP235CAK3, STM32MP235CAL3, STM32MP235DAJ3, STM32MP235DAK3, STM32MP235DAL3, STM32MP235FAJ3, STM32MP235FAK3, STM32MP235FAL3, STM32MP251AAI3, STM32MP251AAK3, STM32MP251AAL3, STM32MP251CAI3, STM32MP251CAK3, STM32MP251CAL3, STM32MP251DAI3, STM32MP251DAK3, STM32MP251DAL3, STM32MP251FAI3, STM32MP251FAK3, STM32MP251FAL3, STM32MP253AAI3, STM32MP253AAK3, STM32MP253AAL3, STM32MP253CAI3, STM32MP253CAK3, STM32MP253CAL3, STM32MP253DAI3, STM32MP253DAK3, STM32MP253DAL3, STM32MP253FAI3, STM32MP253FAK3, STM32MP253FAL3, STM32MP255AAI3, STM32MP255AAK3, STM32MP255AAL3, STM32MP255CAI3, STM32MP255CAK3, STM32MP255CAL3, STM32MP255DAI3, STM32MP255DAK3, STM32MP255DAL3, STM32MP255FAI3, STM32MP255FAK3, STM32MP255FAL3, STM32MP257AAI3, STM32MP257AAK3, STM32MP257AAL3, STM32MP257CAI3, STM32MP257CAK3, STM32MP257CAL3, STM32MP257DAI3, STM32MP257DAK3, STM32MP257DAL3, STM32MP257F-DK, STM32MP257F-EV1, STM32MP257FAI3, STM32MP257FAK3, STM32MP257FAL3, STM32N645A0H3Q, STM32N645B0H3Q, STM32N645I0H3Q, STM32N645L0H3Q, STM32N645X0H3Q, STM32N645Z0H3Q, STM32N647A0H3Q, STM32N647B0H3Q, STM32N647I0H3Q, STM32N647L0H3Q, STM32N647X0H3Q, STM32N647Z0H3Q, STM32N655A0H3Q, STM32N655B0H3Q, STM32N655I0H3Q, STM32N655L0H3Q, STM32N655X0H3Q, STM32N655Z0H3Q, STM32N6570-DK, STM32N657A0H3Q, STM32N657B0H3Q, STM32N657I0H3Q, STM32N657L0H3Q, STM32N657X0H3Q, STM32N657Z0H3Q, STM32U031C6T6, STM32U031C6U6, STM32U031C8T6, STM32U031C8U6, STM32U031F4P6, STM32U031F6P6, STM32U031F8P6, STM32U031G6Y6TR, STM32U031G8Y6TR, STM32U031K4U6, STM32U031K6U6, STM32U031K8U6, STM32U031R6I6, STM32U031R6T6, STM32U031R8I6, STM32U031R8T6, STM32U073C8T6, STM32U073C8U6, STM32U073CBT6, STM32U073CBU6, STM32U073CCT6, STM32U073CCU6, STM32U073H8Y6TR, STM32U073HBY6TR, STM32U073HCY6TR, STM32U073K8U6, STM32U073KBU6, STM32U073KCU6, STM32U073M8I6, STM32U073M8T6, STM32U073MBI6, STM32U073MBT6, STM32U073MCI6, STM32U073MCT6, STM32U073R8I6, STM32U073R8T6, STM32U073RBI6, STM32U073RBT6, STM32U073RCI6, STM32U073RCT6, STM32U083C-DK, STM32U083CCT6, STM32U083CCU6, STM32U083HCY6TR, STM32U083KCU6, STM32U083MCI6, STM32U083MCT6, STM32U083RCI6, STM32U083RCT6, STM32U375CET6, STM32U375CET6Q, STM32U375CEU6, STM32U375CEU6Q, STM32U375CEY6QTR, STM32U375CGT6, STM32U375CGT6Q, STM32U375CGU6, STM32U375CGU6Q, STM32U375CGY6QTR, STM32U375KEU6, STM32U375KGU6, STM32U375REI6, STM32U375REI6Q, STM32U375RET6, STM32U375RET6Q, STM32U375REY6GTR, STM32U375REY6QTR, STM32U375RGI6, STM32U375RGI6Q, STM32U375RGT6, STM32U375RGT6Q, STM32U375RGY6GTR, STM32U375RGY6QTR, STM32U375VEI6, STM32U375VEI6Q, STM32U375VET6, STM32U375VET6Q, STM32U375VGI6, STM32U375VGI6Q, STM32U375VGT6, STM32U375VGT6Q, STM32U385CGT6, STM32U385CGT6Q, STM32U385CGU6, STM32U385CGU6Q, STM32U385CGY6QTR, STM32U385KGU6, STM32U385RGI6, STM32U385RGI6Q, STM32U385RGT6, STM32U385RGT6Q, STM32U385RGY6GTR, STM32U385RGY6QTR, STM32U385VGI6, STM32U385VGI6Q, STM32U385VGT6, STM32U385VGT6Q, STM32U535CBT6, STM32U535CBT6Q, STM32U535CBU6, STM32U535CBU6Q, STM32U535CCT6, STM32U535CCT6Q, STM32U535CCU6, STM32U535CCU6Q, STM32U535CET6, STM32U535CET6Q, STM32U535CEU6, STM32U535CEU6Q, STM32U535JEY6QTR, STM32U535NCY6QTR, STM32U535NEY6QTR, STM32U535RBI6, STM32U535RBI6Q, STM32U535RBT6, STM32U535RBT6Q, STM32U535RCI6, STM32U535RCI6Q, STM32U535RCT6, STM32U535RCT6Q, STM32U535REI6, STM32U535REI6Q, STM32U535RET6, STM32U535RET6Q, STM32U535VCI6, STM32U535VCI6Q, STM32U535VCT6, STM32U535VCT6Q, STM32U535VEI6, STM32U535VEI6Q, STM32U535VET6, STM32U535VET6Q, STM32U545CET6, STM32U545CET6Q, STM32U545CEU6, STM32U545CEU6Q, STM32U545JEY6QTR, STM32U545NEY6QTR, STM32U545REI6, STM32U545REI6Q, STM32U545RET6, STM32U545RET6Q, STM32U545VEI6, STM32U545VEI6Q, STM32U545VET6, STM32U545VET6Q, STM32U595AIH6, STM32U595AIH6Q, STM32U595AJH6, STM32U595AJH6Q, STM32U595QII6, STM32U595QII6Q, STM32U595QJI6, STM32U595QJI6Q, STM32U595RIT6, STM32U595RIT6Q, STM32U595RJT6, STM32U595RJT6Q, STM32U595VIT6, STM32U595VIT6Q, STM32U595VJT6, STM32U595VJT6Q, STM32U595ZIT6, STM32U595ZIT6Q, STM32U595ZIY6QTR, STM32U595ZJT6, STM32U595ZJT6Q, STM32U595ZJY6QTR, STM32U599BJY6QTR, STM32U599NIH6Q, STM32U599NJH6Q, STM32U599VIT6Q, STM32U599VJT6, STM32U599VJT6Q, STM32U599ZIT6Q, STM32U599ZIY6QTR, STM32U599ZJT6Q, STM32U599ZJY6QTR, STM32U5A5AJH6, STM32U5A5AJH6Q, STM32U5A5QII3Q , STM32U5A5QJI6, STM32U5A5QJI6Q, STM32U5A5RJT6, STM32U5A5RJT6Q, STM32U5A5VJT6, STM32U5A5VJT6Q, STM32U5A5ZJT6, STM32U5A5ZJT6Q, STM32U5A5ZJY6QTR, STM32U5A9BJY6QTR, STM32U5A9J-DK, STM32U5A9NJH6Q, STM32U5A9VJT6Q, STM32U5A9ZJT6Q, STM32U5A9ZJY6QTR, STM32U5F7VIT6, STM32U5F7VIT6Q, STM32U5F7VJT6, STM32U5F7VJT6Q, STM32U5F9BJY6QTR, STM32U5F9NJH6Q, STM32U5F9VIT6Q, STM32U5F9VJT6Q, STM32U5F9ZIJ6QTR, STM32U5F9ZIT6Q, STM32U5F9ZJJ6QTR, STM32U5F9ZJT6Q, STM32U5G7VJT6, STM32U5G7VJT6Q, STM32U5G9BJY6QTR, STM32U5G9J-DK1, STM32U5G9J-DK2, STM32U5G9NJH6Q, STM32U5G9VJT6Q, STM32U5G9ZJJ6QTR, STM32U5G9ZJT6Q, STM32WB05KZV6TR, STM32WB05KZV7TR, STM32WB05TZF6TR, STM32WB05TZF7TR, STM32WB06CCF6TR, STM32WB06CCF7TR, STM32WB06CCV6TR, STM32WB06CCV7TR, STM32WB06KCV6TR, STM32WB06KCV7TR, STM32WB07CCF6TR, STM32WB07CCF7TR, STM32WB07CCV6TR, STM32WB07CCV7TR, STM32WB07KCV6TR, STM32WB07KCV7TR, STM32WB09KEV6TR, STM32WB09KEV7TR, STM32WB09TEF6TR, STM32WB09TEF7TR, STM32WB1MMCH6, STM32WBA50KGU6, STM32WBA50KGU6TR, STM32WBA52CEU6, STM32WBA52CEU6TR, STM32WBA52CEU7, STM32WBA52CEU7TR, STM32WBA52CGU6, STM32WBA52CGU6TR, STM32WBA52CGU6U, STM32WBA52CGU7, STM32WBA52CGU7TR, STM32WBA52KEU6, STM32WBA52KEU6TR, STM32WBA52KGU6, STM32WBA52KGU6TR, STM32WBA54CEU6, STM32WBA54CEU6TR, STM32WBA54CEU7, STM32WBA54CEU7TR, STM32WBA54CGU6, STM32WBA54CGU6TR, STM32WBA54CGU7, STM32WBA54CGU7TR, STM32WBA54KEU6, STM32WBA54KEU6TR, STM32WBA54KEU7, STM32WBA54KEU7TR, STM32WBA54KGU6, STM32WBA54KGU6TR, STM32WBA54KGU7, STM32WBA54KGU7TR, STM32WBA55CEU6, STM32WBA55CEU6TR, STM32WBA55CEU7, STM32WBA55CEU7TR, STM32WBA55CGU6, STM32WBA55CGU6TR, STM32WBA55CGU6U, STM32WBA55CGU7, STM32WBA55CGU7TR, STM32WBA55G-DK1, STM32WBA55HEF6, STM32WBA55HEF7, STM32WBA55HGF6, STM32WBA55HGF7, STM32WBA55UEI6, STM32WBA55UEI6TR, STM32WBA55UEI7, STM32WBA55UEI7TR, STM32WBA55UGI6, STM32WBA55UGI6TR, STM32WBA55UGI7, STM32WBA55UGI7TR, STM32WBA5MMGH6TR, STM32WBA62MGF6, STM32WBA62MIF6, STM32WBA65MGF7, STM32WBA65MIF6, STM32WBA65MIF7, STM32WL30K8V6, STM32WL30KBV6, STM32WL31C8V6, STM32WL31CBV6, STM32WL31K8V6, STM32WL31KBV6, STM32WL33C8V6, STM32WL33C8V6X, STM32WL33CBV6, STM32WL33CBV6X, STM32WL33CCV6, STM32WL33CCV6A, STM32WL33CCV6X, STM32WL33K8V7, STM32WL33K8V7X, STM32WL33KBV7 , STM32WL33KBV7X, STM32WL33KCV7, STM32WL33KCV7X, STM32WL5MOCH6, STM32WL5MOCH6TR]
2026-06-21 14:35:41,599 [INFO] BoardInfo:889 - No configuration file found for board NUCLEO-H5E5ZJ
2026-06-21 14:35:41,612 [INFO] DbBoards:161 - Board is not supported: NUCLEO-H5E5ZJ
2026-06-21 14:35:41,770 [INFO] BoardInfo:889 - No configuration file found for board NUCLEO-U3C5ZI-Q
2026-06-21 14:35:41,771 [INFO] DbBoards:161 - Board is not supported: NUCLEO-U3C5ZI-Q
2026-06-21 14:35:41,824 [INFO] BoardInfo:889 - No configuration file found for board NUCLEO-WBA25CE1
2026-06-21 14:35:41,825 [INFO] DbBoards:161 - Board is not supported: NUCLEO-WBA25CE1
2026-06-21 14:35:41,849 [INFO] BoardInfo:889 - No configuration file found for board NUCLEO-WL3RKB1
2026-06-21 14:35:41,850 [INFO] DbBoards:161 - Board is not supported: NUCLEO-WL3RKB1
2026-06-21 14:35:41,852 [INFO] BoardInfo:889 - No configuration file found for board NUCLEO-WL3RKB2
2026-06-21 14:35:41,853 [INFO] DbBoards:161 - Board is not supported: NUCLEO-WL3RKB2
2026-06-21 14:35:41,870 [INFO] BoardInfo:889 - No configuration file found for board P-NUCLEO-WB55
2026-06-21 14:35:41,871 [INFO] DbBoards:161 - Kit is not supported: P-NUCLEO-WB55
2026-06-21 14:35:41,883 [INFO] BoardInfo:889 - No configuration file found for board STEVAL-BFA001V1B
2026-06-21 14:35:41,884 [INFO] DbBoards:161 - Kit is not supported: STEVAL-BFA001V1B
2026-06-21 14:35:41,886 [INFO] BoardInfo:889 - No configuration file found for board STEVAL-BFA001V2B
2026-06-21 14:35:41,887 [INFO] DbBoards:161 - Kit is not supported: STEVAL-BFA001V2B
2026-06-21 14:35:42,217 [INFO] BoardInfo:889 - No configuration file found for board STM32H5F5J-DK
2026-06-21 14:35:42,219 [INFO] DbBoards:161 - Board is not supported: STM32H5F5J-DK
2026-06-21 14:35:42,413 [INFO] DbBoards:168 - Found 218 boards, 209 are supported
2026-06-21 14:35:42,414 [INFO] DbBoards:169 - Found 218 boards, 43 of them is supported for  Bsp
2026-06-21 14:35:42,428 [INFO] ApiDb:423 - Load user favorites file /home/ilyes/.stm32cubeide/favorites.boards.txt: 1 item(s)
2026-06-21 14:35:42,428 [INFO] ApiDb:427 - User favorites Boards=[NUCLEO-F446RE]
2026-06-21 14:35:42,429 [INFO] DbBoards:198 - Set 1 / 1 favorites Boards
2026-06-21 14:35:42,434 [INFO] ApiDb:668 - CubeFinder database Data Model version=2.1
2026-06-21 14:35:42,435 [INFO] ApiDb:669 - CubeFinder database Configuration version=3.0.42
2026-06-21 14:35:42,435 [INFO] ApiDb:670 - CubeFinder database generation date=2026-05-14 (1778746352)
2026-06-21 14:35:42,435 [INFO] ApiDb:671 - CubeFinder database FW Pack versions=[FP-ATR-ASTRA1_V2.0.0, FP-SNS-FLIGHT1_V5.1.0, FP-SNS-MOTENV1_V5.1.0, FP-SNS-MOTENVWB1_V1.5.0, FP-SNS-SMARTAG2_V1.2.0, FP-SNS-STBOX1_V2.1.0, STM32Cube_FW_C0_V1.4.0, STM32Cube_FW_F4_V1.28.3, STM32Cube_FW_F7_V1.17.4, STM32Cube_FW_G0_V1.6.3, STM32Cube_FW_G4_V1.6.2, STM32Cube_FW_H5_V1.6.0, STM32Cube_FW_H7RS_V1.3.0, STM32Cube_FW_H7_V1.13.0, STM32Cube_FW_L0_V1.12.2, STM32Cube_FW_L4_V1.18.2, STM32Cube_FW_L5_V1.6.0, STM32Cube_FW_N6_V1.3.0, STM32Cube_FW_U0_V1.3.0, STM32Cube_FW_U3_V1.3.0, STM32Cube_FW_U5_V1.8.0, STM32Cube_FW_WB0_V1.4.0, STM32Cube_FW_WBA_V1.9.0, STM32Cube_FW_WB_V1.24.0, STM32Cube_FW_WL3_V1.4.0, STM32Cube_FW_WL_V1.5.0, X-CUBE-ALGOBUILD_V1.4.0, X-CUBE-ALS_V1.0.2, X-CUBE-AZRTOS-F4_V1.1.0, X-CUBE-AZRTOS-F7_V1.1.0, X-CUBE-AZRTOS-G0_V1.1.0, X-CUBE-AZRTOS-G4_V2.0.0, X-CUBE-AZRTOS-H7RS_V1.1.0, X-CUBE-AZRTOS-H7_V3.5.0, X-CUBE-AZRTOS-L4_V2.0.0, X-CUBE-AZRTOS-L5_V2.0.0, X-CUBE-AZRTOS-WB_V2.0.0, X-CUBE-AZRTOS-WL_V2.0.0, X-CUBE-BLE1_V7.1.0, X-CUBE-BLE2_V3.3.0, X-CUBE-BLEMGR_V4.1.0, X-CUBE-EEPRMA1_V5.2.0, X-CUBE-FREERTOS_V1.5.0, X-CUBE-GNSS1_V7.1.1, X-CUBE-MEMS1_V12.1.0, X-CUBE-NFC4_V3.0.0, X-CUBE-NFC7_V2.0.0, X-CUBE-SFXS2LP1_V4.0.0, X-CUBE-ST67W61_V1.3.0, X-CUBE-SUBG2_V5.0.0, X-CUBE-TOF1_V3.4.3]
2026-06-21 14:35:46,101 [ERROR] DbExamplesSqlite:437 - Missing JSON key: board_cpn
2026-06-21 14:35:46,102 [ERROR] DbExamplesSqlite:437 - Missing JSON key: board_cpn
2026-06-21 14:35:46,103 [ERROR] DbExamplesSqlite:437 - Missing JSON key: board_cpn
2026-06-21 14:35:46,104 [ERROR] DbExamplesSqlite:437 - Missing JSON key: board_cpn
2026-06-21 14:35:48,155 [ERROR] DbExamplesSqlite:437 - Missing JSON key: board_cpn
2026-06-21 14:35:48,156 [ERROR] DbExamplesSqlite:437 - Missing JSON key: board_cpn
2026-06-21 14:35:48,843 [INFO] DbExamplesSqlite:395 - Ignored 39 examples not supported by CubeIDE
2026-06-21 14:35:48,856 [INFO] DbExamplesSqlite:396 - Found 11215 examples active
2026-06-21 14:35:48,857 [INFO] DbExamplesSqlite:397 - Found 0 examples obsolete
2026-06-21 14:35:48,865 [INFO] DbExamplesSqlite:398 - Found 0 examples under development
2026-06-21 14:35:48,874 [INFO] DbExamplesSqlite:399 - Found 76 examples not building
2026-06-21 14:35:48,880 [INFO] DbExamples:125 - Found 11252 examples
2026-06-21 14:35:49,594 [ERROR] DbExamples:208 - Found 381 examples with invalid data (board or MCU)
2026-06-21 14:35:49,595 [INFO] DbExamples:222 - Found 140 boards with related examples
2026-06-21 14:35:49,598 [INFO] DbExamples:235 - Found 114 MCUs with related examples
2026-06-21 14:35:49,670 [INFO] ApiDb:423 - Load user favorites file /home/ilyes/.stm32cubeide/favorites.examples.txt: 0 item(s)
2026-06-21 14:35:49,670 [INFO] ApiDb:427 - User favorites Examples=[]
2026-06-21 14:35:49,671 [INFO] DbExamples:250 - Set 0 / 0 favorites Examples
2026-06-21 14:35:51,151 [INFO] McuFinderGlobals:76 - Set McuFinderConnectedMode to true
2026-06-21 14:35:51,221 [INFO] MultiScanPanel:200 - Auto-refresh data requested => check proxy status ongoing
2026-06-21 14:35:51,234 [INFO] FinderPluginLoader:96 - Searching for filters in installed packs
2026-06-21 14:36:00,642 [INFO] LoadUrlFilesThread:185 - End of LoadServerUrlFiles without Thread
2026-06-21 14:36:00,989 [INFO] DetailPanel:341 - Set advertising image to /home/ilyes/STM32Cube/Repository//en.prom-stm32wl3r-0526.jpg
2026-06-21 14:49:30,800 [INFO] MultiScanPanel:200 - Auto-refresh data requested => check proxy status ongoing
2026-06-21 14:49:31,597 [INFO] LoadUrlFilesThread:185 - End of LoadServerUrlFiles without Thread
2026-06-21 14:49:31,598 [INFO] DetailPanel:341 - Set advertising image to /home/ilyes/STM32Cube/Repository//en.prom-stm32wl3r-0526.jpg
2026-06-21 14:49:31,670 [INFO] DbBoards:642 - Loading board mini-images...
2026-06-21 14:49:45,362 [INFO] DbBoards:665 - Loaded 218 board mini-images
2026-06-21 14:51:21,824 [INFO] McuFinderGlobals:76 - Set McuFinderConnectedMode to true
2026-06-21 14:51:21,873 [INFO] ApiDb:448 - Save user favorites file /home/ilyes/.stm32cubeide/favorites.mcus.txt: 0 item(s)
2026-06-21 14:51:21,874 [INFO] ApiDb:452 - User favorites MCUs=[]
2026-06-21 14:51:21,892 [INFO] ApiDb:448 - Save user favorites file /home/ilyes/.stm32cubeide/favorites.boards.txt: 1 item(s)
2026-06-21 14:51:21,893 [INFO] ApiDb:452 - User favorites Boards=[NUCLEO-F446RE]
2026-06-21 15:02:02,908 [INFO] Activator:176 - 


2026-06-21 15:02:02,915 [INFO] Activator:177 - !SESSION log4j initialized
2026-06-21 15:02:17,803 [INFO] LogOutputStream:77 - [STDOUT_REDIRECT] 
2026-06-21 15:02:21,302 [INFO] ApplicationProperties:184 - Using Application install path: /home/ilyes/Downloads/makeself_dir_o70WRx/y/plugins/com.st.stm32cube.common.mx_6.15.0.202507011659
2026-06-21 15:02:21,376 [INFO] DbMcusXml:78 - Set database path to: /home/ilyes/Downloads/makeself_dir_o70WRx/y/plugins/com.st.stm32cube.common.mx_6.15.0.202507011659//db//mcu/
2026-06-21 15:02:21,377 [INFO] ApiDb:274 - Set plugin database path to: /home/ilyes/Downloads/makeself_dir_o70WRx/y/plugins/com.st.stm32cube.common.mx_6.15.0.202507011659//db//plugins/boardmanager/
2026-06-21 15:02:21,378 [WARN] ApiDb:259 - Overriding images path with different value:  => /home/ilyes/Downloads/makeself_dir_o70WRx/y/plugins/com.st.stm32cube.common.mx_6.15.0.202507011659//db//plugins/mcufinder/images/
2026-06-21 15:02:21,405 [INFO] ApiDb:250 - Set database path to: /home/ilyes/.stmcufinder/plugins/mcufinder//mcu/
2026-06-21 15:02:21,409 [INFO] DbMcusAds:125 - Set database path to: /home/ilyes/.stmcufinder/plugins/mcufinder//mcu/
2026-06-21 15:02:21,417 [INFO] CrossReferenceDbSqlite:203 - Set database path to: /home/ilyes/.stmcufinder/plugins/mcufinder//mcu/cs/
2026-06-21 15:02:21,816 [INFO] RulesReader:64 - Compatibility file has been processed (317 Rules)
2026-06-21 15:02:22,024 [INFO] DbMcusXml:78 - Set database path to: /home/ilyes/Downloads/makeself_dir_o70WRx/y/plugins/com.st.stm32cube.common.mx_6.15.0.202507011659//db//mcu/
2026-06-21 15:02:22,024 [INFO] ApiDb:274 - Set plugin database path to: /home/ilyes/Downloads/makeself_dir_o70WRx/y/plugins/com.st.stm32cube.common.mx_6.15.0.202507011659//db//plugins/boardmanager/
2026-06-21 15:02:22,025 [INFO] ApiDb:261 - Set plugin images path to: /home/ilyes/Downloads/makeself_dir_o70WRx/y/plugins/com.st.stm32cube.common.mx_6.15.0.202507011659//db//plugins/mcufinder/images/
2026-06-21 15:02:22,026 [WARN] DbFile:41 - Overriding database path with different value: /home/ilyes/.stmcufinder/plugins/mcufinder/ => /home/ilyes/.stmcufinder/plugins/mcufinder
2026-06-21 15:02:22,026 [INFO] ApiDb:250 - Set database path to: /home/ilyes/.stmcufinder/plugins/mcufinder//mcu/
2026-06-21 15:02:22,027 [WARN] DbFile:41 - Overriding database path with different value: /home/ilyes/.stmcufinder/plugins/mcufinder/ => /home/ilyes/.stmcufinder/plugins/mcufinder
2026-06-21 15:02:22,027 [INFO] DbMcusAds:125 - Set database path to: /home/ilyes/.stmcufinder/plugins/mcufinder//mcu/
2026-06-21 15:02:22,028 [WARN] DbFile:41 - Overriding database path with different value: /home/ilyes/.stmcufinder/plugins/mcufinder/ => /home/ilyes/.stmcufinder/plugins/mcufinder
2026-06-21 15:02:22,028 [WARN] DbFile:41 - Overriding database path with different value: /home/ilyes/.stmcufinder/plugins/mcufinder/ => /home/ilyes/.stmcufinder/plugins/mcufinder
2026-06-21 15:02:22,029 [INFO] CrossReferenceDbSqlite:203 - Set database path to: /home/ilyes/.stmcufinder/plugins/mcufinder//mcu/cs/
2026-06-21 15:02:22,264 [INFO] MainPanel:274 - HeapMemory: 268435456
2026-06-21 15:02:22,670 [INFO] DbMcusXml:78 - Set database path to: /home/ilyes/Downloads/makeself_dir_o70WRx/y/plugins/com.st.stm32cube.common.mx_6.15.0.202507011659//db//mcu/
2026-06-21 15:02:22,670 [INFO] ApiDb:274 - Set plugin database path to: /home/ilyes/Downloads/makeself_dir_o70WRx/y/plugins/com.st.stm32cube.common.mx_6.15.0.202507011659//db//plugins/boardmanager/
2026-06-21 15:02:22,671 [INFO] ApiDb:261 - Set plugin images path to: /home/ilyes/Downloads/makeself_dir_o70WRx/y/plugins/com.st.stm32cube.common.mx_6.15.0.202507011659//db//plugins/mcufinder/images/
2026-06-21 15:02:22,672 [WARN] DbFile:41 - Overriding database path with different value: /home/ilyes/.stmcufinder/plugins/mcufinder/ => /home/ilyes/.stmcufinder/plugins/mcufinder
2026-06-21 15:02:22,673 [INFO] ApiDb:250 - Set database path to: /home/ilyes/.stmcufinder/plugins/mcufinder//mcu/
2026-06-21 15:02:22,673 [WARN] DbFile:41 - Overriding database path with different value: /home/ilyes/.stmcufinder/plugins/mcufinder/ => /home/ilyes/.stmcufinder/plugins/mcufinder
2026-06-21 15:02:22,673 [INFO] DbMcusAds:125 - Set database path to: /home/ilyes/.stmcufinder/plugins/mcufinder//mcu/
2026-06-21 15:02:22,674 [WARN] DbFile:41 - Overriding database path with different value: /home/ilyes/.stmcufinder/plugins/mcufinder/ => /home/ilyes/.stmcufinder/plugins/mcufinder
2026-06-21 15:02:22,674 [WARN] DbFile:41 - Overriding database path with different value: /home/ilyes/.stmcufinder/plugins/mcufinder/ => /home/ilyes/.stmcufinder/plugins/mcufinder
2026-06-21 15:02:22,675 [INFO] CrossReferenceDbSqlite:203 - Set database path to: /home/ilyes/.stmcufinder/plugins/mcufinder//mcu/cs/
2026-06-21 15:02:22,736 [INFO] ApplicationProperties:184 - Using Application install path: /home/ilyes/Downloads/makeself_dir_o70WRx/y/plugins/com.st.stm32cube.common.mx_6.15.0.202507011659
2026-06-21 15:02:22,741 [INFO] PluginManage:196 - Search for loadable plugins [exclusion list=, ]
2026-06-21 15:02:22,744 [INFO] PluginManage:310 - Check plugin analytics
2026-06-21 15:02:23,480 [INFO] AnalyticsPlugin:253 - Accepted Software Licenses: 
2026-06-21 15:02:23,480 [INFO] AnalyticsPlugin:255 - Accepted CMSIS Pack Licenses: 
2026-06-21 15:02:23,481 [INFO] AnalyticsPlugin:257 - Accepted Firmware Licenses: FW.F4.1.28.0
2026-06-21 15:02:23,504 [INFO] PluginManage:359 - Loaded plugin analytics (category:tool,tabindex:-1)
2026-06-21 15:02:23,506 [INFO] PluginManage:310 - Check plugin cadmodel
2026-06-21 15:02:23,523 [INFO] CADModel:105 - Init CAD model plugin
2026-06-21 15:02:23,524 [INFO] PluginManage:359 - Loaded plugin cadmodel (category:power,tabindex:5)
2026-06-21 15:02:23,525 [INFO] PluginManage:310 - Check plugin clock
2026-06-21 15:02:23,554 [INFO] PluginManage:359 - Loaded plugin clock (category:base,tabindex:2)
2026-06-21 15:02:23,555 [INFO] PluginManage:310 - Check plugin ddr
2026-06-21 15:02:23,561 [INFO] PluginManage:359 - Loaded plugin ddr (category:tool,tabindex:6)
2026-06-21 15:02:23,564 [INFO] PluginManage:310 - Check plugin filemanager
2026-06-21 15:02:23,991 [INFO] PluginManage:359 - Loaded plugin filemanager (category:base,tabindex:10)
2026-06-21 15:02:23,992 [INFO] PluginManage:310 - Check plugin ipmanager
2026-06-21 15:02:24,007 [INFO] PluginManage:359 - Loaded plugin ipmanager (category:base,tabindex:5)
2026-06-21 15:02:24,007 [INFO] PluginManage:310 - Check plugin lpbam
2026-06-21 15:02:24,035 [INFO] PluginManage:359 - Loaded plugin lpbam (category:base,tabindex:0)
2026-06-21 15:02:24,036 [INFO] PluginManage:310 - Check plugin memorymap
2026-06-21 15:02:24,077 [INFO] PluginManage:359 - Loaded plugin memorymap (category:base,tabindex:4)
2026-06-21 15:02:24,077 [INFO] PluginManage:310 - Check plugin pinoutandconfiguration
2026-06-21 15:02:24,104 [INFO] PluginManage:359 - Loaded plugin pinoutandconfiguration (category:base,tabindex:1)
2026-06-21 15:02:24,105 [INFO] PluginManage:310 - Check plugin pinoutconfig
2026-06-21 15:02:24,450 [WARN] SupportedApi:132 - Cannot load RTOS API schema: s4s-elt-must-match.1: The content of 'definitions' must match (annotation?, (simpleType | complexType)?, (unique | key | keyref)*)). A problem was found starting at: attribute.
2026-06-21 15:02:24,922 [INFO] PluginManage:359 - Loaded plugin pinoutconfig (category:base,tabindex:0)
2026-06-21 15:02:24,922 [INFO] PluginManage:310 - Check plugin power
2026-06-21 15:02:24,952 [INFO] PluginManage:359 - Loaded plugin power (category:power,tabindex:4)
2026-06-21 15:02:24,953 [INFO] PluginManage:310 - Check plugin projectmanager
2026-06-21 15:02:25,026 [INFO] PluginManage:359 - Loaded plugin projectmanager (category:projectmanager,tabindex:4)
2026-06-21 15:02:25,027 [INFO] PluginManage:310 - Check plugin rif
2026-06-21 15:02:25,049 [INFO] PluginManage:359 - Loaded plugin rif (category:base,tabindex:3)
2026-06-21 15:02:25,050 [INFO] PluginManage:310 - Check plugin thirdparty
2026-06-21 15:02:25,489 [INFO] PluginManage:359 - Loaded plugin thirdparty (category:base,tabindex:-1)
2026-06-21 15:02:25,491 [INFO] PluginManage:310 - Check plugin tools
2026-06-21 15:02:25,493 [WARN] IntegrityCheckThread:84 - waiting for thirdparty lock release [integrity check]
2026-06-21 15:02:25,496 [INFO] IntegrityCheckThread:86 - entering critical section [integrity check]
2026-06-21 15:02:25,497 [INFO] ThirdPartyUpdaterWithRetryManager:70 - Updater plugin not ready yet. [1/15]
2026-06-21 15:02:25,502 [INFO] PluginManage:359 - Loaded plugin tools (category:base,tabindex:7)
2026-06-21 15:02:25,502 [INFO] PluginManage:310 - Check plugin tutovideos
2026-06-21 15:02:26,198 [INFO] PluginManage:359 - Loaded plugin tutovideos (category:base,tabindex:-1)
2026-06-21 15:02:26,199 [INFO] PluginManage:310 - Check plugin updater
2026-06-21 15:02:26,282 [INFO] PluginManage:359 - Loaded plugin updater (category:base,tabindex:12)
2026-06-21 15:02:26,282 [INFO] PluginManage:310 - Check plugin userauth
2026-06-21 15:02:26,296 [INFO] UserAuth:118 - Init User Auth plugin
2026-06-21 15:02:26,299 [INFO] PluginManage:359 - Loaded plugin userauth (category:base,tabindex:14)
2026-06-21 15:02:26,301 [INFO] PluginManage:283 - PluginManage : Loaded plugins [18]
2026-06-21 15:02:27,044 [INFO] PinOutPanel:1589 - setPackage(No Configuration,No Configuration)
2026-06-21 15:02:27,334 [INFO] CADModel:165 - CPN selected for project level
2026-06-21 15:02:27,335 [INFO] CADModel:114 - Register for checkConnection events
2026-06-21 15:02:27,369 [INFO] IPUIPlugin:80 - create IPUIPlugin
2026-06-21 15:02:27,370 [INFO] PluginManager:220 - loadIPPluginJar : add touchsensing
2026-06-21 15:02:27,374 [INFO] IPUIPlugin:80 - create IPUIPlugin
2026-06-21 15:02:27,375 [INFO] PluginManager:220 - loadIPPluginJar : add quadspi
2026-06-21 15:02:27,381 [INFO] IPUIPlugin:80 - create IPUIPlugin
2026-06-21 15:02:27,384 [INFO] PluginManager:220 - loadIPPluginJar : add i3c
2026-06-21 15:02:27,391 [INFO] IPUIPlugin:80 - create IPUIPlugin
2026-06-21 15:02:27,391 [INFO] PluginManager:220 - loadIPPluginJar : add usart
2026-06-21 15:02:27,403 [INFO] IPUIPlugin:80 - create IPUIPlugin
2026-06-21 15:02:27,404 [INFO] PluginManager:220 - loadIPPluginJar : add fmc
2026-06-21 15:02:27,411 [INFO] IPUIPlugin:80 - create IPUIPlugin
2026-06-21 15:02:27,411 [INFO] PluginManager:220 - loadIPPluginJar : add sai
2026-06-21 15:02:27,425 [INFO] IPUIPlugin:80 - create IPUIPlugin
2026-06-21 15:02:27,426 [INFO] PluginManager:220 - loadIPPluginJar : add linkedlist
2026-06-21 15:02:27,429 [INFO] IPUIPlugin:80 - create IPUIPlugin
2026-06-21 15:02:27,429 [INFO] PluginManager:220 - loadIPPluginJar : add comp
2026-06-21 15:02:27,435 [INFO] IPUIPlugin:80 - create IPUIPlugin
2026-06-21 15:02:27,435 [INFO] PluginManager:220 - loadIPPluginJar : add hash
2026-06-21 15:02:27,441 [INFO] IPUIPlugin:80 - create IPUIPlugin
2026-06-21 15:02:27,442 [INFO] PluginManager:220 - loadIPPluginJar : add can
2026-06-21 15:02:27,445 [INFO] IPUIPlugin:80 - create IPUIPlugin
2026-06-21 15:02:27,445 [INFO] PluginManager:220 - loadIPPluginJar : add ltdc
2026-06-21 15:02:27,451 [INFO] IPUIPlugin:80 - create IPUIPlugin
2026-06-21 15:02:27,453 [INFO] PluginManager:220 - loadIPPluginJar : add dma3
2026-06-21 15:02:27,459 [INFO] IPUIPlugin:80 - create IPUIPlugin
2026-06-21 15:02:27,459 [INFO] PluginManager:220 - loadIPPluginJar : add i2c
2026-06-21 15:02:27,463 [INFO] IPUIPlugin:80 - create IPUIPlugin
2026-06-21 15:02:27,464 [INFO] PluginManager:220 - loadIPPluginJar : add tsc
2026-06-21 15:02:27,477 [INFO] IPUIPlugin:80 - create IPUIPlugin
2026-06-21 15:02:27,478 [INFO] PluginManager:220 - loadIPPluginJar : add freertos
2026-06-21 15:02:27,489 [INFO] IPUIPlugin:80 - create IPUIPlugin
2026-06-21 15:02:27,490 [INFO] PluginManager:220 - loadIPPluginJar : add nvic
2026-06-21 15:02:27,496 [INFO] IPUIPlugin:80 - create IPUIPlugin
2026-06-21 15:02:27,497 [INFO] PluginManager:220 - loadIPPluginJar : add aes
2026-06-21 15:02:27,501 [INFO] IPUIPlugin:80 - create IPUIPlugin
2026-06-21 15:02:27,501 [INFO] PluginManager:220 - loadIPPluginJar : add genericplugin
2026-06-21 15:02:27,508 [INFO] IPUIPlugin:80 - create IPUIPlugin
2026-06-21 15:02:27,508 [INFO] PluginManager:220 - loadIPPluginJar : add i2s
2026-06-21 15:02:27,516 [INFO] IPUIPlugin:80 - create IPUIPlugin
2026-06-21 15:02:27,516 [INFO] PluginManager:220 - loadIPPluginJar : add extmemmanager
2026-06-21 15:02:27,524 [INFO] IPUIPlugin:80 - create IPUIPlugin
2026-06-21 15:02:27,525 [INFO] PluginManager:220 - loadIPPluginJar : add gtzc
2026-06-21 15:02:27,533 [INFO] IPUIPlugin:80 - create IPUIPlugin
2026-06-21 15:02:27,533 [INFO] PluginManager:220 - loadIPPluginJar : add usbx
2026-06-21 15:02:27,542 [INFO] IPUIPlugin:80 - create IPUIPlugin
2026-06-21 15:02:27,543 [INFO] PluginManager:220 - loadIPPluginJar : add ipddr
2026-06-21 15:02:27,555 [INFO] IPUIPlugin:80 - create IPUIPlugin
2026-06-21 15:02:27,556 [INFO] PluginManager:220 - loadIPPluginJar : add gpio
2026-06-21 15:02:27,563 [INFO] IPUIPlugin:80 - create IPUIPlugin
2026-06-21 15:02:27,564 [INFO] PluginManager:220 - loadIPPluginJar : add lorawan
2026-06-21 15:02:27,578 [INFO] IPUIPlugin:80 - create IPUIPlugin
2026-06-21 15:02:27,579 [INFO] PluginManager:220 - loadIPPluginJar : add adc
2026-06-21 15:02:27,584 [INFO] IPUIPlugin:80 - create IPUIPlugin
2026-06-21 15:02:27,586 [INFO] PluginManager:220 - loadIPPluginJar : add radio
2026-06-21 15:02:27,596 [INFO] IPUIPlugin:80 - create IPUIPlugin
2026-06-21 15:02:27,597 [INFO] PluginManager:220 - loadIPPluginJar : add resmgrutility
2026-06-21 15:02:27,615 [INFO] IPUIPlugin:80 - create IPUIPlugin
2026-06-21 15:02:27,624 [INFO] PluginManager:220 - loadIPPluginJar : add plateformsettings
2026-06-21 15:02:27,628 [INFO] IPUIPlugin:80 - create IPUIPlugin
2026-06-21 15:02:27,629 [INFO] PluginManager:220 - loadIPPluginJar : add tim
2026-06-21 15:02:27,637 [INFO] IPUIPlugin:80 - create IPUIPlugin
2026-06-21 15:02:27,637 [INFO] PluginManager:220 - loadIPPluginJar : add ddr_ctrl_phy
2026-06-21 15:02:27,644 [INFO] IPUIPlugin:80 - create IPUIPlugin
2026-06-21 15:02:27,644 [INFO] PluginManager:220 - loadIPPluginJar : add dfsdm
2026-06-21 15:02:27,650 [INFO] IPUIPlugin:80 - create IPUIPlugin
2026-06-21 15:02:27,650 [INFO] PluginManager:220 - loadIPPluginJar : add ts
2026-06-21 15:02:27,658 [INFO] IPUIPlugin:80 - create IPUIPlugin
2026-06-21 15:02:27,658 [INFO] PluginManager:220 - loadIPPluginJar : add opamp
2026-06-21 15:02:27,666 [INFO] IPUIPlugin:80 - create IPUIPlugin
2026-06-21 15:02:27,666 [INFO] PluginManager:220 - loadIPPluginJar : add pdm2pcm
2026-06-21 15:02:27,671 [INFO] IPUIPlugin:80 - create IPUIPlugin
2026-06-21 15:02:27,672 [INFO] PluginManager:220 - loadIPPluginJar : add ucpd
2026-06-21 15:02:27,686 [INFO] IPUIPlugin:80 - create IPUIPlugin
2026-06-21 15:02:27,687 [INFO] PluginManager:220 - loadIPPluginJar : add dma
2026-06-21 15:02:27,702 [INFO] IPUIPlugin:80 - create IPUIPlugin
2026-06-21 15:02:27,703 [INFO] PluginManager:220 - loadIPPluginJar : add stm32_wpan
2026-06-21 15:02:27,716 [INFO] IPUIPlugin:80 - create IPUIPlugin
2026-06-21 15:02:27,717 [INFO] PluginManager:220 - loadIPPluginJar : add gic
2026-06-21 15:02:27,723 [INFO] IPUIPlugin:80 - create IPUIPlugin
2026-06-21 15:02:27,723 [INFO] PluginManager:220 - loadIPPluginJar : add gfxmmu
2026-06-21 15:02:27,729 [INFO] IPUIPlugin:80 - create IPUIPlugin
2026-06-21 15:02:27,729 [INFO] PluginManager:220 - loadIPPluginJar : add tracer_emb
2026-06-21 15:02:27,744 [INFO] IPUIPlugin:80 - create IPUIPlugin
2026-06-21 15:02:27,744 [INFO] PluginManager:220 - loadIPPluginJar : add mdma
2026-06-21 15:02:27,748 [INFO] IPUIPlugin:80 - create IPUIPlugin
2026-06-21 15:02:27,748 [INFO] PluginManager:220 - loadIPPluginJar : add fatfs
2026-06-21 15:02:27,755 [INFO] IPUIPlugin:80 - create IPUIPlugin
2026-06-21 15:02:27,755 [INFO] PluginManager:220 - loadIPPluginJar : add openamp
2026-06-21 15:02:27,760 [INFO] IPUIPlugin:80 - create IPUIPlugin
2026-06-21 15:02:27,761 [INFO] PluginManager:220 - loadIPPluginJar : add spi
2026-06-21 15:02:27,767 [INFO] IPUIPlugin:80 - create IPUIPlugin
2026-06-21 15:02:27,768 [INFO] PluginManager:220 - loadIPPluginJar : add cryp
2026-06-21 15:02:27,934 [FATAL] Updater:351 - Updater called before beeing initialized
2026-06-21 15:02:28,023 [INFO] RulesReader:64 - Compatibility file has been processed (317 Rules)
2026-06-21 15:02:28,070 [INFO] RulesReader:64 - Compatibility file has been processed (317 Rules)
2026-06-21 15:02:28,100 [INFO] CADModel:165 - CPN selected for project level
2026-06-21 15:02:28,100 [INFO] CADModel:114 - Register for checkConnection events
2026-06-21 15:02:28,100 [FATAL] Updater:351 - Updater called before beeing initialized
2026-06-21 15:02:28,102 [ERROR] CADModel:125 - Updater not yet initialized, retry later 
2026-06-21 15:02:28,498 [INFO] ThirdPartyUpdaterWithRetryManager:70 - Updater plugin not ready yet. [2/15]
2026-06-21 15:02:28,506 [FATAL] Updater:351 - Updater called before beeing initialized
2026-06-21 15:02:28,512 [INFO] CADModel:165 - CPN selected for project level
2026-06-21 15:02:28,513 [INFO] CADModel:114 - Register for checkConnection events
2026-06-21 15:02:28,513 [FATAL] Updater:351 - Updater called before beeing initialized
2026-06-21 15:02:28,514 [ERROR] CADModel:125 - Updater not yet initialized, retry later 
2026-06-21 15:02:28,524 [FATAL] Updater:351 - Updater called before beeing initialized
2026-06-21 15:02:28,741 [FATAL] Updater:351 - Updater called before beeing initialized
2026-06-21 15:02:28,751 [INFO] DbMcusAds:53 - JSON generation date=Thu May 28 17:08:17 CET 2026 (1779984497073)
2026-06-21 15:02:28,752 [FATAL] Updater:351 - Updater called before beeing initialized
2026-06-21 15:02:28,861 [WARN] DetailPanel:346 - Failed to get advertising image, set to default
2026-06-21 15:02:29,080 [FATAL] Updater:351 - Updater called before beeing initialized
2026-06-21 15:02:29,085 [FATAL] Updater:351 - Updater called before beeing initialized
2026-06-21 15:02:29,086 [FATAL] Updater:351 - Updater called before beeing initialized
2026-06-21 15:02:29,087 [WARN] DetailPanel:346 - Failed to get advertising image, set to default
2026-06-21 15:02:29,090 [FATAL] Updater:351 - Updater called before beeing initialized
2026-06-21 15:02:29,215 [ERROR] Updater:1198 - MainUpdater not yet initialized. External WinMGr cannot be set.
2026-06-21 15:02:29,220 [INFO] Updater:1134 - Updater Version found : 6.15.0
2026-06-21 15:02:29,260 [INFO] ApplicationProperties:184 - Using Application install path: /home/ilyes/Downloads/makeself_dir_o70WRx/y/plugins/com.st.stm32cube.common.mx_6.15.0.202507011659
2026-06-21 15:02:30,300 [INFO] MainUpdater:2872 - connection check result : 10
2026-06-21 15:02:30,301 [INFO] MainUpdater:289 - Updater Check For Update Now.
2026-06-21 15:02:30,302 [INFO] MicroXplorer:498 - Change Database Version : DB.6.0.150
2026-06-21 15:02:30,317 [INFO] McuFinderGlobals:63 - Set McuFinder mode to 2 (CubeIDE integrated)
2026-06-21 15:02:30,319 [INFO] UserAuth:487 - Internet connection configuration mode: 1
2026-06-21 15:02:30,396 [INFO] JxBrowserEngine:152 - Initiate JxBrowser Engine with user profile folder
2026-06-21 15:02:31,008 [INFO] CheckServerUpdateThread:120 - End of CheckServer Thread
2026-06-21 15:02:32,770 [WARN] PackLoader:240 - Cannot read IP mode file for STMicroelectronics.X-CUBE-AZRTOS-H7.3.5.0
2026-06-21 15:02:32,898 [WARN] PackLoader:240 - Cannot read IP mode file for STMicroelectronics.FP-ATR-ASTRA1.2.0.2
2026-06-21 15:02:32,941 [ERROR] Engine:466 - /home/ilyes/.stm32cubemx/thirdparties/pdsc/STMicroelectronics.X-CUBE-SMBUS.2.1.1.pdsc: PDSC version is not supported
2026-06-21 15:02:33,168 [WARN] PackLoader:240 - Cannot read IP mode file for STMicroelectronics.X-CUBE-AZRTOS-F7.1.1.0
2026-06-21 15:02:33,258 [WARN] PackLoader:240 - Cannot read IP mode file for STMicroelectronics.FP-SNS-MOTENV1.5.1.0
2026-06-21 15:02:33,343 [WARN] PackLoader:240 - Cannot read IP mode file for WES.I-CUBE-Cesium.1.4.0
2026-06-21 15:02:33,394 [WARN] PackLoader:240 - Cannot read IP mode file for STMicroelectronics.X-CUBE-DISPLAY.3.0.0
2026-06-21 15:02:33,641 [WARN] PackLoader:240 - Cannot read IP mode file for STMicroelectronics.X-CUBE-GNSS1.7.1.1
2026-06-21 15:02:33,672 [WARN] PackLoader:240 - Cannot read IP mode file for STMicroelectronics.FP-SNS-MOTENVWB1.1.5.0
2026-06-21 15:02:33,693 [WARN] PackLoader:240 - Cannot read IP mode file for wolfSSL.I-CUBE-wolfSSL.5.9.1
2026-06-21 15:02:33,719 [WARN] PackLoader:240 - Cannot read IP mode file for STMicroelectronics.X-CUBE-NFC10.1.0.0
2026-06-21 15:02:33,769 [WARN] PackLoader:240 - Cannot read IP mode file for STMicroelectronics.X-CUBE-ST60.1.1.0
2026-06-21 15:02:33,823 [WARN] PackLoader:240 - Cannot read IP mode file for emotas.I-CUBE-CANOPEN.1.3.0
2026-06-21 15:02:33,915 [WARN] PackLoader:240 - Cannot read IP mode file for STMicroelectronics.FP-SNS-STBOX1.2.1.0
2026-06-21 15:02:33,982 [WARN] PackLoader:240 - Cannot read IP mode file for STMicroelectronics.FP-SNS-SMARTAG2.1.2.0
2026-06-21 15:02:34,016 [WARN] PackLoader:240 - Cannot read IP mode file for STMicroelectronics.FP-SNS-FLIGHT1.5.1.0
2026-06-21 15:02:34,114 [INFO] LogOutputStream:77 - [STDOUT_REDIRECT] 1 : Invalid condition id : UX_CORESTACK_Condition cause : null
2026-06-21 15:02:34,115 [INFO] LogOutputStream:77 - [STDOUT_REDIRECT] 1 : Invalid condition id : UX_CORESTACK_Condition cause : null
2026-06-21 15:02:34,125 [INFO] LogOutputStream:77 - [STDOUT_REDIRECT] 1 : Invalid condition id : UX_CORESTACK_Condition cause : null
2026-06-21 15:02:34,126 [INFO] LogOutputStream:77 - [STDOUT_REDIRECT] 1 : Invalid condition id : UX_CORESTACK_Condition cause : null
2026-06-21 15:02:34,127 [INFO] LogOutputStream:77 - [STDOUT_REDIRECT] 1 : Invalid condition id : UX_CORESTACK_Condition cause : null
2026-06-21 15:02:34,169 [WARN] PackLoader:240 - Cannot read IP mode file for STMicroelectronics.X-CUBE-AZRTOS-WL.2.0.0
2026-06-21 15:02:34,389 [WARN] PackLoader:240 - Cannot read IP mode file for STMicroelectronics.X-CUBE-AZRTOS-H7RS.1.2.0
2026-06-21 15:02:34,454 [WARN] PackLoader:240 - Cannot read IP mode file for STMicroelectronics.X-CUBE-BLE2.3.3.0
2026-06-21 15:02:34,659 [WARN] PackLoader:240 - Cannot read IP mode file for Infineon.AIROC-Wi-Fi-Bluetooth-STM32.1.8.0
2026-06-21 15:02:34,726 [WARN] PackLoader:240 - Cannot read IP mode file for STMicroelectronics.X-CUBE-NFC9.1.0.0
2026-06-21 15:02:34,761 [WARN] PackLoader:240 - Cannot read IP mode file for STMicroelectronics.X-CUBE-BLE1.7.1.0
2026-06-21 15:02:34,777 [WARN] PackLoader:240 - Cannot read IP mode file for wolfSSL.I-CUBE-wolfMQTT.1.19.2
2026-06-21 15:02:34,805 [WARN] PackLoader:240 - Cannot read IP mode file for STMicroelectronics.X-CUBE-EEPRMA1.5.2.0
2026-06-21 15:02:34,813 [INFO] WebApp:169 - Instantiating new browser for Auth
2026-06-21 15:02:34,846 [WARN] PackLoader:240 - Cannot read IP mode file for STMicroelectronics.FP-SNS-STAIOTCFT.1.1.0
2026-06-21 15:02:34,922 [WARN] PackLoader:240 - Cannot read IP mode file for STMicroelectronics.X-CUBE-AZRTOS-G0.1.1.0
2026-06-21 15:02:34,944 [WARN] PackLoader:240 - Cannot read IP mode file for STMicroelectronics.X-CUBE-NFC4.3.0.0
2026-06-21 15:02:34,985 [WARN] PackLoader:240 - Cannot read IP mode file for EmbeddedOffice.I-CUBE-FS-RTOS.1.0.1
2026-06-21 15:02:35,002 [WARN] PackLoader:240 - Cannot read IP mode file for wolfSSL.I-CUBE-wolfTPM.3.8.0
2026-06-21 15:02:35,024 [WARN] PackLoader:240 - Cannot read IP mode file for STMicroelectronics.X-CUBE-TCPP.4.2.0
2026-06-21 15:02:35,040 [WARN] PackLoader:240 - Cannot read IP mode file for RealThread.X-CUBE-RT-Thread_Nano.4.1.1
2026-06-21 15:02:35,053 [WARN] PackLoader:240 - Cannot read IP mode file for STMicroelectronics.FP-ATR-SIGFOX1.3.2.0
2026-06-21 15:02:35,071 [WARN] PackLoader:240 - Cannot read IP mode file for STMicroelectronics.X-CUBE-FREERTOS.1.5.0
2026-06-21 15:02:35,114 [WARN] PackLoader:240 - Cannot read IP mode file for ITTIA_DB.I-CUBE-ITTIADB.8.9.0
2026-06-21 15:02:35,138 [WARN] PackLoader:240 - Cannot read IP mode file for Cesanta.I-CUBE-Mongoose.7.21.7
2026-06-21 15:02:35,214 [WARN] PackLoader:240 - Cannot read IP mode file for STMicroelectronics.X-CUBE-NFC6.3.2.0
2026-06-21 15:02:35,253 [WARN] PackLoader:240 - Cannot read IP mode file for STMicroelectronics.X-CUBE-AI.10.2.0
2026-06-21 15:02:35,725 [WARN] PackLoader:240 - Cannot read IP mode file for STMicroelectronics.X-CUBE-MEMS1.12.1.0
2026-06-21 15:02:36,825 [WARN] PackLoader:240 - Cannot read IP mode file for SEGGER.I-CUBE-embOS.1.3.1
2026-06-21 15:02:37,044 [WARN] PackLoader:240 - Cannot read IP mode file for STMicroelectronics.X-CUBE-PM33A1.1.0.0
2026-06-21 15:02:37,157 [WARN] PackLoader:240 - Cannot read IP mode file for STMicroelectronics.X-CUBE-AZRTOS-F4.1.1.0
2026-06-21 15:02:37,195 [WARN] PackLoader:240 - Cannot read IP mode file for STMicroelectronics.X-CUBE-ISPU.2.1.0
2026-06-21 15:02:37,252 [WARN] PackLoader:240 - Cannot read IP mode file for STMicroelectronics.X-CUBE-IPS.3.2.0
2026-06-21 15:02:37,375 [WARN] PackLoader:240 - Cannot read IP mode file for STMicroelectronics.eDS-WB_DPC_TT-BIDIR.2.1.1
2026-06-21 15:02:37,448 [WARN] PackLoader:240 - Cannot read IP mode file for STMicroelectronics.X-CUBE-NFC12.1.0.0
2026-06-21 15:02:37,543 [WARN] PackLoader:240 - Cannot read IP mode file for STMicroelectronics.X-CUBE-AZRTOS-L5.2.0.0
2026-06-21 15:02:37,591 [WARN] PackLoader:240 - Cannot read IP mode file for STMicroelectronics.X-CUBE-ALGOBUILD.1.5.0
2026-06-21 15:02:37,616 [WARN] PackLoader:240 - Cannot read IP mode file for STMicroelectronics.eDS-WB_DPC_VIENNA.1.2.0
2026-06-21 15:02:37,624 [WARN] PackLoader:240 - Cannot read IP mode file for STMicroelectronics.eDS-WB_DPC_3PH2L-BIDIR.1.1.1
2026-06-21 15:02:37,645 [ERROR] Engine:466 - /home/ilyes/.stm32cubemx/thirdparties/pdsc/STMicroelectronics.X-CUBE-ST67W61.1.3.0.pdsc: PDSC version is not supported
2026-06-21 15:02:37,665 [WARN] PackLoader:240 - Cannot read IP mode file for STMicroelectronics.X-CUBE-TOUCHGFX.4.26.1
2026-06-21 15:02:37,681 [WARN] PackLoader:240 - Cannot read IP mode file for STMicroelectronics.X-CUBE-DPower.1.3.0
2026-06-21 15:02:37,771 [WARN] ConditionMgr:438 - getConditionDescription Invalid condition id : LAN8742 Phy interface Condition cause : null
2026-06-21 15:02:37,772 [WARN] PackLoader:240 - Cannot read IP mode file for STMicroelectronics.X-CUBE-AZRTOS-L4.2.0.0
2026-06-21 15:02:37,780 [WARN] ConditionMgr:1044 - genDependencies : Invalid condition id : LAN8742 Phy interface Condition cause : null
2026-06-21 15:02:37,787 [WARN] ConditionMgr:1044 - genDependencies : Invalid condition id : LAN8742 Phy interface Condition cause : null
2026-06-21 15:02:37,788 [WARN] ConditionMgr:1044 - genDependencies : Invalid condition id : LAN8742 Phy interface Condition cause : null
2026-06-21 15:02:37,832 [WARN] PackLoader:240 - Cannot read IP mode file for STMicroelectronics.X-CUBE-SFXS2LP1.4.0.0
2026-06-21 15:02:37,859 [WARN] PackLoader:240 - Cannot read IP mode file for STMicroelectronics.X-CUBE-WB05N.2.1.0
2026-06-21 15:02:37,908 [WARN] PackLoader:240 - Cannot read IP mode file for STMicroelectronics.X-CUBE-BLEMGR.4.1.0
2026-06-21 15:02:37,986 [WARN] ConditionMgr:438 - getConditionDescription Invalid condition id : UX DEVICE CLASS RTOS Condition cause : null
2026-06-21 15:02:37,987 [WARN] ConditionMgr:438 - getConditionDescription Invalid condition id : UX DEVICE CLASS RTOS Condition cause : null
2026-06-21 15:02:38,000 [WARN] PackLoader:240 - Cannot read IP mode file for STMicroelectronics.X-CUBE-AZRTOS-WB.2.0.0
2026-06-21 15:02:38,001 [WARN] ConditionMgr:1044 - genDependencies : Invalid condition id : UX DEVICE CLASS RTOS Condition cause : null
2026-06-21 15:02:38,002 [WARN] ConditionMgr:1044 - genDependencies : Invalid condition id : UX DEVICE CLASS RTOS Condition cause : null
2026-06-21 15:02:38,019 [WARN] ConditionMgr:1044 - genDependencies : Invalid condition id : UX DEVICE CLASS RTOS Condition cause : null
2026-06-21 15:02:38,020 [WARN] ConditionMgr:1044 - genDependencies : Invalid condition id : UX DEVICE CLASS RTOS Condition cause : null
2026-06-21 15:02:38,020 [WARN] ConditionMgr:1044 - genDependencies : Invalid condition id : UX DEVICE CLASS RTOS Condition cause : null
2026-06-21 15:02:38,030 [WARN] ConditionMgr:438 - getConditionDescription Invalid condition id : Cortex-A Device cause : null
2026-06-21 15:02:38,085 [WARN] ConditionMgr:1044 - genDependencies : Invalid condition id : Cortex-A Device cause : null
2026-06-21 15:02:38,086 [WARN] ConditionMgr:1044 - genDependencies : Invalid condition id : Cortex-A Device cause : null
2026-06-21 15:02:38,086 [WARN] ConditionMgr:1044 - genDependencies : Invalid condition id : Cortex-A Device cause : null
2026-06-21 15:02:38,109 [WARN] PackLoader:240 - Cannot read IP mode file for STMicroelectronics.X-CUBE-STSE01.2.0.0
2026-06-21 15:02:38,160 [WARN] PackLoader:240 - Cannot read IP mode file for STMicroelectronics.X-CUBE-SUBG2.5.0.0
2026-06-21 15:02:38,212 [WARN] PackLoader:240 - Cannot read IP mode file for STMicroelectronics.X-CUBE-AZRTOS-G4.2.0.0
2026-06-21 15:02:38,225 [WARN] PackLoader:240 - Cannot read IP mode file for wolfSSL.I-CUBE-wolfSSH.1.4.20
2026-06-21 15:02:38,242 [WARN] PackLoader:240 - Cannot read IP mode file for STMicroelectronics.X-CUBE-NFC7.2.0.0
2026-06-21 15:02:38,264 [WARN] PackLoader:240 - Cannot read IP mode file for STMicroelectronics.X-CUBE-ALS.1.0.2
2026-06-21 15:02:38,372 [WARN] PackLoader:240 - Cannot read IP mode file for STMicroelectronics.X-CUBE-TOF1.3.4.3
2026-06-21 15:02:38,614 [INFO] ThirdParty:978 - Integrity check success = true
2026-06-21 15:02:38,614 [INFO] IntegrityCheckThread:100 - exiting critical section [integrity check]
2026-06-21 15:02:38,614 [INFO] IntegrityCheckThread:103 - End integrity checks thread
2026-06-21 15:02:39,153 [INFO] WebApp:463 - Apply proxy settings
2026-06-21 15:02:39,153 [INFO] WebApp:548 - Chromium requires no authentication
2026-06-21 15:02:39,201 [INFO] WebApp:491 - Direct internet connection detected
2026-06-21 15:02:39,284 [INFO] WebApp:900 - Register for checkConnection events
2026-06-21 15:02:39,286 [INFO] WebApp:463 - Apply proxy settings
2026-06-21 15:02:39,286 [INFO] WebApp:548 - Chromium requires no authentication
2026-06-21 15:02:39,289 [INFO] WebApp:491 - Direct internet connection detected
2026-06-21 15:02:39,817 [INFO] WebApp:225 - Starting web application
2026-06-21 15:02:39,818 [INFO] WebApp:593 - Web application path used /home/ilyes/Downloads/makeself_dir_o70WRx/y/plugins/com.st.stm32cube.common.mx_6.15.0.202507011659/db/plugins/mcufinder/reactClient1/index.html
2026-06-21 15:02:40,498 [INFO] WebApp:191 - Connection restablished
2026-06-21 15:02:40,657 [INFO] UserAuth:487 - Internet connection configuration mode: 1
2026-06-21 16:30:25,691 [ERROR] LogOutputStream:75 - [STDERR_REDIRECT] 
