2026-06-11 09:37:56,975 [INFO] Activator:176 - 


2026-06-11 09:37:56,990 [INFO] Activator:177 - !SESSION log4j initialized
2026-06-11 09:38:13,201 [INFO] LogOutputStream:77 - [STDOUT_REDIRECT] 
2026-06-11 09:38:16,968 [INFO] ApplicationProperties:184 - Using Application install path: /home/ilyes/Downloads/makeself_dir_o70WRx/y/plugins/com.st.stm32cube.common.mx_6.15.0.202507011659
2026-06-11 09:38:17,054 [INFO] DbMcusXml:78 - Set database path to: /home/ilyes/Downloads/makeself_dir_o70WRx/y/plugins/com.st.stm32cube.common.mx_6.15.0.202507011659//db//mcu/
2026-06-11 09:38:17,055 [INFO] ApiDb:274 - Set plugin database path to: /home/ilyes/Downloads/makeself_dir_o70WRx/y/plugins/com.st.stm32cube.common.mx_6.15.0.202507011659//db//plugins/boardmanager/
2026-06-11 09:38:17,056 [WARN] ApiDb:259 - Overriding images path with different value:  => /home/ilyes/Downloads/makeself_dir_o70WRx/y/plugins/com.st.stm32cube.common.mx_6.15.0.202507011659//db//plugins/mcufinder/images/
2026-06-11 09:38:17,081 [INFO] ApiDb:250 - Set database path to: /home/ilyes/.stmcufinder/plugins/mcufinder//mcu/
2026-06-11 09:38:17,088 [INFO] DbMcusAds:125 - Set database path to: /home/ilyes/.stmcufinder/plugins/mcufinder//mcu/
2026-06-11 09:38:17,096 [INFO] CrossReferenceDbSqlite:203 - Set database path to: /home/ilyes/.stmcufinder/plugins/mcufinder//mcu/cs/
2026-06-11 09:38:17,639 [INFO] RulesReader:64 - Compatibility file has been processed (317 Rules)
2026-06-11 09:38:17,908 [INFO] DbMcusXml:78 - Set database path to: /home/ilyes/Downloads/makeself_dir_o70WRx/y/plugins/com.st.stm32cube.common.mx_6.15.0.202507011659//db//mcu/
2026-06-11 09:38:17,909 [INFO] ApiDb:274 - Set plugin database path to: /home/ilyes/Downloads/makeself_dir_o70WRx/y/plugins/com.st.stm32cube.common.mx_6.15.0.202507011659//db//plugins/boardmanager/
2026-06-11 09:38:17,910 [INFO] ApiDb:261 - Set plugin images path to: /home/ilyes/Downloads/makeself_dir_o70WRx/y/plugins/com.st.stm32cube.common.mx_6.15.0.202507011659//db//plugins/mcufinder/images/
2026-06-11 09:38:17,911 [WARN] DbFile:41 - Overriding database path with different value: /home/ilyes/.stmcufinder/plugins/mcufinder/ => /home/ilyes/.stmcufinder/plugins/mcufinder
2026-06-11 09:38:17,912 [INFO] ApiDb:250 - Set database path to: /home/ilyes/.stmcufinder/plugins/mcufinder//mcu/
2026-06-11 09:38:17,913 [WARN] DbFile:41 - Overriding database path with different value: /home/ilyes/.stmcufinder/plugins/mcufinder/ => /home/ilyes/.stmcufinder/plugins/mcufinder
2026-06-11 09:38:17,913 [INFO] DbMcusAds:125 - Set database path to: /home/ilyes/.stmcufinder/plugins/mcufinder//mcu/
2026-06-11 09:38:17,916 [WARN] DbFile:41 - Overriding database path with different value: /home/ilyes/.stmcufinder/plugins/mcufinder/ => /home/ilyes/.stmcufinder/plugins/mcufinder
2026-06-11 09:38:17,916 [WARN] DbFile:41 - Overriding database path with different value: /home/ilyes/.stmcufinder/plugins/mcufinder/ => /home/ilyes/.stmcufinder/plugins/mcufinder
2026-06-11 09:38:17,917 [INFO] CrossReferenceDbSqlite:203 - Set database path to: /home/ilyes/.stmcufinder/plugins/mcufinder//mcu/cs/
2026-06-11 09:38:18,169 [INFO] MainPanel:274 - HeapMemory: 268435456
2026-06-11 09:38:18,626 [INFO] DbMcusXml:78 - Set database path to: /home/ilyes/Downloads/makeself_dir_o70WRx/y/plugins/com.st.stm32cube.common.mx_6.15.0.202507011659//db//mcu/
2026-06-11 09:38:18,627 [INFO] ApiDb:274 - Set plugin database path to: /home/ilyes/Downloads/makeself_dir_o70WRx/y/plugins/com.st.stm32cube.common.mx_6.15.0.202507011659//db//plugins/boardmanager/
2026-06-11 09:38:18,627 [INFO] ApiDb:261 - Set plugin images path to: /home/ilyes/Downloads/makeself_dir_o70WRx/y/plugins/com.st.stm32cube.common.mx_6.15.0.202507011659//db//plugins/mcufinder/images/
2026-06-11 09:38:18,628 [WARN] DbFile:41 - Overriding database path with different value: /home/ilyes/.stmcufinder/plugins/mcufinder/ => /home/ilyes/.stmcufinder/plugins/mcufinder
2026-06-11 09:38:18,629 [INFO] ApiDb:250 - Set database path to: /home/ilyes/.stmcufinder/plugins/mcufinder//mcu/
2026-06-11 09:38:18,629 [WARN] DbFile:41 - Overriding database path with different value: /home/ilyes/.stmcufinder/plugins/mcufinder/ => /home/ilyes/.stmcufinder/plugins/mcufinder
2026-06-11 09:38:18,629 [INFO] DbMcusAds:125 - Set database path to: /home/ilyes/.stmcufinder/plugins/mcufinder//mcu/
2026-06-11 09:38:18,630 [WARN] DbFile:41 - Overriding database path with different value: /home/ilyes/.stmcufinder/plugins/mcufinder/ => /home/ilyes/.stmcufinder/plugins/mcufinder
2026-06-11 09:38:18,630 [WARN] DbFile:41 - Overriding database path with different value: /home/ilyes/.stmcufinder/plugins/mcufinder/ => /home/ilyes/.stmcufinder/plugins/mcufinder
2026-06-11 09:38:18,631 [INFO] CrossReferenceDbSqlite:203 - Set database path to: /home/ilyes/.stmcufinder/plugins/mcufinder//mcu/cs/
2026-06-11 09:38:18,677 [INFO] ApplicationProperties:184 - Using Application install path: /home/ilyes/Downloads/makeself_dir_o70WRx/y/plugins/com.st.stm32cube.common.mx_6.15.0.202507011659
2026-06-11 09:38:18,681 [INFO] PluginManage:196 - Search for loadable plugins [exclusion list=, ]
2026-06-11 09:38:18,684 [INFO] PluginManage:310 - Check plugin analytics
2026-06-11 09:38:19,355 [INFO] AnalyticsPlugin:253 - Accepted Software Licenses: 
2026-06-11 09:38:19,356 [INFO] AnalyticsPlugin:255 - Accepted CMSIS Pack Licenses: 
2026-06-11 09:38:19,357 [INFO] AnalyticsPlugin:257 - Accepted Firmware Licenses: FW.F4.1.28.0
2026-06-11 09:38:19,382 [INFO] PluginManage:359 - Loaded plugin analytics (category:tool,tabindex:-1)
2026-06-11 09:38:19,387 [INFO] PluginManage:310 - Check plugin cadmodel
2026-06-11 09:38:19,406 [INFO] CADModel:105 - Init CAD model plugin
2026-06-11 09:38:19,407 [INFO] PluginManage:359 - Loaded plugin cadmodel (category:power,tabindex:5)
2026-06-11 09:38:19,408 [INFO] PluginManage:310 - Check plugin clock
2026-06-11 09:38:19,442 [INFO] PluginManage:359 - Loaded plugin clock (category:base,tabindex:2)
2026-06-11 09:38:19,442 [INFO] PluginManage:310 - Check plugin ddr
2026-06-11 09:38:19,451 [INFO] PluginManage:359 - Loaded plugin ddr (category:tool,tabindex:6)
2026-06-11 09:38:19,453 [INFO] PluginManage:310 - Check plugin filemanager
2026-06-11 09:38:19,920 [INFO] PluginManage:359 - Loaded plugin filemanager (category:base,tabindex:10)
2026-06-11 09:38:19,921 [INFO] PluginManage:310 - Check plugin ipmanager
2026-06-11 09:38:19,938 [INFO] PluginManage:359 - Loaded plugin ipmanager (category:base,tabindex:5)
2026-06-11 09:38:19,939 [INFO] PluginManage:310 - Check plugin lpbam
2026-06-11 09:38:19,968 [INFO] PluginManage:359 - Loaded plugin lpbam (category:base,tabindex:0)
2026-06-11 09:38:19,969 [INFO] PluginManage:310 - Check plugin memorymap
2026-06-11 09:38:20,014 [INFO] PluginManage:359 - Loaded plugin memorymap (category:base,tabindex:4)
2026-06-11 09:38:20,015 [INFO] PluginManage:310 - Check plugin pinoutandconfiguration
2026-06-11 09:38:20,050 [INFO] PluginManage:359 - Loaded plugin pinoutandconfiguration (category:base,tabindex:1)
2026-06-11 09:38:20,053 [INFO] PluginManage:310 - Check plugin pinoutconfig
2026-06-11 09:38:20,391 [WARN] SupportedApi:132 - Cannot load RTOS API schema: s4s-elt-must-match.1: The content of 'definitions' must match (annotation?, (simpleType | complexType)?, (unique | key | keyref)*)). A problem was found starting at: attribute.
2026-06-11 09:38:20,898 [INFO] PluginManage:359 - Loaded plugin pinoutconfig (category:base,tabindex:0)
2026-06-11 09:38:20,899 [INFO] PluginManage:310 - Check plugin power
2026-06-11 09:38:20,931 [INFO] PluginManage:359 - Loaded plugin power (category:power,tabindex:4)
2026-06-11 09:38:20,932 [INFO] PluginManage:310 - Check plugin projectmanager
2026-06-11 09:38:21,004 [INFO] PluginManage:359 - Loaded plugin projectmanager (category:projectmanager,tabindex:4)
2026-06-11 09:38:21,006 [INFO] PluginManage:310 - Check plugin rif
2026-06-11 09:38:21,031 [INFO] PluginManage:359 - Loaded plugin rif (category:base,tabindex:3)
2026-06-11 09:38:21,032 [INFO] PluginManage:310 - Check plugin thirdparty
2026-06-11 09:38:21,483 [INFO] PluginManage:359 - Loaded plugin thirdparty (category:base,tabindex:-1)
2026-06-11 09:38:21,485 [INFO] PluginManage:310 - Check plugin tools
2026-06-11 09:38:21,493 [INFO] PluginManage:359 - Loaded plugin tools (category:base,tabindex:7)
2026-06-11 09:38:21,488 [WARN] IntegrityCheckThread:84 - waiting for thirdparty lock release [integrity check]
2026-06-11 09:38:21,496 [INFO] IntegrityCheckThread:86 - entering critical section [integrity check]
2026-06-11 09:38:21,498 [INFO] ThirdPartyUpdaterWithRetryManager:70 - Updater plugin not ready yet. [1/15]
2026-06-11 09:38:21,494 [INFO] PluginManage:310 - Check plugin tutovideos
2026-06-11 09:38:22,091 [INFO] PluginManage:359 - Loaded plugin tutovideos (category:base,tabindex:-1)
2026-06-11 09:38:22,092 [INFO] PluginManage:310 - Check plugin updater
2026-06-11 09:38:22,158 [INFO] PluginManage:359 - Loaded plugin updater (category:base,tabindex:12)
2026-06-11 09:38:22,158 [INFO] PluginManage:310 - Check plugin userauth
2026-06-11 09:38:22,174 [INFO] UserAuth:118 - Init User Auth plugin
2026-06-11 09:38:22,176 [INFO] PluginManage:359 - Loaded plugin userauth (category:base,tabindex:14)
2026-06-11 09:38:22,178 [INFO] PluginManage:283 - PluginManage : Loaded plugins [18]
2026-06-11 09:38:22,840 [INFO] PinOutPanel:1589 - setPackage(No Configuration,No Configuration)
2026-06-11 09:38:23,044 [INFO] CADModel:165 - CPN selected for project level
2026-06-11 09:38:23,045 [INFO] CADModel:114 - Register for checkConnection events
2026-06-11 09:38:23,082 [INFO] IPUIPlugin:80 - create IPUIPlugin
2026-06-11 09:38:23,083 [INFO] PluginManager:220 - loadIPPluginJar : add touchsensing
2026-06-11 09:38:23,089 [INFO] IPUIPlugin:80 - create IPUIPlugin
2026-06-11 09:38:23,089 [INFO] PluginManager:220 - loadIPPluginJar : add quadspi
2026-06-11 09:38:23,097 [INFO] IPUIPlugin:80 - create IPUIPlugin
2026-06-11 09:38:23,097 [INFO] PluginManager:220 - loadIPPluginJar : add i3c
2026-06-11 09:38:23,106 [INFO] IPUIPlugin:80 - create IPUIPlugin
2026-06-11 09:38:23,106 [INFO] PluginManager:220 - loadIPPluginJar : add usart
2026-06-11 09:38:23,118 [INFO] IPUIPlugin:80 - create IPUIPlugin
2026-06-11 09:38:23,119 [INFO] PluginManager:220 - loadIPPluginJar : add fmc
2026-06-11 09:38:23,126 [INFO] IPUIPlugin:80 - create IPUIPlugin
2026-06-11 09:38:23,126 [INFO] PluginManager:220 - loadIPPluginJar : add sai
2026-06-11 09:38:23,139 [INFO] IPUIPlugin:80 - create IPUIPlugin
2026-06-11 09:38:23,139 [INFO] PluginManager:220 - loadIPPluginJar : add linkedlist
2026-06-11 09:38:23,143 [INFO] IPUIPlugin:80 - create IPUIPlugin
2026-06-11 09:38:23,143 [INFO] PluginManager:220 - loadIPPluginJar : add comp
2026-06-11 09:38:23,148 [INFO] IPUIPlugin:80 - create IPUIPlugin
2026-06-11 09:38:23,149 [INFO] PluginManager:220 - loadIPPluginJar : add hash
2026-06-11 09:38:23,155 [INFO] IPUIPlugin:80 - create IPUIPlugin
2026-06-11 09:38:23,155 [INFO] PluginManager:220 - loadIPPluginJar : add can
2026-06-11 09:38:23,158 [INFO] IPUIPlugin:80 - create IPUIPlugin
2026-06-11 09:38:23,159 [INFO] PluginManager:220 - loadIPPluginJar : add ltdc
2026-06-11 09:38:23,164 [INFO] IPUIPlugin:80 - create IPUIPlugin
2026-06-11 09:38:23,166 [INFO] PluginManager:220 - loadIPPluginJar : add dma3
2026-06-11 09:38:23,172 [INFO] IPUIPlugin:80 - create IPUIPlugin
2026-06-11 09:38:23,173 [INFO] PluginManager:220 - loadIPPluginJar : add i2c
2026-06-11 09:38:23,177 [INFO] IPUIPlugin:80 - create IPUIPlugin
2026-06-11 09:38:23,177 [INFO] PluginManager:220 - loadIPPluginJar : add tsc
2026-06-11 09:38:23,190 [INFO] IPUIPlugin:80 - create IPUIPlugin
2026-06-11 09:38:23,191 [INFO] PluginManager:220 - loadIPPluginJar : add freertos
2026-06-11 09:38:23,200 [INFO] IPUIPlugin:80 - create IPUIPlugin
2026-06-11 09:38:23,201 [INFO] PluginManager:220 - loadIPPluginJar : add nvic
2026-06-11 09:38:23,207 [INFO] IPUIPlugin:80 - create IPUIPlugin
2026-06-11 09:38:23,207 [INFO] PluginManager:220 - loadIPPluginJar : add aes
2026-06-11 09:38:23,211 [INFO] IPUIPlugin:80 - create IPUIPlugin
2026-06-11 09:38:23,211 [INFO] PluginManager:220 - loadIPPluginJar : add genericplugin
2026-06-11 09:38:23,218 [INFO] IPUIPlugin:80 - create IPUIPlugin
2026-06-11 09:38:23,218 [INFO] PluginManager:220 - loadIPPluginJar : add i2s
2026-06-11 09:38:23,224 [INFO] IPUIPlugin:80 - create IPUIPlugin
2026-06-11 09:38:23,225 [INFO] PluginManager:220 - loadIPPluginJar : add extmemmanager
2026-06-11 09:38:23,232 [INFO] IPUIPlugin:80 - create IPUIPlugin
2026-06-11 09:38:23,233 [INFO] PluginManager:220 - loadIPPluginJar : add gtzc
2026-06-11 09:38:23,241 [INFO] IPUIPlugin:80 - create IPUIPlugin
2026-06-11 09:38:23,242 [INFO] PluginManager:220 - loadIPPluginJar : add usbx
2026-06-11 09:38:23,251 [INFO] IPUIPlugin:80 - create IPUIPlugin
2026-06-11 09:38:23,251 [INFO] PluginManager:220 - loadIPPluginJar : add ipddr
2026-06-11 09:38:23,263 [INFO] IPUIPlugin:80 - create IPUIPlugin
2026-06-11 09:38:23,264 [INFO] PluginManager:220 - loadIPPluginJar : add gpio
2026-06-11 09:38:23,285 [INFO] IPUIPlugin:80 - create IPUIPlugin
2026-06-11 09:38:23,286 [INFO] PluginManager:220 - loadIPPluginJar : add lorawan
2026-06-11 09:38:23,301 [INFO] IPUIPlugin:80 - create IPUIPlugin
2026-06-11 09:38:23,301 [INFO] PluginManager:220 - loadIPPluginJar : add adc
2026-06-11 09:38:23,309 [INFO] IPUIPlugin:80 - create IPUIPlugin
2026-06-11 09:38:23,310 [INFO] PluginManager:220 - loadIPPluginJar : add radio
2026-06-11 09:38:23,321 [INFO] IPUIPlugin:80 - create IPUIPlugin
2026-06-11 09:38:23,321 [INFO] PluginManager:220 - loadIPPluginJar : add resmgrutility
2026-06-11 09:38:23,340 [INFO] IPUIPlugin:80 - create IPUIPlugin
2026-06-11 09:38:23,349 [INFO] PluginManager:220 - loadIPPluginJar : add plateformsettings
2026-06-11 09:38:23,354 [INFO] IPUIPlugin:80 - create IPUIPlugin
2026-06-11 09:38:23,354 [INFO] PluginManager:220 - loadIPPluginJar : add tim
2026-06-11 09:38:23,362 [INFO] IPUIPlugin:80 - create IPUIPlugin
2026-06-11 09:38:23,362 [INFO] PluginManager:220 - loadIPPluginJar : add ddr_ctrl_phy
2026-06-11 09:38:23,369 [INFO] IPUIPlugin:80 - create IPUIPlugin
2026-06-11 09:38:23,371 [INFO] PluginManager:220 - loadIPPluginJar : add dfsdm
2026-06-11 09:38:23,377 [INFO] IPUIPlugin:80 - create IPUIPlugin
2026-06-11 09:38:23,377 [INFO] PluginManager:220 - loadIPPluginJar : add ts
2026-06-11 09:38:23,385 [INFO] IPUIPlugin:80 - create IPUIPlugin
2026-06-11 09:38:23,385 [INFO] PluginManager:220 - loadIPPluginJar : add opamp
2026-06-11 09:38:23,394 [INFO] IPUIPlugin:80 - create IPUIPlugin
2026-06-11 09:38:23,395 [INFO] PluginManager:220 - loadIPPluginJar : add pdm2pcm
2026-06-11 09:38:23,400 [INFO] IPUIPlugin:80 - create IPUIPlugin
2026-06-11 09:38:23,401 [INFO] PluginManager:220 - loadIPPluginJar : add ucpd
2026-06-11 09:38:23,413 [INFO] IPUIPlugin:80 - create IPUIPlugin
2026-06-11 09:38:23,414 [INFO] PluginManager:220 - loadIPPluginJar : add dma
2026-06-11 09:38:23,428 [INFO] IPUIPlugin:80 - create IPUIPlugin
2026-06-11 09:38:23,428 [INFO] PluginManager:220 - loadIPPluginJar : add stm32_wpan
2026-06-11 09:38:23,441 [INFO] IPUIPlugin:80 - create IPUIPlugin
2026-06-11 09:38:23,441 [INFO] PluginManager:220 - loadIPPluginJar : add gic
2026-06-11 09:38:23,446 [INFO] IPUIPlugin:80 - create IPUIPlugin
2026-06-11 09:38:23,446 [INFO] PluginManager:220 - loadIPPluginJar : add gfxmmu
2026-06-11 09:38:23,451 [INFO] IPUIPlugin:80 - create IPUIPlugin
2026-06-11 09:38:23,451 [INFO] PluginManager:220 - loadIPPluginJar : add tracer_emb
2026-06-11 09:38:23,467 [INFO] IPUIPlugin:80 - create IPUIPlugin
2026-06-11 09:38:23,468 [INFO] PluginManager:220 - loadIPPluginJar : add mdma
2026-06-11 09:38:23,474 [INFO] IPUIPlugin:80 - create IPUIPlugin
2026-06-11 09:38:23,474 [INFO] PluginManager:220 - loadIPPluginJar : add fatfs
2026-06-11 09:38:23,483 [INFO] IPUIPlugin:80 - create IPUIPlugin
2026-06-11 09:38:23,483 [INFO] PluginManager:220 - loadIPPluginJar : add openamp
2026-06-11 09:38:23,490 [INFO] IPUIPlugin:80 - create IPUIPlugin
2026-06-11 09:38:23,491 [INFO] PluginManager:220 - loadIPPluginJar : add spi
2026-06-11 09:38:23,505 [INFO] IPUIPlugin:80 - create IPUIPlugin
2026-06-11 09:38:23,505 [INFO] PluginManager:220 - loadIPPluginJar : add cryp
2026-06-11 09:38:23,725 [FATAL] Updater:351 - Updater called before beeing initialized
2026-06-11 09:38:23,827 [INFO] RulesReader:64 - Compatibility file has been processed (317 Rules)
2026-06-11 09:38:23,878 [INFO] RulesReader:64 - Compatibility file has been processed (317 Rules)
2026-06-11 09:38:23,914 [INFO] CADModel:165 - CPN selected for project level
2026-06-11 09:38:23,915 [INFO] CADModel:114 - Register for checkConnection events
2026-06-11 09:38:23,915 [FATAL] Updater:351 - Updater called before beeing initialized
2026-06-11 09:38:23,916 [ERROR] CADModel:125 - Updater not yet initialized, retry later 
2026-06-11 09:38:24,290 [FATAL] Updater:351 - Updater called before beeing initialized
2026-06-11 09:38:24,297 [INFO] CADModel:165 - CPN selected for project level
2026-06-11 09:38:24,298 [INFO] CADModel:114 - Register for checkConnection events
2026-06-11 09:38:24,298 [FATAL] Updater:351 - Updater called before beeing initialized
2026-06-11 09:38:24,298 [ERROR] CADModel:125 - Updater not yet initialized, retry later 
2026-06-11 09:38:24,309 [FATAL] Updater:351 - Updater called before beeing initialized
2026-06-11 09:38:24,499 [INFO] ThirdPartyUpdaterWithRetryManager:70 - Updater plugin not ready yet. [2/15]
2026-06-11 09:38:24,687 [FATAL] Updater:351 - Updater called before beeing initialized
2026-06-11 09:38:24,702 [INFO] DbMcusAds:53 - JSON generation date=Thu May 28 17:08:17 CET 2026 (1779984497073)
2026-06-11 09:38:24,703 [FATAL] Updater:351 - Updater called before beeing initialized
2026-06-11 09:38:24,816 [WARN] DetailPanel:346 - Failed to get advertising image, set to default
2026-06-11 09:38:25,088 [FATAL] Updater:351 - Updater called before beeing initialized
2026-06-11 09:38:25,093 [FATAL] Updater:351 - Updater called before beeing initialized
2026-06-11 09:38:25,094 [FATAL] Updater:351 - Updater called before beeing initialized
2026-06-11 09:38:25,094 [WARN] DetailPanel:346 - Failed to get advertising image, set to default
2026-06-11 09:38:25,098 [FATAL] Updater:351 - Updater called before beeing initialized
2026-06-11 09:38:25,227 [ERROR] Updater:1198 - MainUpdater not yet initialized. External WinMGr cannot be set.
2026-06-11 09:38:25,232 [INFO] Updater:1134 - Updater Version found : 6.15.0
2026-06-11 09:38:25,313 [INFO] ApplicationProperties:184 - Using Application install path: /home/ilyes/Downloads/makeself_dir_o70WRx/y/plugins/com.st.stm32cube.common.mx_6.15.0.202507011659
2026-06-11 09:38:26,302 [INFO] MainUpdater:2872 - connection check result : 10
2026-06-11 09:38:26,304 [INFO] MainUpdater:289 - Updater Check For Update Now.
2026-06-11 09:38:26,305 [INFO] MicroXplorer:498 - Change Database Version : DB.6.0.150
2026-06-11 09:38:26,341 [INFO] McuFinderGlobals:63 - Set McuFinder mode to 2 (CubeIDE integrated)
2026-06-11 09:38:26,343 [INFO] UserAuth:487 - Internet connection configuration mode: 1
2026-06-11 09:38:26,429 [INFO] JxBrowserEngine:152 - Initiate JxBrowser Engine with user profile folder
2026-06-11 09:38:26,921 [INFO] CheckServerUpdateThread:120 - End of CheckServer Thread
2026-06-11 09:38:28,699 [WARN] PackLoader:240 - Cannot read IP mode file for STMicroelectronics.X-CUBE-AZRTOS-H7.3.5.0
2026-06-11 09:38:28,757 [WARN] PackLoader:240 - Cannot read IP mode file for STMicroelectronics.FP-ATR-ASTRA1.2.0.2
2026-06-11 09:38:28,786 [ERROR] Engine:466 - /home/ilyes/.stm32cubemx/thirdparties/pdsc/STMicroelectronics.X-CUBE-SMBUS.2.1.1.pdsc: PDSC version is not supported
2026-06-11 09:38:28,918 [WARN] PackLoader:240 - Cannot read IP mode file for STMicroelectronics.X-CUBE-AZRTOS-F7.1.1.0
2026-06-11 09:38:28,956 [WARN] PackLoader:240 - Cannot read IP mode file for STMicroelectronics.FP-SNS-MOTENV1.5.1.0
2026-06-11 09:38:28,996 [WARN] PackLoader:240 - Cannot read IP mode file for WES.I-CUBE-Cesium.1.4.0
2026-06-11 09:38:29,049 [WARN] PackLoader:240 - Cannot read IP mode file for STMicroelectronics.X-CUBE-DISPLAY.3.0.0
2026-06-11 09:38:29,293 [WARN] PackLoader:240 - Cannot read IP mode file for STMicroelectronics.X-CUBE-GNSS1.7.1.1
2026-06-11 09:38:29,342 [WARN] PackLoader:240 - Cannot read IP mode file for STMicroelectronics.FP-SNS-MOTENVWB1.1.5.0
2026-06-11 09:38:29,362 [WARN] PackLoader:240 - Cannot read IP mode file for wolfSSL.I-CUBE-wolfSSL.5.9.1
2026-06-11 09:38:29,388 [WARN] PackLoader:240 - Cannot read IP mode file for STMicroelectronics.X-CUBE-NFC10.1.0.0
2026-06-11 09:38:29,409 [WARN] PackLoader:240 - Cannot read IP mode file for STMicroelectronics.X-CUBE-ST60.1.1.0
2026-06-11 09:38:29,505 [WARN] PackLoader:240 - Cannot read IP mode file for emotas.I-CUBE-CANOPEN.1.3.0
2026-06-11 09:38:29,587 [WARN] PackLoader:240 - Cannot read IP mode file for STMicroelectronics.FP-SNS-STBOX1.2.1.0
2026-06-11 09:38:29,667 [WARN] PackLoader:240 - Cannot read IP mode file for STMicroelectronics.FP-SNS-SMARTAG2.1.2.0
2026-06-11 09:38:29,759 [WARN] PackLoader:240 - Cannot read IP mode file for STMicroelectronics.FP-SNS-FLIGHT1.5.1.0
2026-06-11 09:38:30,008 [INFO] LogOutputStream:77 - [STDOUT_REDIRECT] 1 : Invalid condition id : UX_CORESTACK_Condition cause : null
2026-06-11 09:38:30,009 [INFO] LogOutputStream:77 - [STDOUT_REDIRECT] 1 : Invalid condition id : UX_CORESTACK_Condition cause : null
2026-06-11 09:38:30,017 [INFO] LogOutputStream:77 - [STDOUT_REDIRECT] 1 : Invalid condition id : UX_CORESTACK_Condition cause : null
2026-06-11 09:38:30,027 [INFO] LogOutputStream:77 - [STDOUT_REDIRECT] 1 : Invalid condition id : UX_CORESTACK_Condition cause : null
2026-06-11 09:38:30,043 [INFO] LogOutputStream:77 - [STDOUT_REDIRECT] 1 : Invalid condition id : UX_CORESTACK_Condition cause : null
2026-06-11 09:38:30,121 [WARN] PackLoader:240 - Cannot read IP mode file for STMicroelectronics.X-CUBE-AZRTOS-WL.2.0.0
2026-06-11 09:38:30,506 [WARN] PackLoader:240 - Cannot read IP mode file for STMicroelectronics.X-CUBE-AZRTOS-H7RS.1.2.0
2026-06-11 09:38:30,553 [WARN] PackLoader:240 - Cannot read IP mode file for STMicroelectronics.X-CUBE-BLE2.3.3.0
2026-06-11 09:38:30,978 [WARN] PackLoader:240 - Cannot read IP mode file for Infineon.AIROC-Wi-Fi-Bluetooth-STM32.1.8.0
2026-06-11 09:38:31,113 [WARN] PackLoader:240 - Cannot read IP mode file for STMicroelectronics.X-CUBE-NFC9.1.0.0
2026-06-11 09:38:31,157 [WARN] PackLoader:240 - Cannot read IP mode file for STMicroelectronics.X-CUBE-BLE1.7.1.0
2026-06-11 09:38:31,169 [WARN] PackLoader:240 - Cannot read IP mode file for wolfSSL.I-CUBE-wolfMQTT.1.19.2
2026-06-11 09:38:31,198 [WARN] PackLoader:240 - Cannot read IP mode file for STMicroelectronics.X-CUBE-EEPRMA1.5.2.0
2026-06-11 09:38:31,290 [WARN] PackLoader:240 - Cannot read IP mode file for STMicroelectronics.FP-SNS-STAIOTCFT.1.1.0
2026-06-11 09:38:31,408 [WARN] PackLoader:240 - Cannot read IP mode file for STMicroelectronics.X-CUBE-AZRTOS-G0.1.1.0
2026-06-11 09:38:31,445 [WARN] PackLoader:240 - Cannot read IP mode file for STMicroelectronics.X-CUBE-NFC4.3.0.0
2026-06-11 09:38:31,500 [WARN] PackLoader:240 - Cannot read IP mode file for EmbeddedOffice.I-CUBE-FS-RTOS.1.0.1
2026-06-11 09:38:31,517 [WARN] PackLoader:240 - Cannot read IP mode file for wolfSSL.I-CUBE-wolfTPM.3.8.0
2026-06-11 09:38:31,539 [WARN] PackLoader:240 - Cannot read IP mode file for STMicroelectronics.X-CUBE-TCPP.4.2.0
2026-06-11 09:38:31,571 [WARN] PackLoader:240 - Cannot read IP mode file for RealThread.X-CUBE-RT-Thread_Nano.4.1.1
2026-06-11 09:38:31,588 [WARN] PackLoader:240 - Cannot read IP mode file for STMicroelectronics.FP-ATR-SIGFOX1.3.2.0
2026-06-11 09:38:31,615 [WARN] PackLoader:240 - Cannot read IP mode file for STMicroelectronics.X-CUBE-FREERTOS.1.5.0
2026-06-11 09:38:31,643 [WARN] PackLoader:240 - Cannot read IP mode file for ITTIA_DB.I-CUBE-ITTIADB.8.9.0
2026-06-11 09:38:31,658 [WARN] PackLoader:240 - Cannot read IP mode file for Cesanta.I-CUBE-Mongoose.7.21.7
2026-06-11 09:38:31,703 [WARN] PackLoader:240 - Cannot read IP mode file for STMicroelectronics.X-CUBE-NFC6.3.2.0
2026-06-11 09:38:31,744 [WARN] PackLoader:240 - Cannot read IP mode file for STMicroelectronics.X-CUBE-AI.10.2.0
2026-06-11 09:38:31,925 [WARN] PackLoader:240 - Cannot read IP mode file for STMicroelectronics.X-CUBE-MEMS1.12.1.0
2026-06-11 09:38:31,940 [INFO] WebApp:169 - Instantiating new browser for Auth
2026-06-11 09:38:32,775 [WARN] PackLoader:240 - Cannot read IP mode file for SEGGER.I-CUBE-embOS.1.3.1
2026-06-11 09:38:33,159 [WARN] PackLoader:240 - Cannot read IP mode file for STMicroelectronics.X-CUBE-PM33A1.1.0.0
2026-06-11 09:38:33,263 [WARN] PackLoader:240 - Cannot read IP mode file for STMicroelectronics.X-CUBE-AZRTOS-F4.1.1.0
2026-06-11 09:38:33,297 [WARN] PackLoader:240 - Cannot read IP mode file for STMicroelectronics.X-CUBE-ISPU.2.1.0
2026-06-11 09:38:33,555 [WARN] PackLoader:240 - Cannot read IP mode file for STMicroelectronics.X-CUBE-IPS.3.2.0
2026-06-11 09:38:33,810 [WARN] PackLoader:240 - Cannot read IP mode file for STMicroelectronics.eDS-WB_DPC_TT-BIDIR.2.1.1
2026-06-11 09:38:33,869 [WARN] PackLoader:240 - Cannot read IP mode file for STMicroelectronics.X-CUBE-NFC12.1.0.0
2026-06-11 09:38:34,027 [WARN] PackLoader:240 - Cannot read IP mode file for STMicroelectronics.X-CUBE-AZRTOS-L5.2.0.0
2026-06-11 09:38:34,111 [WARN] PackLoader:240 - Cannot read IP mode file for STMicroelectronics.X-CUBE-ALGOBUILD.1.5.0
2026-06-11 09:38:34,146 [WARN] PackLoader:240 - Cannot read IP mode file for STMicroelectronics.eDS-WB_DPC_VIENNA.1.2.0
2026-06-11 09:38:34,162 [WARN] PackLoader:240 - Cannot read IP mode file for STMicroelectronics.eDS-WB_DPC_3PH2L-BIDIR.1.1.1
2026-06-11 09:38:34,222 [ERROR] Engine:466 - /home/ilyes/.stm32cubemx/thirdparties/pdsc/STMicroelectronics.X-CUBE-ST67W61.1.3.0.pdsc: PDSC version is not supported
2026-06-11 09:38:34,280 [WARN] PackLoader:240 - Cannot read IP mode file for STMicroelectronics.X-CUBE-TOUCHGFX.4.26.1
2026-06-11 09:38:34,391 [WARN] PackLoader:240 - Cannot read IP mode file for STMicroelectronics.X-CUBE-DPower.1.3.0
2026-06-11 09:38:34,536 [WARN] ConditionMgr:438 - getConditionDescription Invalid condition id : LAN8742 Phy interface Condition cause : null
2026-06-11 09:38:34,541 [WARN] PackLoader:240 - Cannot read IP mode file for STMicroelectronics.X-CUBE-AZRTOS-L4.2.0.0
2026-06-11 09:38:34,548 [WARN] ConditionMgr:1044 - genDependencies : Invalid condition id : LAN8742 Phy interface Condition cause : null
2026-06-11 09:38:34,549 [WARN] ConditionMgr:1044 - genDependencies : Invalid condition id : LAN8742 Phy interface Condition cause : null
2026-06-11 09:38:34,551 [WARN] ConditionMgr:1044 - genDependencies : Invalid condition id : LAN8742 Phy interface Condition cause : null
2026-06-11 09:38:34,620 [WARN] PackLoader:240 - Cannot read IP mode file for STMicroelectronics.X-CUBE-SFXS2LP1.4.0.0
2026-06-11 09:38:34,640 [WARN] PackLoader:240 - Cannot read IP mode file for STMicroelectronics.X-CUBE-WB05N.2.1.0
2026-06-11 09:38:34,700 [WARN] PackLoader:240 - Cannot read IP mode file for STMicroelectronics.X-CUBE-BLEMGR.4.1.0
2026-06-11 09:38:34,785 [WARN] ConditionMgr:438 - getConditionDescription Invalid condition id : UX DEVICE CLASS RTOS Condition cause : null
2026-06-11 09:38:34,785 [WARN] ConditionMgr:438 - getConditionDescription Invalid condition id : UX DEVICE CLASS RTOS Condition cause : null
2026-06-11 09:38:34,795 [WARN] PackLoader:240 - Cannot read IP mode file for STMicroelectronics.X-CUBE-AZRTOS-WB.2.0.0
2026-06-11 09:38:34,800 [WARN] ConditionMgr:1044 - genDependencies : Invalid condition id : UX DEVICE CLASS RTOS Condition cause : null
2026-06-11 09:38:34,801 [WARN] ConditionMgr:1044 - genDependencies : Invalid condition id : UX DEVICE CLASS RTOS Condition cause : null
2026-06-11 09:38:34,806 [WARN] ConditionMgr:1044 - genDependencies : Invalid condition id : UX DEVICE CLASS RTOS Condition cause : null
2026-06-11 09:38:34,807 [WARN] ConditionMgr:1044 - genDependencies : Invalid condition id : UX DEVICE CLASS RTOS Condition cause : null
2026-06-11 09:38:34,811 [WARN] ConditionMgr:1044 - genDependencies : Invalid condition id : UX DEVICE CLASS RTOS Condition cause : null
2026-06-11 09:38:34,829 [WARN] ConditionMgr:438 - getConditionDescription Invalid condition id : Cortex-A Device cause : null
2026-06-11 09:38:34,874 [WARN] ConditionMgr:1044 - genDependencies : Invalid condition id : Cortex-A Device cause : null
2026-06-11 09:38:34,882 [WARN] ConditionMgr:1044 - genDependencies : Invalid condition id : Cortex-A Device cause : null
2026-06-11 09:38:34,883 [WARN] ConditionMgr:1044 - genDependencies : Invalid condition id : Cortex-A Device cause : null
2026-06-11 09:38:34,933 [WARN] PackLoader:240 - Cannot read IP mode file for STMicroelectronics.X-CUBE-STSE01.2.0.0
2026-06-11 09:38:35,124 [WARN] PackLoader:240 - Cannot read IP mode file for STMicroelectronics.X-CUBE-SUBG2.5.0.0
2026-06-11 09:38:35,341 [WARN] PackLoader:240 - Cannot read IP mode file for STMicroelectronics.X-CUBE-AZRTOS-G4.2.0.0
2026-06-11 09:38:35,448 [WARN] PackLoader:240 - Cannot read IP mode file for wolfSSL.I-CUBE-wolfSSH.1.4.20
2026-06-11 09:38:35,499 [WARN] PackLoader:240 - Cannot read IP mode file for STMicroelectronics.X-CUBE-NFC7.2.0.0
2026-06-11 09:38:35,572 [WARN] PackLoader:240 - Cannot read IP mode file for STMicroelectronics.X-CUBE-ALS.1.0.2
2026-06-11 09:38:35,731 [WARN] PackLoader:240 - Cannot read IP mode file for STMicroelectronics.X-CUBE-TOF1.3.4.3
2026-06-11 09:38:35,915 [INFO] ThirdParty:978 - Integrity check success = true
2026-06-11 09:38:35,916 [INFO] IntegrityCheckThread:100 - exiting critical section [integrity check]
2026-06-11 09:38:35,918 [INFO] IntegrityCheckThread:103 - End integrity checks thread
2026-06-11 09:38:37,688 [INFO] WebApp:463 - Apply proxy settings
2026-06-11 09:38:37,688 [INFO] WebApp:548 - Chromium requires no authentication
2026-06-11 09:38:37,758 [INFO] WebApp:491 - Direct internet connection detected
2026-06-11 09:38:37,886 [INFO] WebApp:900 - Register for checkConnection events
2026-06-11 09:38:37,892 [INFO] WebApp:463 - Apply proxy settings
2026-06-11 09:38:37,897 [INFO] WebApp:548 - Chromium requires no authentication
2026-06-11 09:38:37,899 [INFO] WebApp:491 - Direct internet connection detected
2026-06-11 09:38:38,675 [INFO] WebApp:191 - Connection restablished
2026-06-11 09:38:39,027 [INFO] WebApp:225 - Starting web application
2026-06-11 09:38:39,034 [INFO] WebApp:593 - Web application path used /home/ilyes/Downloads/makeself_dir_o70WRx/y/plugins/com.st.stm32cube.common.mx_6.15.0.202507011659/db/plugins/mcufinder/reactClient1/index.html
2026-06-11 09:38:40,265 [INFO] UserAuth:487 - Internet connection configuration mode: 1
