2026-06-24 18:40:28,369 [INFO] Activator:176 - 


2026-06-24 18:40:28,382 [INFO] Activator:177 - !SESSION log4j initialized
2026-06-24 18:40:41,214 [INFO] LogOutputStream:77 - [STDOUT_REDIRECT] 
2026-06-24 18:40:42,790 [ERROR] ConfigurationRetriever:142 - IOException on connection: sw-center.st.com
2026-06-24 18:40:42,801 [ERROR] ConfigurationRetriever:142 - IOException on connection: sw-center.st.com
2026-06-24 18:40:42,803 [ERROR] ConfigurationRetriever:142 - IOException on connection: sw-center.st.com
2026-06-24 18:40:44,343 [INFO] ApplicationProperties:184 - Using Application install path: /home/ilyes/Downloads/makeself_dir_o70WRx/y/plugins/com.st.stm32cube.common.mx_6.15.0.202507011659
2026-06-24 18:40:44,437 [INFO] DbMcusXml:78 - Set database path to: /home/ilyes/Downloads/makeself_dir_o70WRx/y/plugins/com.st.stm32cube.common.mx_6.15.0.202507011659//db//mcu/
2026-06-24 18:40:44,438 [INFO] ApiDb:274 - Set plugin database path to: /home/ilyes/Downloads/makeself_dir_o70WRx/y/plugins/com.st.stm32cube.common.mx_6.15.0.202507011659//db//plugins/boardmanager/
2026-06-24 18:40:44,439 [WARN] ApiDb:259 - Overriding images path with different value:  => /home/ilyes/Downloads/makeself_dir_o70WRx/y/plugins/com.st.stm32cube.common.mx_6.15.0.202507011659//db//plugins/mcufinder/images/
2026-06-24 18:40:44,474 [INFO] ApiDb:250 - Set database path to: /home/ilyes/.stmcufinder/plugins/mcufinder//mcu/
2026-06-24 18:40:44,483 [INFO] DbMcusAds:125 - Set database path to: /home/ilyes/.stmcufinder/plugins/mcufinder//mcu/
2026-06-24 18:40:44,494 [INFO] CrossReferenceDbSqlite:203 - Set database path to: /home/ilyes/.stmcufinder/plugins/mcufinder//mcu/cs/
2026-06-24 18:40:45,306 [INFO] RulesReader:64 - Compatibility file has been processed (317 Rules)
2026-06-24 18:40:45,737 [INFO] DbMcusXml:78 - Set database path to: /home/ilyes/Downloads/makeself_dir_o70WRx/y/plugins/com.st.stm32cube.common.mx_6.15.0.202507011659//db//mcu/
2026-06-24 18:40:45,738 [INFO] ApiDb:274 - Set plugin database path to: /home/ilyes/Downloads/makeself_dir_o70WRx/y/plugins/com.st.stm32cube.common.mx_6.15.0.202507011659//db//plugins/boardmanager/
2026-06-24 18:40:45,739 [INFO] ApiDb:261 - Set plugin images path to: /home/ilyes/Downloads/makeself_dir_o70WRx/y/plugins/com.st.stm32cube.common.mx_6.15.0.202507011659//db//plugins/mcufinder/images/
2026-06-24 18:40:45,739 [WARN] DbFile:41 - Overriding database path with different value: /home/ilyes/.stmcufinder/plugins/mcufinder/ => /home/ilyes/.stmcufinder/plugins/mcufinder
2026-06-24 18:40:45,760 [INFO] ApiDb:250 - Set database path to: /home/ilyes/.stmcufinder/plugins/mcufinder//mcu/
2026-06-24 18:40:45,762 [WARN] DbFile:41 - Overriding database path with different value: /home/ilyes/.stmcufinder/plugins/mcufinder/ => /home/ilyes/.stmcufinder/plugins/mcufinder
2026-06-24 18:40:45,762 [INFO] DbMcusAds:125 - Set database path to: /home/ilyes/.stmcufinder/plugins/mcufinder//mcu/
2026-06-24 18:40:45,763 [WARN] DbFile:41 - Overriding database path with different value: /home/ilyes/.stmcufinder/plugins/mcufinder/ => /home/ilyes/.stmcufinder/plugins/mcufinder
2026-06-24 18:40:45,763 [WARN] DbFile:41 - Overriding database path with different value: /home/ilyes/.stmcufinder/plugins/mcufinder/ => /home/ilyes/.stmcufinder/plugins/mcufinder
2026-06-24 18:40:45,764 [INFO] CrossReferenceDbSqlite:203 - Set database path to: /home/ilyes/.stmcufinder/plugins/mcufinder//mcu/cs/
2026-06-24 18:40:46,215 [INFO] MainPanel:274 - HeapMemory: 268435456
2026-06-24 18:40:46,944 [INFO] DbMcusXml:78 - Set database path to: /home/ilyes/Downloads/makeself_dir_o70WRx/y/plugins/com.st.stm32cube.common.mx_6.15.0.202507011659//db//mcu/
2026-06-24 18:40:46,944 [INFO] ApiDb:274 - Set plugin database path to: /home/ilyes/Downloads/makeself_dir_o70WRx/y/plugins/com.st.stm32cube.common.mx_6.15.0.202507011659//db//plugins/boardmanager/
2026-06-24 18:40:46,945 [INFO] ApiDb:261 - Set plugin images path to: /home/ilyes/Downloads/makeself_dir_o70WRx/y/plugins/com.st.stm32cube.common.mx_6.15.0.202507011659//db//plugins/mcufinder/images/
2026-06-24 18:40:46,953 [WARN] DbFile:41 - Overriding database path with different value: /home/ilyes/.stmcufinder/plugins/mcufinder/ => /home/ilyes/.stmcufinder/plugins/mcufinder
2026-06-24 18:40:46,953 [INFO] ApiDb:250 - Set database path to: /home/ilyes/.stmcufinder/plugins/mcufinder//mcu/
2026-06-24 18:40:46,954 [WARN] DbFile:41 - Overriding database path with different value: /home/ilyes/.stmcufinder/plugins/mcufinder/ => /home/ilyes/.stmcufinder/plugins/mcufinder
2026-06-24 18:40:46,954 [INFO] DbMcusAds:125 - Set database path to: /home/ilyes/.stmcufinder/plugins/mcufinder//mcu/
2026-06-24 18:40:46,954 [WARN] DbFile:41 - Overriding database path with different value: /home/ilyes/.stmcufinder/plugins/mcufinder/ => /home/ilyes/.stmcufinder/plugins/mcufinder
2026-06-24 18:40:46,955 [WARN] DbFile:41 - Overriding database path with different value: /home/ilyes/.stmcufinder/plugins/mcufinder/ => /home/ilyes/.stmcufinder/plugins/mcufinder
2026-06-24 18:40:46,955 [INFO] CrossReferenceDbSqlite:203 - Set database path to: /home/ilyes/.stmcufinder/plugins/mcufinder//mcu/cs/
2026-06-24 18:40:47,049 [INFO] ApplicationProperties:184 - Using Application install path: /home/ilyes/Downloads/makeself_dir_o70WRx/y/plugins/com.st.stm32cube.common.mx_6.15.0.202507011659
2026-06-24 18:40:47,063 [INFO] PluginManage:196 - Search for loadable plugins [exclusion list=, ]
2026-06-24 18:40:47,071 [INFO] PluginManage:310 - Check plugin analytics
2026-06-24 18:40:48,076 [INFO] AnalyticsPlugin:253 - Accepted Software Licenses: 
2026-06-24 18:40:48,076 [INFO] AnalyticsPlugin:255 - Accepted CMSIS Pack Licenses: 
2026-06-24 18:40:48,077 [INFO] AnalyticsPlugin:257 - Accepted Firmware Licenses: FW.F4.1.28.0
2026-06-24 18:40:48,094 [INFO] PluginManage:359 - Loaded plugin analytics (category:tool,tabindex:-1)
2026-06-24 18:40:48,100 [INFO] PluginManage:310 - Check plugin cadmodel
2026-06-24 18:40:48,118 [ERROR] ConfigurationRetriever:142 - IOException on connection: sw-center.st.com
2026-06-24 18:40:48,120 [ERROR] ConfigurationRetriever:142 - IOException on connection: sw-center.st.com
2026-06-24 18:40:48,121 [ERROR] ConfigurationRetriever:142 - IOException on connection: sw-center.st.com
2026-06-24 18:40:48,130 [INFO] CADModel:105 - Init CAD model plugin
2026-06-24 18:40:48,130 [INFO] PluginManage:359 - Loaded plugin cadmodel (category:power,tabindex:5)
2026-06-24 18:40:48,133 [INFO] PluginManage:310 - Check plugin clock
2026-06-24 18:40:48,165 [INFO] PluginManage:359 - Loaded plugin clock (category:base,tabindex:2)
2026-06-24 18:40:48,169 [INFO] PluginManage:310 - Check plugin ddr
2026-06-24 18:40:48,179 [INFO] PluginManage:359 - Loaded plugin ddr (category:tool,tabindex:6)
2026-06-24 18:40:48,180 [INFO] PluginManage:310 - Check plugin filemanager
2026-06-24 18:40:48,639 [INFO] PluginManage:359 - Loaded plugin filemanager (category:base,tabindex:10)
2026-06-24 18:40:48,641 [INFO] PluginManage:310 - Check plugin ipmanager
2026-06-24 18:40:48,659 [INFO] PluginManage:359 - Loaded plugin ipmanager (category:base,tabindex:5)
2026-06-24 18:40:48,659 [INFO] PluginManage:310 - Check plugin lpbam
2026-06-24 18:40:48,692 [INFO] PluginManage:359 - Loaded plugin lpbam (category:base,tabindex:0)
2026-06-24 18:40:48,692 [INFO] PluginManage:310 - Check plugin memorymap
2026-06-24 18:40:48,728 [INFO] PluginManage:359 - Loaded plugin memorymap (category:base,tabindex:4)
2026-06-24 18:40:48,729 [INFO] PluginManage:310 - Check plugin pinoutandconfiguration
2026-06-24 18:40:48,758 [INFO] PluginManage:359 - Loaded plugin pinoutandconfiguration (category:base,tabindex:1)
2026-06-24 18:40:48,759 [INFO] PluginManage:310 - Check plugin pinoutconfig
2026-06-24 18:40:49,043 [WARN] SupportedApi:132 - Cannot load RTOS API schema: s4s-elt-must-match.1: The content of 'definitions' must match (annotation?, (simpleType | complexType)?, (unique | key | keyref)*)). A problem was found starting at: attribute.
2026-06-24 18:40:49,584 [INFO] PluginManage:359 - Loaded plugin pinoutconfig (category:base,tabindex:0)
2026-06-24 18:40:49,584 [INFO] PluginManage:310 - Check plugin power
2026-06-24 18:40:49,616 [INFO] PluginManage:359 - Loaded plugin power (category:power,tabindex:4)
2026-06-24 18:40:49,617 [INFO] PluginManage:310 - Check plugin projectmanager
2026-06-24 18:40:49,694 [INFO] PluginManage:359 - Loaded plugin projectmanager (category:projectmanager,tabindex:4)
2026-06-24 18:40:49,695 [INFO] PluginManage:310 - Check plugin rif
2026-06-24 18:40:49,720 [INFO] PluginManage:359 - Loaded plugin rif (category:base,tabindex:3)
2026-06-24 18:40:49,721 [INFO] PluginManage:310 - Check plugin thirdparty
2026-06-24 18:40:50,203 [INFO] PluginManage:359 - Loaded plugin thirdparty (category:base,tabindex:-1)
2026-06-24 18:40:50,204 [INFO] PluginManage:310 - Check plugin tools
2026-06-24 18:40:50,210 [INFO] PluginManage:359 - Loaded plugin tools (category:base,tabindex:7)
2026-06-24 18:40:50,211 [INFO] PluginManage:310 - Check plugin tutovideos
2026-06-24 18:40:50,212 [WARN] IntegrityCheckThread:84 - waiting for thirdparty lock release [integrity check]
2026-06-24 18:40:50,213 [INFO] IntegrityCheckThread:86 - entering critical section [integrity check]
2026-06-24 18:40:50,214 [INFO] ThirdPartyUpdaterWithRetryManager:70 - Updater plugin not ready yet. [1/15]
2026-06-24 18:40:50,853 [INFO] PluginManage:359 - Loaded plugin tutovideos (category:base,tabindex:-1)
2026-06-24 18:40:50,854 [INFO] PluginManage:310 - Check plugin updater
2026-06-24 18:40:50,925 [INFO] PluginManage:359 - Loaded plugin updater (category:base,tabindex:12)
2026-06-24 18:40:50,928 [INFO] PluginManage:310 - Check plugin userauth
2026-06-24 18:40:50,946 [INFO] UserAuth:118 - Init User Auth plugin
2026-06-24 18:40:50,949 [INFO] PluginManage:359 - Loaded plugin userauth (category:base,tabindex:14)
2026-06-24 18:40:50,951 [INFO] PluginManage:283 - PluginManage : Loaded plugins [18]
2026-06-24 18:40:51,649 [INFO] PinOutPanel:1589 - setPackage(No Configuration,No Configuration)
2026-06-24 18:40:52,081 [INFO] CADModel:165 - CPN selected for project level
2026-06-24 18:40:52,081 [INFO] CADModel:114 - Register for checkConnection events
2026-06-24 18:40:52,123 [INFO] IPUIPlugin:80 - create IPUIPlugin
2026-06-24 18:40:52,124 [INFO] PluginManager:220 - loadIPPluginJar : add touchsensing
2026-06-24 18:40:52,128 [INFO] IPUIPlugin:80 - create IPUIPlugin
2026-06-24 18:40:52,128 [INFO] PluginManager:220 - loadIPPluginJar : add quadspi
2026-06-24 18:40:52,136 [INFO] IPUIPlugin:80 - create IPUIPlugin
2026-06-24 18:40:52,136 [INFO] PluginManager:220 - loadIPPluginJar : add i3c
2026-06-24 18:40:52,144 [INFO] IPUIPlugin:80 - create IPUIPlugin
2026-06-24 18:40:52,144 [INFO] PluginManager:220 - loadIPPluginJar : add usart
2026-06-24 18:40:52,159 [INFO] IPUIPlugin:80 - create IPUIPlugin
2026-06-24 18:40:52,159 [INFO] PluginManager:220 - loadIPPluginJar : add fmc
2026-06-24 18:40:52,168 [INFO] IPUIPlugin:80 - create IPUIPlugin
2026-06-24 18:40:52,168 [INFO] PluginManager:220 - loadIPPluginJar : add sai
2026-06-24 18:40:52,196 [INFO] IPUIPlugin:80 - create IPUIPlugin
2026-06-24 18:40:52,197 [INFO] PluginManager:220 - loadIPPluginJar : add linkedlist
2026-06-24 18:40:52,205 [INFO] IPUIPlugin:80 - create IPUIPlugin
2026-06-24 18:40:52,206 [INFO] PluginManager:220 - loadIPPluginJar : add comp
2026-06-24 18:40:52,216 [INFO] IPUIPlugin:80 - create IPUIPlugin
2026-06-24 18:40:52,217 [INFO] PluginManager:220 - loadIPPluginJar : add hash
2026-06-24 18:40:52,231 [INFO] IPUIPlugin:80 - create IPUIPlugin
2026-06-24 18:40:52,232 [INFO] PluginManager:220 - loadIPPluginJar : add can
2026-06-24 18:40:52,241 [INFO] IPUIPlugin:80 - create IPUIPlugin
2026-06-24 18:40:52,242 [INFO] PluginManager:220 - loadIPPluginJar : add ltdc
2026-06-24 18:40:52,266 [INFO] IPUIPlugin:80 - create IPUIPlugin
2026-06-24 18:40:52,268 [INFO] PluginManager:220 - loadIPPluginJar : add dma3
2026-06-24 18:40:52,284 [INFO] IPUIPlugin:80 - create IPUIPlugin
2026-06-24 18:40:52,285 [INFO] PluginManager:220 - loadIPPluginJar : add i2c
2026-06-24 18:40:52,299 [INFO] IPUIPlugin:80 - create IPUIPlugin
2026-06-24 18:40:52,299 [INFO] PluginManager:220 - loadIPPluginJar : add tsc
2026-06-24 18:40:52,320 [INFO] IPUIPlugin:80 - create IPUIPlugin
2026-06-24 18:40:52,321 [INFO] PluginManager:220 - loadIPPluginJar : add freertos
2026-06-24 18:40:52,335 [INFO] IPUIPlugin:80 - create IPUIPlugin
2026-06-24 18:40:52,336 [INFO] PluginManager:220 - loadIPPluginJar : add nvic
2026-06-24 18:40:52,350 [INFO] IPUIPlugin:80 - create IPUIPlugin
2026-06-24 18:40:52,351 [INFO] PluginManager:220 - loadIPPluginJar : add aes
2026-06-24 18:40:52,363 [INFO] IPUIPlugin:80 - create IPUIPlugin
2026-06-24 18:40:52,363 [INFO] PluginManager:220 - loadIPPluginJar : add genericplugin
2026-06-24 18:40:52,374 [INFO] IPUIPlugin:80 - create IPUIPlugin
2026-06-24 18:40:52,374 [INFO] PluginManager:220 - loadIPPluginJar : add i2s
2026-06-24 18:40:52,410 [INFO] IPUIPlugin:80 - create IPUIPlugin
2026-06-24 18:40:52,412 [INFO] PluginManager:220 - loadIPPluginJar : add extmemmanager
2026-06-24 18:40:52,427 [INFO] IPUIPlugin:80 - create IPUIPlugin
2026-06-24 18:40:52,441 [INFO] PluginManager:220 - loadIPPluginJar : add gtzc
2026-06-24 18:40:52,453 [INFO] IPUIPlugin:80 - create IPUIPlugin
2026-06-24 18:40:52,453 [INFO] PluginManager:220 - loadIPPluginJar : add usbx
2026-06-24 18:40:52,480 [INFO] IPUIPlugin:80 - create IPUIPlugin
2026-06-24 18:40:52,480 [INFO] PluginManager:220 - loadIPPluginJar : add ipddr
2026-06-24 18:40:52,504 [INFO] IPUIPlugin:80 - create IPUIPlugin
2026-06-24 18:40:52,505 [INFO] PluginManager:220 - loadIPPluginJar : add gpio
2026-06-24 18:40:52,518 [INFO] IPUIPlugin:80 - create IPUIPlugin
2026-06-24 18:40:52,519 [INFO] PluginManager:220 - loadIPPluginJar : add lorawan
2026-06-24 18:40:52,543 [INFO] IPUIPlugin:80 - create IPUIPlugin
2026-06-24 18:40:52,552 [INFO] PluginManager:220 - loadIPPluginJar : add adc
2026-06-24 18:40:52,559 [INFO] IPUIPlugin:80 - create IPUIPlugin
2026-06-24 18:40:52,569 [INFO] PluginManager:220 - loadIPPluginJar : add radio
2026-06-24 18:40:52,579 [INFO] IPUIPlugin:80 - create IPUIPlugin
2026-06-24 18:40:52,579 [INFO] PluginManager:220 - loadIPPluginJar : add resmgrutility
2026-06-24 18:40:52,647 [INFO] IPUIPlugin:80 - create IPUIPlugin
2026-06-24 18:40:52,671 [INFO] PluginManager:220 - loadIPPluginJar : add plateformsettings
2026-06-24 18:40:52,676 [INFO] IPUIPlugin:80 - create IPUIPlugin
2026-06-24 18:40:52,678 [INFO] PluginManager:220 - loadIPPluginJar : add tim
2026-06-24 18:40:52,687 [INFO] IPUIPlugin:80 - create IPUIPlugin
2026-06-24 18:40:52,688 [INFO] PluginManager:220 - loadIPPluginJar : add ddr_ctrl_phy
2026-06-24 18:40:52,697 [INFO] IPUIPlugin:80 - create IPUIPlugin
2026-06-24 18:40:52,698 [INFO] PluginManager:220 - loadIPPluginJar : add dfsdm
2026-06-24 18:40:52,706 [INFO] IPUIPlugin:80 - create IPUIPlugin
2026-06-24 18:40:52,706 [INFO] PluginManager:220 - loadIPPluginJar : add ts
2026-06-24 18:40:52,714 [INFO] IPUIPlugin:80 - create IPUIPlugin
2026-06-24 18:40:52,715 [INFO] PluginManager:220 - loadIPPluginJar : add opamp
2026-06-24 18:40:52,723 [INFO] IPUIPlugin:80 - create IPUIPlugin
2026-06-24 18:40:52,723 [INFO] PluginManager:220 - loadIPPluginJar : add pdm2pcm
2026-06-24 18:40:52,729 [INFO] IPUIPlugin:80 - create IPUIPlugin
2026-06-24 18:40:52,729 [INFO] PluginManager:220 - loadIPPluginJar : add ucpd
2026-06-24 18:40:52,757 [INFO] IPUIPlugin:80 - create IPUIPlugin
2026-06-24 18:40:52,758 [INFO] PluginManager:220 - loadIPPluginJar : add dma
2026-06-24 18:40:52,793 [INFO] IPUIPlugin:80 - create IPUIPlugin
2026-06-24 18:40:52,793 [INFO] PluginManager:220 - loadIPPluginJar : add stm32_wpan
2026-06-24 18:40:52,818 [INFO] IPUIPlugin:80 - create IPUIPlugin
2026-06-24 18:40:52,819 [INFO] PluginManager:220 - loadIPPluginJar : add gic
2026-06-24 18:40:52,833 [INFO] IPUIPlugin:80 - create IPUIPlugin
2026-06-24 18:40:52,833 [INFO] PluginManager:220 - loadIPPluginJar : add gfxmmu
2026-06-24 18:40:52,852 [INFO] IPUIPlugin:80 - create IPUIPlugin
2026-06-24 18:40:52,852 [INFO] PluginManager:220 - loadIPPluginJar : add tracer_emb
2026-06-24 18:40:52,880 [INFO] IPUIPlugin:80 - create IPUIPlugin
2026-06-24 18:40:52,881 [INFO] PluginManager:220 - loadIPPluginJar : add mdma
2026-06-24 18:40:52,885 [INFO] IPUIPlugin:80 - create IPUIPlugin
2026-06-24 18:40:52,885 [INFO] PluginManager:220 - loadIPPluginJar : add fatfs
2026-06-24 18:40:52,898 [INFO] IPUIPlugin:80 - create IPUIPlugin
2026-06-24 18:40:52,899 [INFO] PluginManager:220 - loadIPPluginJar : add openamp
2026-06-24 18:40:52,913 [INFO] IPUIPlugin:80 - create IPUIPlugin
2026-06-24 18:40:52,914 [INFO] PluginManager:220 - loadIPPluginJar : add spi
2026-06-24 18:40:52,928 [INFO] IPUIPlugin:80 - create IPUIPlugin
2026-06-24 18:40:52,928 [INFO] PluginManager:220 - loadIPPluginJar : add cryp
2026-06-24 18:40:53,221 [INFO] ThirdPartyUpdaterWithRetryManager:70 - Updater plugin not ready yet. [2/15]
2026-06-24 18:40:53,284 [FATAL] Updater:351 - Updater called before beeing initialized
2026-06-24 18:40:53,538 [INFO] RulesReader:64 - Compatibility file has been processed (317 Rules)
2026-06-24 18:40:53,642 [INFO] RulesReader:64 - Compatibility file has been processed (317 Rules)
2026-06-24 18:40:53,681 [INFO] CADModel:165 - CPN selected for project level
2026-06-24 18:40:53,682 [INFO] CADModel:114 - Register for checkConnection events
2026-06-24 18:40:53,686 [FATAL] Updater:351 - Updater called before beeing initialized
2026-06-24 18:40:53,687 [ERROR] CADModel:125 - Updater not yet initialized, retry later 
2026-06-24 18:40:54,293 [FATAL] Updater:351 - Updater called before beeing initialized
2026-06-24 18:40:54,306 [INFO] CADModel:165 - CPN selected for project level
2026-06-24 18:40:54,306 [INFO] CADModel:114 - Register for checkConnection events
2026-06-24 18:40:54,307 [FATAL] Updater:351 - Updater called before beeing initialized
2026-06-24 18:40:54,307 [ERROR] CADModel:125 - Updater not yet initialized, retry later 
2026-06-24 18:40:54,324 [FATAL] Updater:351 - Updater called before beeing initialized
2026-06-24 18:40:54,624 [FATAL] Updater:351 - Updater called before beeing initialized
2026-06-24 18:40:54,644 [INFO] DbMcusAds:53 - JSON generation date=Thu May 28 17:08:17 CET 2026 (1779984497073)
2026-06-24 18:40:54,644 [FATAL] Updater:351 - Updater called before beeing initialized
2026-06-24 18:40:54,745 [WARN] DetailPanel:346 - Failed to get advertising image, set to default
2026-06-24 18:40:55,063 [FATAL] Updater:351 - Updater called before beeing initialized
2026-06-24 18:40:55,068 [FATAL] Updater:351 - Updater called before beeing initialized
2026-06-24 18:40:55,069 [FATAL] Updater:351 - Updater called before beeing initialized
2026-06-24 18:40:55,070 [WARN] DetailPanel:346 - Failed to get advertising image, set to default
2026-06-24 18:40:55,074 [FATAL] Updater:351 - Updater called before beeing initialized
2026-06-24 18:40:55,223 [ERROR] Updater:1198 - MainUpdater not yet initialized. External WinMGr cannot be set.
2026-06-24 18:40:55,233 [INFO] Updater:1134 - Updater Version found : 6.15.0
2026-06-24 18:40:55,299 [INFO] ApplicationProperties:184 - Using Application install path: /home/ilyes/Downloads/makeself_dir_o70WRx/y/plugins/com.st.stm32cube.common.mx_6.15.0.202507011659
2026-06-24 18:40:56,221 [FATAL] Updater:351 - Updater called before beeing initialized
2026-06-24 18:40:56,223 [ERROR] IntegrityCheckThread:130 - Cannot retrieve database content from updater: error 21
2026-06-24 18:40:56,223 [INFO] ThirdParty:978 - Integrity check success = false
2026-06-24 18:40:56,224 [INFO] IntegrityCheckThread:100 - exiting critical section [integrity check]
2026-06-24 18:40:56,224 [INFO] IntegrityCheckThread:103 - End integrity checks thread
2026-06-24 18:40:56,512 [INFO] MainUpdater:2872 - connection check result : 22
2026-06-24 18:40:56,514 [INFO] MainUpdater:289 - Updater Check For Update Now.
2026-06-24 18:40:56,515 [INFO] MicroXplorer:498 - Change Database Version : DB.6.0.150
2026-06-24 18:40:56,581 [INFO] McuFinderGlobals:63 - Set McuFinder mode to 2 (CubeIDE integrated)
2026-06-24 18:40:56,589 [INFO] UserAuth:487 - Internet connection configuration mode: 2
2026-06-24 18:40:56,623 [INFO] UserAuth:487 - Internet connection configuration mode: 2
2026-06-24 18:40:57,280 [INFO] CheckServerUpdateThread:120 - End of CheckServer Thread
2026-06-24 18:51:24,942 [ERROR] ConfigurationRetriever:142 - IOException on connection: sw-center.st.com
2026-06-24 18:51:24,944 [ERROR] ConfigurationRetriever:142 - IOException on connection: sw-center.st.com
2026-06-24 18:51:24,951 [ERROR] ConfigurationRetriever:142 - IOException on connection: sw-center.st.com
2026-06-24 18:51:25,742 [ERROR] ConfigurationRetriever:142 - IOException on connection: sw-center.st.com
2026-06-24 18:51:25,744 [ERROR] ConfigurationRetriever:142 - IOException on connection: sw-center.st.com
2026-06-24 18:51:25,748 [ERROR] ConfigurationRetriever:142 - IOException on connection: sw-center.st.com
2026-06-24 18:52:30,841 [ERROR] ConfigurationRetriever:142 - IOException on connection: sw-center.st.com
2026-06-24 18:52:30,846 [ERROR] ConfigurationRetriever:142 - IOException on connection: sw-center.st.com
2026-06-24 18:52:30,847 [ERROR] ConfigurationRetriever:142 - IOException on connection: sw-center.st.com
2026-06-24 18:52:53,914 [INFO] LogOutputStream:77 - [STDOUT_REDIRECT] StartTraceHandler.execute(), success : Collect=false
2026-06-24 18:52:56,351 [INFO] LogOutputStream:77 - [STDOUT_REDIRECT] StartTraceHandler.execute(), success : Collect=true
2026-06-24 19:18:19,523 [ERROR] ConfigurationRetriever:142 - IOException on connection: sw-center.st.com
2026-06-24 19:18:19,533 [ERROR] ConfigurationRetriever:142 - IOException on connection: sw-center.st.com
2026-06-24 19:18:19,535 [ERROR] ConfigurationRetriever:142 - IOException on connection: sw-center.st.com
